{"D:\\solo\\vue-store\\src\\globalStore.ts": {"path":"D:\\solo\\vue-store\\src\\globalStore.ts","all":false,"statementMap":{"0":{"start":{"line":1,"column":0},"end":{"line":1,"column":13}},"1":{"start":{"line":2,"column":0},"end":{"line":2,"column":8}},"2":{"start":{"line":3,"column":0},"end":{"line":3,"column":10}},"3":{"start":{"line":4,"column":0},"end":{"line":4,"column":16}},"4":{"start":{"line":5,"column":0},"end":{"line":5,"column":14}},"5":{"start":{"line":6,"column":0},"end":{"line":6,"column":16}},"6":{"start":{"line":7,"column":0},"end":{"line":7,"column":14}},"7":{"start":{"line":8,"column":0},"end":{"line":8,"column":18}},"8":{"start":{"line":9,"column":0},"end":{"line":9,"column":10}},"9":{"start":{"line":10,"column":0},"end":{"line":10,"column":16}},"10":{"start":{"line":11,"column":0},"end":{"line":11,"column":31}},"11":{"start":{"line":12,"column":0},"end":{"line":12,"column":0}},"12":{"start":{"line":13,"column":0},"end":{"line":13,"column":46}},"13":{"start":{"line":14,"column":0},"end":{"line":14,"column":45}},"14":{"start":{"line":15,"column":0},"end":{"line":15,"column":83}},"15":{"start":{"line":16,"column":0},"end":{"line":16,"column":77}},"16":{"start":{"line":17,"column":0},"end":{"line":17,"column":0}},"17":{"start":{"line":18,"column":0},"end":{"line":18,"column":11}},"18":{"start":{"line":19,"column":0},"end":{"line":19,"column":20}},"19":{"start":{"line":20,"column":0},"end":{"line":20,"column":25}},"20":{"start":{"line":21,"column":0},"end":{"line":21,"column":20}},"21":{"start":{"line":22,"column":0},"end":{"line":22,"column":57}},"22":{"start":{"line":23,"column":0},"end":{"line":23,"column":48}},"23":{"start":{"line":24,"column":0},"end":{"line":24,"column":88}},"24":{"start":{"line":25,"column":0},"end":{"line":25,"column":5}},"25":{"start":{"line":26,"column":0},"end":{"line":26,"column":0}},"26":{"start":{"line":27,"column":0},"end":{"line":27,"column":28}},"27":{"start":{"line":28,"column":0},"end":{"line":28,"column":79}},"28":{"start":{"line":29,"column":0},"end":{"line":29,"column":0}},"29":{"start":{"line":30,"column":0},"end":{"line":30,"column":39}},"30":{"start":{"line":31,"column":0},"end":{"line":31,"column":58}},"31":{"start":{"line":32,"column":0},"end":{"line":32,"column":46}},"32":{"start":{"line":33,"column":0},"end":{"line":33,"column":66}},"33":{"start":{"line":34,"column":0},"end":{"line":34,"column":7}},"34":{"start":{"line":35,"column":0},"end":{"line":35,"column":0}},"35":{"start":{"line":36,"column":0},"end":{"line":36,"column":74}},"36":{"start":{"line":37,"column":0},"end":{"line":37,"column":5}},"37":{"start":{"line":38,"column":0},"end":{"line":38,"column":0}},"38":{"start":{"line":39,"column":0},"end":{"line":39,"column":51}},"39":{"start":{"line":40,"column":0},"end":{"line":40,"column":0}},"40":{"start":{"line":41,"column":0},"end":{"line":41,"column":19}},"41":{"start":{"line":42,"column":0},"end":{"line":42,"column":3}},"42":{"start":{"line":43,"column":0},"end":{"line":43,"column":0}},"43":{"start":{"line":44,"column":0},"end":{"line":44,"column":74}},"44":{"start":{"line":45,"column":0},"end":{"line":45,"column":49}},"45":{"start":{"line":46,"column":0},"end":{"line":46,"column":18}},"46":{"start":{"line":47,"column":0},"end":{"line":47,"column":27}},"47":{"start":{"line":48,"column":0},"end":{"line":48,"column":5}},"48":{"start":{"line":49,"column":0},"end":{"line":49,"column":20}},"49":{"start":{"line":50,"column":0},"end":{"line":50,"column":3}},"50":{"start":{"line":51,"column":0},"end":{"line":51,"column":0}},"51":{"start":{"line":52,"column":0},"end":{"line":52,"column":30}},"52":{"start":{"line":53,"column":0},"end":{"line":53,"column":40}},"53":{"start":{"line":54,"column":0},"end":{"line":54,"column":3}},"54":{"start":{"line":55,"column":0},"end":{"line":55,"column":0}},"55":{"start":{"line":56,"column":0},"end":{"line":56,"column":20}},"56":{"start":{"line":57,"column":0},"end":{"line":57,"column":49}},"57":{"start":{"line":58,"column":0},"end":{"line":58,"column":3}},"58":{"start":{"line":59,"column":0},"end":{"line":59,"column":0}},"59":{"start":{"line":60,"column":0},"end":{"line":60,"column":29}},"60":{"start":{"line":61,"column":0},"end":{"line":61,"column":48}},"61":{"start":{"line":62,"column":0},"end":{"line":62,"column":28}},"62":{"start":{"line":63,"column":0},"end":{"line":63,"column":34}},"63":{"start":{"line":64,"column":0},"end":{"line":64,"column":0}},"64":{"start":{"line":65,"column":0},"end":{"line":65,"column":44}},"65":{"start":{"line":66,"column":0},"end":{"line":66,"column":38}},"66":{"start":{"line":67,"column":0},"end":{"line":67,"column":30}},"67":{"start":{"line":68,"column":0},"end":{"line":68,"column":51}},"68":{"start":{"line":69,"column":0},"end":{"line":69,"column":63}},"69":{"start":{"line":70,"column":0},"end":{"line":70,"column":6}},"70":{"start":{"line":71,"column":0},"end":{"line":71,"column":0}},"71":{"start":{"line":72,"column":0},"end":{"line":72,"column":12}},"72":{"start":{"line":73,"column":0},"end":{"line":73,"column":13}},"73":{"start":{"line":74,"column":0},"end":{"line":74,"column":38}},"74":{"start":{"line":75,"column":0},"end":{"line":75,"column":23}},"75":{"start":{"line":76,"column":0},"end":{"line":76,"column":28}},"76":{"start":{"line":77,"column":0},"end":{"line":77,"column":5}},"77":{"start":{"line":78,"column":0},"end":{"line":78,"column":3}},"78":{"start":{"line":79,"column":0},"end":{"line":79,"column":0}},"79":{"start":{"line":80,"column":0},"end":{"line":80,"column":19}},"80":{"start":{"line":81,"column":0},"end":{"line":81,"column":38}},"81":{"start":{"line":82,"column":0},"end":{"line":82,"column":22}},"82":{"start":{"line":83,"column":0},"end":{"line":83,"column":6}},"83":{"start":{"line":84,"column":0},"end":{"line":84,"column":25}},"84":{"start":{"line":85,"column":0},"end":{"line":85,"column":31}},"85":{"start":{"line":86,"column":0},"end":{"line":86,"column":31}},"86":{"start":{"line":87,"column":0},"end":{"line":87,"column":3}},"87":{"start":{"line":88,"column":0},"end":{"line":88,"column":1}},"88":{"start":{"line":89,"column":0},"end":{"line":89,"column":0}},"89":{"start":{"line":90,"column":0},"end":{"line":90,"column":41}},"90":{"start":{"line":91,"column":0},"end":{"line":91,"column":0}},"91":{"start":{"line":92,"column":0},"end":{"line":92,"column":50}},"92":{"start":{"line":93,"column":0},"end":{"line":93,"column":30}},"93":{"start":{"line":94,"column":0},"end":{"line":94,"column":1}},"94":{"start":{"line":95,"column":0},"end":{"line":95,"column":0}},"95":{"start":{"line":96,"column":0},"end":{"line":96,"column":28}},"96":{"start":{"line":97,"column":0},"end":{"line":97,"column":18}},"97":{"start":{"line":98,"column":0},"end":{"line":98,"column":23}},"98":{"start":{"line":99,"column":0},"end":{"line":99,"column":18}},"99":{"start":{"line":100,"column":0},"end":{"line":100,"column":55}},"100":{"start":{"line":101,"column":0},"end":{"line":101,"column":38}},"101":{"start":{"line":102,"column":0},"end":{"line":102,"column":1}},"102":{"start":{"line":103,"column":0},"end":{"line":103,"column":0}},"103":{"start":{"line":104,"column":0},"end":{"line":104,"column":93}},"104":{"start":{"line":105,"column":0},"end":{"line":105,"column":33}},"105":{"start":{"line":106,"column":0},"end":{"line":106,"column":1}},"106":{"start":{"line":107,"column":0},"end":{"line":107,"column":0}},"107":{"start":{"line":108,"column":0},"end":{"line":108,"column":49}},"108":{"start":{"line":109,"column":0},"end":{"line":109,"column":30}},"109":{"start":{"line":110,"column":0},"end":{"line":110,"column":1}},"110":{"start":{"line":111,"column":0},"end":{"line":111,"column":0}},"111":{"start":{"line":112,"column":0},"end":{"line":112,"column":40}},"112":{"start":{"line":113,"column":0},"end":{"line":113,"column":27}},"113":{"start":{"line":114,"column":0},"end":{"line":114,"column":1}},"114":{"start":{"line":115,"column":0},"end":{"line":115,"column":0}},"115":{"start":{"line":116,"column":0},"end":{"line":116,"column":48}},"116":{"start":{"line":117,"column":0},"end":{"line":117,"column":29}},"117":{"start":{"line":118,"column":0},"end":{"line":118,"column":1}},"118":{"start":{"line":119,"column":0},"end":{"line":119,"column":0}},"119":{"start":{"line":120,"column":0},"end":{"line":120,"column":42}},"120":{"start":{"line":121,"column":0},"end":{"line":121,"column":23}},"121":{"start":{"line":122,"column":0},"end":{"line":122,"column":1}},"122":{"start":{"line":123,"column":0},"end":{"line":123,"column":0}},"123":{"start":{"line":124,"column":0},"end":{"line":124,"column":26}}},"s":{"0":1,"1":1,"2":1,"3":1,"4":1,"5":1,"6":1,"7":1,"8":1,"9":1,"10":1,"11":1,"12":7,"13":7,"14":7,"15":7,"16":7,"17":7,"18":27,"19":27,"20":27,"21":27,"22":27,"23":1,"24":1,"25":26,"26":26,"27":28,"28":28,"29":28,"30":21,"31":21,"32":21,"33":21,"34":28,"35":28,"36":28,"37":26,"38":26,"39":26,"40":26,"41":27,"42":7,"43":7,"44":9,"45":9,"46":8,"47":8,"48":1,"49":9,"50":7,"51":7,"52":5,"53":5,"54":7,"55":7,"56":3,"57":3,"58":7,"59":7,"60":2,"61":2,"62":2,"63":2,"64":2,"65":2,"66":2,"67":2,"68":2,"69":2,"70":2,"71":2,"72":2,"73":2,"74":2,"75":2,"76":2,"77":2,"78":7,"79":7,"80":46,"81":17,"82":46,"83":46,"84":46,"85":46,"86":46,"87":7,"88":1,"89":1,"90":1,"91":1,"92":6,"93":6,"94":1,"95":1,"96":22,"97":22,"98":22,"99":22,"100":22,"101":22,"102":1,"103":1,"104":9,"105":9,"106":1,"107":1,"108":3,"109":3,"110":1,"111":1,"112":3,"113":3,"114":1,"115":1,"116":2,"117":2,"118":1,"119":1,"120":45,"121":45,"122":1,"123":1},"branchMap":{"0":{"type":"branch","line":13,"loc":{"start":{"line":13,"column":0},"end":{"line":88,"column":1}},"locations":[{"start":{"line":13,"column":0},"end":{"line":88,"column":1}}]},"1":{"type":"branch","line":18,"loc":{"start":{"line":18,"column":2},"end":{"line":42,"column":3}},"locations":[{"start":{"line":18,"column":2},"end":{"line":42,"column":3}}]},"2":{"type":"branch","line":23,"loc":{"start":{"line":23,"column":47},"end":{"line":25,"column":5}},"locations":[{"start":{"line":23,"column":47},"end":{"line":25,"column":5}}]},"3":{"type":"branch","line":25,"loc":{"start":{"line":25,"column":4},"end":{"line":41,"column":19}},"locations":[{"start":{"line":25,"column":4},"end":{"line":41,"column":19}}]},"4":{"type":"branch","line":27,"loc":{"start":{"line":27,"column":21},"end":{"line":37,"column":5}},"locations":[{"start":{"line":27,"column":21},"end":{"line":37,"column":5}}]},"5":{"type":"branch","line":30,"loc":{"start":{"line":30,"column":11},"end":{"line":30,"column":38}},"locations":[{"start":{"line":30,"column":11},"end":{"line":30,"column":38}}]},"6":{"type":"branch","line":30,"loc":{"start":{"line":30,"column":38},"end":{"line":34,"column":7}},"locations":[{"start":{"line":30,"column":38},"end":{"line":34,"column":7}}]},"7":{"type":"branch","line":44,"loc":{"start":{"line":44,"column":2},"end":{"line":50,"column":3}},"locations":[{"start":{"line":44,"column":2},"end":{"line":50,"column":3}}]},"8":{"type":"branch","line":46,"loc":{"start":{"line":46,"column":17},"end":{"line":48,"column":5}},"locations":[{"start":{"line":46,"column":17},"end":{"line":48,"column":5}}]},"9":{"type":"branch","line":48,"loc":{"start":{"line":48,"column":4},"end":{"line":49,"column":20}},"locations":[{"start":{"line":48,"column":4},"end":{"line":49,"column":20}}]},"10":{"type":"branch","line":52,"loc":{"start":{"line":52,"column":2},"end":{"line":54,"column":3}},"locations":[{"start":{"line":52,"column":2},"end":{"line":54,"column":3}}]},"11":{"type":"branch","line":56,"loc":{"start":{"line":56,"column":2},"end":{"line":58,"column":3}},"locations":[{"start":{"line":56,"column":2},"end":{"line":58,"column":3}}]},"12":{"type":"branch","line":60,"loc":{"start":{"line":60,"column":2},"end":{"line":78,"column":3}},"locations":[{"start":{"line":60,"column":2},"end":{"line":78,"column":3}}]},"13":{"type":"branch","line":65,"loc":{"start":{"line":65,"column":26},"end":{"line":70,"column":5}},"locations":[{"start":{"line":65,"column":26},"end":{"line":70,"column":5}}]},"14":{"type":"branch","line":80,"loc":{"start":{"line":80,"column":2},"end":{"line":87,"column":3}},"locations":[{"start":{"line":80,"column":2},"end":{"line":87,"column":3}}]},"15":{"type":"branch","line":81,"loc":{"start":{"line":81,"column":26},"end":{"line":83,"column":5}},"locations":[{"start":{"line":81,"column":26},"end":{"line":83,"column":5}}]},"16":{"type":"branch","line":92,"loc":{"start":{"line":92,"column":7},"end":{"line":94,"column":1}},"locations":[{"start":{"line":92,"column":7},"end":{"line":94,"column":1}}]},"17":{"type":"branch","line":96,"loc":{"start":{"line":96,"column":7},"end":{"line":102,"column":1}},"locations":[{"start":{"line":96,"column":7},"end":{"line":102,"column":1}}]},"18":{"type":"branch","line":104,"loc":{"start":{"line":104,"column":7},"end":{"line":106,"column":1}},"locations":[{"start":{"line":104,"column":7},"end":{"line":106,"column":1}}]},"19":{"type":"branch","line":108,"loc":{"start":{"line":108,"column":7},"end":{"line":110,"column":1}},"locations":[{"start":{"line":108,"column":7},"end":{"line":110,"column":1}}]},"20":{"type":"branch","line":112,"loc":{"start":{"line":112,"column":7},"end":{"line":114,"column":1}},"locations":[{"start":{"line":112,"column":7},"end":{"line":114,"column":1}}]},"21":{"type":"branch","line":116,"loc":{"start":{"line":116,"column":7},"end":{"line":118,"column":1}},"locations":[{"start":{"line":116,"column":7},"end":{"line":118,"column":1}}]},"22":{"type":"branch","line":120,"loc":{"start":{"line":120,"column":7},"end":{"line":122,"column":1}},"locations":[{"start":{"line":120,"column":7},"end":{"line":122,"column":1}}]}},"b":{"0":[7],"1":[27],"2":[1],"3":[26],"4":[28],"5":[7],"6":[21],"7":[9],"8":[8],"9":[1],"10":[5],"11":[3],"12":[2],"13":[2],"14":[46],"15":[17],"16":[6],"17":[22],"18":[9],"19":[3],"20":[3],"21":[2],"22":[45]},"fnMap":{"0":{"name":"<instance_members_initializer>","decl":{"start":{"line":13,"column":0},"end":{"line":88,"column":1}},"loc":{"start":{"line":13,"column":0},"end":{"line":88,"column":1}},"line":13},"1":{"name":"register","decl":{"start":{"line":18,"column":2},"end":{"line":42,"column":3}},"loc":{"start":{"line":18,"column":2},"end":{"line":42,"column":3}},"line":18},"2":{"name":"useStore","decl":{"start":{"line":27,"column":21},"end":{"line":37,"column":5}},"loc":{"start":{"line":27,"column":21},"end":{"line":37,"column":5}},"line":27},"3":{"name":"get","decl":{"start":{"line":44,"column":2},"end":{"line":50,"column":3}},"loc":{"start":{"line":44,"column":2},"end":{"line":50,"column":3}},"line":44},"4":{"name":"has","decl":{"start":{"line":52,"column":2},"end":{"line":54,"column":3}},"loc":{"start":{"line":52,"column":2},"end":{"line":54,"column":3}},"line":52},"5":{"name":"list","decl":{"start":{"line":56,"column":2},"end":{"line":58,"column":3}},"loc":{"start":{"line":56,"column":2},"end":{"line":58,"column":3}},"line":56},"6":{"name":"$debug","decl":{"start":{"line":60,"column":2},"end":{"line":78,"column":3}},"loc":{"start":{"line":60,"column":2},"end":{"line":78,"column":3}},"line":60},"7":{"name":"dispose","decl":{"start":{"line":80,"column":2},"end":{"line":87,"column":3}},"loc":{"start":{"line":80,"column":2},"end":{"line":87,"column":3}},"line":80},"8":{"name":"createGlobalStore","decl":{"start":{"line":92,"column":7},"end":{"line":94,"column":1}},"loc":{"start":{"line":92,"column":7},"end":{"line":94,"column":1}},"line":92},"9":{"name":"defineStore","decl":{"start":{"line":96,"column":7},"end":{"line":102,"column":1}},"loc":{"start":{"line":96,"column":7},"end":{"line":102,"column":1}},"line":96},"10":{"name":"getStore","decl":{"start":{"line":104,"column":7},"end":{"line":106,"column":1}},"loc":{"start":{"line":104,"column":7},"end":{"line":106,"column":1}},"line":104},"11":{"name":"hasStore","decl":{"start":{"line":108,"column":7},"end":{"line":110,"column":1}},"loc":{"start":{"line":108,"column":7},"end":{"line":110,"column":1}},"line":108},"12":{"name":"listStores","decl":{"start":{"line":112,"column":7},"end":{"line":114,"column":1}},"loc":{"start":{"line":112,"column":7},"end":{"line":114,"column":1}},"line":112},"13":{"name":"debugStores","decl":{"start":{"line":116,"column":7},"end":{"line":118,"column":1}},"loc":{"start":{"line":116,"column":7},"end":{"line":118,"column":1}},"line":116},"14":{"name":"disposeAllStores","decl":{"start":{"line":120,"column":7},"end":{"line":122,"column":1}},"loc":{"start":{"line":120,"column":7},"end":{"line":122,"column":1}},"line":120}},"f":{"0":7,"1":27,"2":28,"3":9,"4":5,"5":3,"6":2,"7":46,"8":6,"9":22,"10":9,"11":3,"12":3,"13":2,"14":45}}
,"D:\\solo\\vue-store\\src\\observable.ts": {"path":"D:\\solo\\vue-store\\src\\observable.ts","all":false,"statementMap":{"0":{"start":{"line":1,"column":0},"end":{"line":1,"column":13}},"1":{"start":{"line":2,"column":0},"end":{"line":2,"column":8}},"2":{"start":{"line":3,"column":0},"end":{"line":3,"column":10}},"3":{"start":{"line":4,"column":0},"end":{"line":4,"column":18}},"4":{"start":{"line":5,"column":0},"end":{"line":5,"column":15}},"5":{"start":{"line":6,"column":0},"end":{"line":6,"column":13}},"6":{"start":{"line":7,"column":0},"end":{"line":7,"column":23}},"7":{"start":{"line":8,"column":0},"end":{"line":8,"column":17}},"8":{"start":{"line":9,"column":0},"end":{"line":9,"column":19}},"9":{"start":{"line":10,"column":0},"end":{"line":10,"column":16}},"10":{"start":{"line":11,"column":0},"end":{"line":11,"column":16}},"11":{"start":{"line":12,"column":0},"end":{"line":12,"column":0}},"12":{"start":{"line":13,"column":0},"end":{"line":13,"column":23}},"13":{"start":{"line":14,"column":0},"end":{"line":14,"column":13}},"14":{"start":{"line":15,"column":0},"end":{"line":15,"column":15}},"15":{"start":{"line":16,"column":0},"end":{"line":16,"column":19}},"16":{"start":{"line":17,"column":0},"end":{"line":17,"column":1}},"17":{"start":{"line":18,"column":0},"end":{"line":18,"column":0}},"18":{"start":{"line":19,"column":0},"end":{"line":19,"column":29}},"19":{"start":{"line":20,"column":0},"end":{"line":20,"column":18}},"20":{"start":{"line":21,"column":0},"end":{"line":21,"column":23}},"21":{"start":{"line":22,"column":0},"end":{"line":22,"column":18}},"22":{"start":{"line":23,"column":0},"end":{"line":23,"column":3}},"23":{"start":{"line":24,"column":0},"end":{"line":24,"column":73}},"24":{"start":{"line":25,"column":0},"end":{"line":25,"column":70}},"25":{"start":{"line":26,"column":0},"end":{"line":26,"column":49}},"26":{"start":{"line":27,"column":0},"end":{"line":27,"column":70}},"27":{"start":{"line":28,"column":0},"end":{"line":28,"column":30}},"28":{"start":{"line":29,"column":0},"end":{"line":29,"column":29}},"29":{"start":{"line":30,"column":0},"end":{"line":30,"column":0}},"30":{"start":{"line":31,"column":0},"end":{"line":31,"column":43}},"31":{"start":{"line":32,"column":0},"end":{"line":32,"column":0}},"32":{"start":{"line":33,"column":0},"end":{"line":33,"column":17}},"33":{"start":{"line":34,"column":0},"end":{"line":34,"column":63}},"34":{"start":{"line":35,"column":0},"end":{"line":35,"column":12}},"35":{"start":{"line":36,"column":0},"end":{"line":36,"column":11}},"36":{"start":{"line":37,"column":0},"end":{"line":37,"column":32}},"37":{"start":{"line":38,"column":0},"end":{"line":38,"column":0}},"38":{"start":{"line":39,"column":0},"end":{"line":39,"column":43}},"39":{"start":{"line":40,"column":0},"end":{"line":40,"column":18}},"40":{"start":{"line":41,"column":0},"end":{"line":41,"column":32}},"41":{"start":{"line":42,"column":0},"end":{"line":42,"column":27}},"42":{"start":{"line":43,"column":0},"end":{"line":43,"column":5}},"43":{"start":{"line":44,"column":0},"end":{"line":44,"column":0}},"44":{"start":{"line":45,"column":0},"end":{"line":45,"column":43}},"45":{"start":{"line":46,"column":0},"end":{"line":46,"column":60}},"46":{"start":{"line":47,"column":0},"end":{"line":47,"column":34}},"47":{"start":{"line":48,"column":0},"end":{"line":48,"column":5}},"48":{"start":{"line":49,"column":0},"end":{"line":49,"column":0}},"49":{"start":{"line":50,"column":0},"end":{"line":50,"column":46}},"50":{"start":{"line":51,"column":0},"end":{"line":51,"column":11}},"51":{"start":{"line":52,"column":0},"end":{"line":52,"column":46}},"52":{"start":{"line":53,"column":0},"end":{"line":53,"column":28}},"53":{"start":{"line":54,"column":0},"end":{"line":54,"column":43}},"54":{"start":{"line":55,"column":0},"end":{"line":55,"column":9}},"55":{"start":{"line":56,"column":0},"end":{"line":56,"column":19}},"56":{"start":{"line":57,"column":0},"end":{"line":57,"column":84}},"57":{"start":{"line":58,"column":0},"end":{"line":58,"column":7}},"58":{"start":{"line":59,"column":0},"end":{"line":59,"column":5}},"59":{"start":{"line":60,"column":0},"end":{"line":60,"column":3}},"60":{"start":{"line":61,"column":0},"end":{"line":61,"column":0}},"61":{"start":{"line":62,"column":0},"end":{"line":62,"column":42}},"62":{"start":{"line":63,"column":0},"end":{"line":63,"column":26}},"63":{"start":{"line":64,"column":0},"end":{"line":64,"column":34}},"64":{"start":{"line":65,"column":0},"end":{"line":65,"column":34}},"65":{"start":{"line":66,"column":0},"end":{"line":66,"column":5}},"66":{"start":{"line":67,"column":0},"end":{"line":67,"column":27}},"67":{"start":{"line":68,"column":0},"end":{"line":68,"column":14}},"68":{"start":{"line":69,"column":0},"end":{"line":69,"column":21}},"69":{"start":{"line":70,"column":0},"end":{"line":70,"column":20}},"70":{"start":{"line":71,"column":0},"end":{"line":71,"column":36}},"71":{"start":{"line":72,"column":0},"end":{"line":72,"column":26}},"72":{"start":{"line":73,"column":0},"end":{"line":73,"column":27}},"73":{"start":{"line":74,"column":0},"end":{"line":74,"column":10}},"74":{"start":{"line":75,"column":0},"end":{"line":75,"column":26}},"75":{"start":{"line":76,"column":0},"end":{"line":76,"column":24}},"76":{"start":{"line":77,"column":0},"end":{"line":77,"column":7}},"77":{"start":{"line":78,"column":0},"end":{"line":78,"column":5}},"78":{"start":{"line":79,"column":0},"end":{"line":79,"column":0}},"79":{"start":{"line":80,"column":0},"end":{"line":80,"column":59}},"80":{"start":{"line":81,"column":0},"end":{"line":81,"column":60}},"81":{"start":{"line":82,"column":0},"end":{"line":82,"column":0}},"82":{"start":{"line":83,"column":0},"end":{"line":83,"column":36}},"83":{"start":{"line":84,"column":0},"end":{"line":84,"column":16}},"84":{"start":{"line":85,"column":0},"end":{"line":85,"column":32}},"85":{"start":{"line":86,"column":0},"end":{"line":86,"column":51}},"86":{"start":{"line":87,"column":0},"end":{"line":87,"column":37}},"87":{"start":{"line":88,"column":0},"end":{"line":88,"column":8}},"88":{"start":{"line":89,"column":0},"end":{"line":89,"column":54}},"89":{"start":{"line":90,"column":0},"end":{"line":90,"column":37}},"90":{"start":{"line":91,"column":0},"end":{"line":91,"column":7}},"91":{"start":{"line":92,"column":0},"end":{"line":92,"column":5}},"92":{"start":{"line":93,"column":0},"end":{"line":93,"column":0}},"93":{"start":{"line":94,"column":0},"end":{"line":94,"column":76}},"94":{"start":{"line":95,"column":0},"end":{"line":95,"column":24}},"95":{"start":{"line":96,"column":0},"end":{"line":96,"column":29}},"96":{"start":{"line":97,"column":0},"end":{"line":97,"column":27}},"97":{"start":{"line":98,"column":0},"end":{"line":98,"column":5}},"98":{"start":{"line":99,"column":0},"end":{"line":99,"column":0}},"99":{"start":{"line":100,"column":0},"end":{"line":100,"column":41}},"100":{"start":{"line":101,"column":0},"end":{"line":101,"column":58}},"101":{"start":{"line":102,"column":0},"end":{"line":102,"column":32}},"102":{"start":{"line":103,"column":0},"end":{"line":103,"column":5}},"103":{"start":{"line":104,"column":0},"end":{"line":104,"column":0}},"104":{"start":{"line":105,"column":0},"end":{"line":105,"column":52}},"105":{"start":{"line":106,"column":0},"end":{"line":106,"column":11}},"106":{"start":{"line":107,"column":0},"end":{"line":107,"column":37}},"107":{"start":{"line":108,"column":0},"end":{"line":108,"column":0}},"108":{"start":{"line":109,"column":0},"end":{"line":109,"column":28}},"109":{"start":{"line":110,"column":0},"end":{"line":110,"column":49}},"110":{"start":{"line":111,"column":0},"end":{"line":111,"column":9}},"111":{"start":{"line":112,"column":0},"end":{"line":112,"column":19}},"112":{"start":{"line":113,"column":0},"end":{"line":113,"column":91}},"113":{"start":{"line":114,"column":0},"end":{"line":114,"column":7}},"114":{"start":{"line":115,"column":0},"end":{"line":115,"column":5}},"115":{"start":{"line":116,"column":0},"end":{"line":116,"column":0}},"116":{"start":{"line":117,"column":0},"end":{"line":117,"column":38}},"117":{"start":{"line":118,"column":0},"end":{"line":118,"column":34}},"118":{"start":{"line":119,"column":0},"end":{"line":119,"column":46}},"119":{"start":{"line":120,"column":0},"end":{"line":120,"column":13}},"120":{"start":{"line":121,"column":0},"end":{"line":121,"column":26}},"121":{"start":{"line":122,"column":0},"end":{"line":122,"column":21}},"122":{"start":{"line":123,"column":0},"end":{"line":123,"column":97}},"123":{"start":{"line":124,"column":0},"end":{"line":124,"column":9}},"124":{"start":{"line":125,"column":0},"end":{"line":125,"column":7}},"125":{"start":{"line":126,"column":0},"end":{"line":126,"column":5}},"126":{"start":{"line":127,"column":0},"end":{"line":127,"column":0}},"127":{"start":{"line":128,"column":0},"end":{"line":128,"column":38}},"128":{"start":{"line":129,"column":0},"end":{"line":129,"column":32}},"129":{"start":{"line":130,"column":0},"end":{"line":130,"column":46}},"130":{"start":{"line":131,"column":0},"end":{"line":131,"column":13}},"131":{"start":{"line":132,"column":0},"end":{"line":132,"column":25}},"132":{"start":{"line":133,"column":0},"end":{"line":133,"column":21}},"133":{"start":{"line":134,"column":0},"end":{"line":134,"column":97}},"134":{"start":{"line":135,"column":0},"end":{"line":135,"column":9}},"135":{"start":{"line":136,"column":0},"end":{"line":136,"column":7}},"136":{"start":{"line":137,"column":0},"end":{"line":137,"column":5}},"137":{"start":{"line":138,"column":0},"end":{"line":138,"column":0}},"138":{"start":{"line":139,"column":0},"end":{"line":139,"column":54}},"139":{"start":{"line":140,"column":0},"end":{"line":140,"column":3}},"140":{"start":{"line":141,"column":0},"end":{"line":141,"column":0}},"141":{"start":{"line":142,"column":0},"end":{"line":142,"column":12}},"142":{"start":{"line":143,"column":0},"end":{"line":143,"column":38}},"143":{"start":{"line":144,"column":0},"end":{"line":144,"column":34}},"144":{"start":{"line":145,"column":0},"end":{"line":145,"column":17}},"145":{"start":{"line":146,"column":0},"end":{"line":146,"column":27}},"146":{"start":{"line":147,"column":0},"end":{"line":147,"column":21}},"147":{"start":{"line":148,"column":0},"end":{"line":148,"column":5}},"148":{"start":{"line":149,"column":0},"end":{"line":149,"column":0}},"149":{"start":{"line":150,"column":0},"end":{"line":150,"column":57}},"150":{"start":{"line":151,"column":0},"end":{"line":151,"column":15}},"151":{"start":{"line":152,"column":0},"end":{"line":152,"column":34}},"152":{"start":{"line":153,"column":0},"end":{"line":153,"column":41}},"153":{"start":{"line":154,"column":0},"end":{"line":154,"column":5}},"154":{"start":{"line":155,"column":0},"end":{"line":155,"column":0}},"155":{"start":{"line":156,"column":0},"end":{"line":156,"column":34}},"156":{"start":{"line":157,"column":0},"end":{"line":157,"column":0}},"157":{"start":{"line":158,"column":0},"end":{"line":158,"column":18}},"158":{"start":{"line":159,"column":0},"end":{"line":159,"column":39}},"159":{"start":{"line":160,"column":0},"end":{"line":160,"column":5}},"160":{"start":{"line":161,"column":0},"end":{"line":161,"column":3}},"161":{"start":{"line":162,"column":0},"end":{"line":162,"column":0}},"162":{"start":{"line":163,"column":0},"end":{"line":163,"column":11}},"163":{"start":{"line":164,"column":0},"end":{"line":164,"column":29}},"164":{"start":{"line":165,"column":0},"end":{"line":165,"column":34}},"165":{"start":{"line":166,"column":0},"end":{"line":166,"column":17}},"166":{"start":{"line":167,"column":0},"end":{"line":167,"column":27}},"167":{"start":{"line":168,"column":0},"end":{"line":168,"column":21}},"168":{"start":{"line":169,"column":0},"end":{"line":169,"column":5}},"169":{"start":{"line":170,"column":0},"end":{"line":170,"column":0}},"170":{"start":{"line":171,"column":0},"end":{"line":171,"column":48}},"171":{"start":{"line":172,"column":0},"end":{"line":172,"column":15}},"172":{"start":{"line":173,"column":0},"end":{"line":173,"column":34}},"173":{"start":{"line":174,"column":0},"end":{"line":174,"column":41}},"174":{"start":{"line":175,"column":0},"end":{"line":175,"column":5}},"175":{"start":{"line":176,"column":0},"end":{"line":176,"column":0}},"176":{"start":{"line":177,"column":0},"end":{"line":177,"column":40}},"177":{"start":{"line":178,"column":0},"end":{"line":178,"column":0}},"178":{"start":{"line":179,"column":0},"end":{"line":179,"column":18}},"179":{"start":{"line":180,"column":0},"end":{"line":180,"column":45}},"180":{"start":{"line":181,"column":0},"end":{"line":181,"column":5}},"181":{"start":{"line":182,"column":0},"end":{"line":182,"column":3}},"182":{"start":{"line":183,"column":0},"end":{"line":183,"column":0}},"183":{"start":{"line":184,"column":0},"end":{"line":184,"column":15}},"184":{"start":{"line":185,"column":0},"end":{"line":185,"column":13}},"185":{"start":{"line":186,"column":0},"end":{"line":186,"column":16}},"186":{"start":{"line":187,"column":0},"end":{"line":187,"column":30}},"187":{"start":{"line":188,"column":0},"end":{"line":188,"column":12}},"188":{"start":{"line":189,"column":0},"end":{"line":189,"column":27}},"189":{"start":{"line":190,"column":0},"end":{"line":190,"column":47}},"190":{"start":{"line":191,"column":0},"end":{"line":191,"column":51}},"191":{"start":{"line":192,"column":0},"end":{"line":192,"column":45}},"192":{"start":{"line":193,"column":0},"end":{"line":193,"column":49}},"193":{"start":{"line":194,"column":0},"end":{"line":194,"column":45}},"194":{"start":{"line":195,"column":0},"end":{"line":195,"column":57}},"195":{"start":{"line":196,"column":0},"end":{"line":196,"column":34}},"196":{"start":{"line":197,"column":0},"end":{"line":197,"column":5}},"197":{"start":{"line":198,"column":0},"end":{"line":198,"column":3}},"198":{"start":{"line":199,"column":0},"end":{"line":199,"column":0}},"199":{"start":{"line":200,"column":0},"end":{"line":200,"column":24}},"200":{"start":{"line":201,"column":0},"end":{"line":201,"column":29}},"201":{"start":{"line":202,"column":0},"end":{"line":202,"column":27}},"202":{"start":{"line":203,"column":0},"end":{"line":203,"column":3}},"203":{"start":{"line":204,"column":0},"end":{"line":204,"column":0}},"204":{"start":{"line":205,"column":0},"end":{"line":205,"column":19}},"205":{"start":{"line":206,"column":0},"end":{"line":206,"column":27}},"206":{"start":{"line":207,"column":0},"end":{"line":207,"column":28}},"207":{"start":{"line":208,"column":0},"end":{"line":208,"column":34}},"208":{"start":{"line":209,"column":0},"end":{"line":209,"column":23}},"209":{"start":{"line":210,"column":0},"end":{"line":210,"column":3}},"210":{"start":{"line":211,"column":0},"end":{"line":211,"column":0}},"211":{"start":{"line":212,"column":0},"end":{"line":212,"column":25}},"212":{"start":{"line":213,"column":0},"end":{"line":213,"column":27}},"213":{"start":{"line":214,"column":0},"end":{"line":214,"column":3}},"214":{"start":{"line":215,"column":0},"end":{"line":215,"column":0}},"215":{"start":{"line":216,"column":0},"end":{"line":216,"column":29}},"216":{"start":{"line":217,"column":0},"end":{"line":217,"column":32}},"217":{"start":{"line":218,"column":0},"end":{"line":218,"column":3}},"218":{"start":{"line":219,"column":0},"end":{"line":219,"column":0}},"219":{"start":{"line":220,"column":0},"end":{"line":220,"column":35}},"220":{"start":{"line":221,"column":0},"end":{"line":221,"column":38}},"221":{"start":{"line":222,"column":0},"end":{"line":222,"column":3}},"222":{"start":{"line":223,"column":0},"end":{"line":223,"column":1}}},"s":{"0":1,"1":1,"2":1,"3":1,"4":1,"5":1,"6":1,"7":1,"8":1,"9":1,"10":1,"11":1,"12":1,"13":1,"14":1,"15":1,"16":1,"17":1,"18":1,"19":116,"20":116,"21":116,"22":116,"23":116,"24":116,"25":116,"26":116,"27":116,"28":116,"29":116,"30":116,"31":116,"32":116,"33":238,"34":238,"35":238,"36":238,"37":237,"38":237,"39":237,"40":237,"41":237,"42":237,"43":237,"44":237,"45":238,"46":50,"47":50,"48":237,"49":238,"50":13,"51":13,"52":13,"53":1,"54":1,"55":13,"56":1,"57":1,"58":13,"59":238,"60":116,"61":116,"62":217,"63":217,"64":217,"65":217,"66":217,"67":1,"68":1,"69":1,"70":1,"71":1,"72":1,"73":1,"74":1,"75":1,"76":1,"77":1,"78":216,"79":216,"80":216,"81":216,"82":216,"83":216,"84":216,"85":216,"86":3,"87":3,"88":216,"89":3,"90":3,"91":216,"92":216,"93":216,"94":216,"95":216,"96":216,"97":216,"98":216,"99":216,"100":217,"101":50,"102":50,"103":216,"104":217,"105":12,"106":12,"107":12,"108":12,"109":1,"110":1,"111":12,"112":1,"113":1,"114":12,"115":216,"116":216,"117":52,"118":52,"119":3,"120":3,"121":3,"122":1,"123":1,"124":3,"125":52,"126":216,"127":216,"128":7,"129":7,"130":3,"131":3,"132":3,"133":1,"134":1,"135":3,"136":7,"137":216,"138":216,"139":217,"140":116,"141":116,"142":24,"143":24,"144":24,"145":24,"146":1,"147":1,"148":23,"149":23,"150":23,"151":24,"152":24,"153":24,"154":24,"155":24,"156":24,"157":24,"158":4,"159":4,"160":24,"161":116,"162":116,"163":21,"164":21,"165":21,"166":21,"167":1,"168":1,"169":20,"170":20,"171":20,"172":21,"173":21,"174":21,"175":21,"176":21,"177":21,"178":21,"179":3,"180":3,"181":21,"182":116,"183":116,"184":20,"185":20,"186":20,"187":20,"188":20,"189":20,"190":20,"191":20,"192":20,"193":20,"194":20,"195":20,"196":20,"197":20,"198":116,"199":116,"200":32,"201":32,"202":32,"203":116,"204":116,"205":31,"206":31,"207":31,"208":31,"209":31,"210":116,"211":116,"212":4,"213":4,"214":116,"215":116,"216":7,"217":7,"218":116,"219":116,"220":6,"221":6,"222":116},"branchMap":{"0":{"type":"branch","line":19,"loc":{"start":{"line":19,"column":7},"end":{"line":223,"column":1}},"locations":[{"start":{"line":19,"column":7},"end":{"line":223,"column":1}}]},"1":{"type":"branch","line":31,"loc":{"start":{"line":31,"column":2},"end":{"line":31,"column":43}},"locations":[{"start":{"line":31,"column":2},"end":{"line":31,"column":43}}]},"2":{"type":"branch","line":33,"loc":{"start":{"line":33,"column":2},"end":{"line":60,"column":3}},"locations":[{"start":{"line":33,"column":2},"end":{"line":60,"column":3}}]},"3":{"type":"branch","line":37,"loc":{"start":{"line":37,"column":26},"end":{"line":37,"column":32}},"locations":[{"start":{"line":37,"column":26},"end":{"line":37,"column":32}}]},"4":{"type":"branch","line":37,"loc":{"start":{"line":37,"column":26},"end":{"line":46,"column":59}},"locations":[{"start":{"line":37,"column":26},"end":{"line":46,"column":59}}]},"5":{"type":"branch","line":46,"loc":{"start":{"line":46,"column":59},"end":{"line":48,"column":5}},"locations":[{"start":{"line":46,"column":59},"end":{"line":48,"column":5}}]},"6":{"type":"branch","line":48,"loc":{"start":{"line":48,"column":4},"end":{"line":50,"column":45}},"locations":[{"start":{"line":48,"column":4},"end":{"line":50,"column":45}}]},"7":{"type":"branch","line":50,"loc":{"start":{"line":50,"column":45},"end":{"line":59,"column":5}},"locations":[{"start":{"line":50,"column":45},"end":{"line":59,"column":5}}]},"8":{"type":"branch","line":53,"loc":{"start":{"line":53,"column":27},"end":{"line":55,"column":9}},"locations":[{"start":{"line":53,"column":27},"end":{"line":55,"column":9}}]},"9":{"type":"branch","line":56,"loc":{"start":{"line":56,"column":6},"end":{"line":58,"column":7}},"locations":[{"start":{"line":56,"column":6},"end":{"line":58,"column":7}}]},"10":{"type":"branch","line":59,"loc":{"start":{"line":59,"column":4},"end":{"line":59,"column":5}},"locations":[{"start":{"line":59,"column":4},"end":{"line":59,"column":5}}]},"11":{"type":"branch","line":62,"loc":{"start":{"line":62,"column":2},"end":{"line":140,"column":3}},"locations":[{"start":{"line":62,"column":2},"end":{"line":140,"column":3}}]},"12":{"type":"branch","line":67,"loc":{"start":{"line":67,"column":26},"end":{"line":78,"column":5}},"locations":[{"start":{"line":67,"column":26},"end":{"line":78,"column":5}}]},"13":{"type":"branch","line":78,"loc":{"start":{"line":78,"column":4},"end":{"line":101,"column":57}},"locations":[{"start":{"line":78,"column":4},"end":{"line":101,"column":57}}]},"14":{"type":"branch","line":101,"loc":{"start":{"line":101,"column":57},"end":{"line":103,"column":5}},"locations":[{"start":{"line":101,"column":57},"end":{"line":103,"column":5}}]},"15":{"type":"branch","line":103,"loc":{"start":{"line":103,"column":4},"end":{"line":105,"column":51}},"locations":[{"start":{"line":103,"column":4},"end":{"line":105,"column":51}}]},"16":{"type":"branch","line":105,"loc":{"start":{"line":105,"column":51},"end":{"line":115,"column":5}},"locations":[{"start":{"line":105,"column":51},"end":{"line":115,"column":5}}]},"17":{"type":"branch","line":109,"loc":{"start":{"line":109,"column":27},"end":{"line":111,"column":9}},"locations":[{"start":{"line":109,"column":27},"end":{"line":111,"column":9}}]},"18":{"type":"branch","line":112,"loc":{"start":{"line":112,"column":6},"end":{"line":114,"column":7}},"locations":[{"start":{"line":112,"column":6},"end":{"line":114,"column":7}}]},"19":{"type":"branch","line":115,"loc":{"start":{"line":115,"column":4},"end":{"line":139,"column":54}},"locations":[{"start":{"line":115,"column":4},"end":{"line":139,"column":54}}]},"20":{"type":"branch","line":86,"loc":{"start":{"line":86,"column":13},"end":{"line":88,"column":8}},"locations":[{"start":{"line":86,"column":13},"end":{"line":88,"column":8}}]},"21":{"type":"branch","line":89,"loc":{"start":{"line":89,"column":15},"end":{"line":91,"column":7}},"locations":[{"start":{"line":89,"column":15},"end":{"line":91,"column":7}}]},"22":{"type":"branch","line":117,"loc":{"start":{"line":117,"column":20},"end":{"line":126,"column":5}},"locations":[{"start":{"line":117,"column":20},"end":{"line":126,"column":5}}]},"23":{"type":"branch","line":119,"loc":{"start":{"line":119,"column":45},"end":{"line":125,"column":7}},"locations":[{"start":{"line":119,"column":45},"end":{"line":125,"column":7}}]},"24":{"type":"branch","line":122,"loc":{"start":{"line":122,"column":8},"end":{"line":124,"column":9}},"locations":[{"start":{"line":122,"column":8},"end":{"line":124,"column":9}}]},"25":{"type":"branch","line":128,"loc":{"start":{"line":128,"column":19},"end":{"line":137,"column":5}},"locations":[{"start":{"line":128,"column":19},"end":{"line":137,"column":5}}]},"26":{"type":"branch","line":130,"loc":{"start":{"line":130,"column":45},"end":{"line":136,"column":7}},"locations":[{"start":{"line":130,"column":45},"end":{"line":136,"column":7}}]},"27":{"type":"branch","line":133,"loc":{"start":{"line":133,"column":8},"end":{"line":135,"column":9}},"locations":[{"start":{"line":133,"column":8},"end":{"line":135,"column":9}}]},"28":{"type":"branch","line":142,"loc":{"start":{"line":142,"column":2},"end":{"line":161,"column":3}},"locations":[{"start":{"line":142,"column":2},"end":{"line":161,"column":3}}]},"29":{"type":"branch","line":146,"loc":{"start":{"line":146,"column":26},"end":{"line":148,"column":5}},"locations":[{"start":{"line":146,"column":26},"end":{"line":148,"column":5}}]},"30":{"type":"branch","line":148,"loc":{"start":{"line":148,"column":4},"end":{"line":152,"column":28}},"locations":[{"start":{"line":148,"column":4},"end":{"line":152,"column":28}}]},"31":{"type":"branch","line":152,"loc":{"start":{"line":152,"column":20},"end":{"line":152,"column":34}},"locations":[{"start":{"line":152,"column":20},"end":{"line":152,"column":34}}]},"32":{"type":"branch","line":153,"loc":{"start":{"line":153,"column":24},"end":{"line":153,"column":41}},"locations":[{"start":{"line":153,"column":24},"end":{"line":153,"column":41}}]},"33":{"type":"branch","line":158,"loc":{"start":{"line":158,"column":11},"end":{"line":160,"column":5}},"locations":[{"start":{"line":158,"column":11},"end":{"line":160,"column":5}}]},"34":{"type":"branch","line":163,"loc":{"start":{"line":163,"column":2},"end":{"line":182,"column":3}},"locations":[{"start":{"line":163,"column":2},"end":{"line":182,"column":3}}]},"35":{"type":"branch","line":167,"loc":{"start":{"line":167,"column":26},"end":{"line":169,"column":5}},"locations":[{"start":{"line":167,"column":26},"end":{"line":169,"column":5}}]},"36":{"type":"branch","line":169,"loc":{"start":{"line":169,"column":4},"end":{"line":173,"column":28}},"locations":[{"start":{"line":169,"column":4},"end":{"line":173,"column":28}}]},"37":{"type":"branch","line":173,"loc":{"start":{"line":173,"column":20},"end":{"line":173,"column":34}},"locations":[{"start":{"line":173,"column":20},"end":{"line":173,"column":34}}]},"38":{"type":"branch","line":174,"loc":{"start":{"line":174,"column":24},"end":{"line":174,"column":41}},"locations":[{"start":{"line":174,"column":24},"end":{"line":174,"column":41}}]},"39":{"type":"branch","line":179,"loc":{"start":{"line":179,"column":11},"end":{"line":181,"column":5}},"locations":[{"start":{"line":179,"column":11},"end":{"line":181,"column":5}}]},"40":{"type":"branch","line":184,"loc":{"start":{"line":184,"column":2},"end":{"line":198,"column":3}},"locations":[{"start":{"line":184,"column":2},"end":{"line":198,"column":3}}]},"41":{"type":"branch","line":200,"loc":{"start":{"line":200,"column":2},"end":{"line":203,"column":3}},"locations":[{"start":{"line":200,"column":2},"end":{"line":203,"column":3}}]},"42":{"type":"branch","line":205,"loc":{"start":{"line":205,"column":2},"end":{"line":210,"column":3}},"locations":[{"start":{"line":205,"column":2},"end":{"line":210,"column":3}}]},"43":{"type":"branch","line":212,"loc":{"start":{"line":212,"column":2},"end":{"line":214,"column":3}},"locations":[{"start":{"line":212,"column":2},"end":{"line":214,"column":3}}]},"44":{"type":"branch","line":216,"loc":{"start":{"line":216,"column":2},"end":{"line":218,"column":3}},"locations":[{"start":{"line":216,"column":2},"end":{"line":218,"column":3}}]},"45":{"type":"branch","line":220,"loc":{"start":{"line":220,"column":2},"end":{"line":222,"column":3}},"locations":[{"start":{"line":220,"column":2},"end":{"line":222,"column":3}}]}},"b":{"0":[116],"1":[116],"2":[238],"3":[1],"4":[237],"5":[50],"6":[237],"7":[13],"8":[1],"9":[1],"10":[237],"11":[217],"12":[1],"13":[216],"14":[50],"15":[216],"16":[12],"17":[1],"18":[1],"19":[216],"20":[3],"21":[3],"22":[52],"23":[3],"24":[1],"25":[7],"26":[3],"27":[1],"28":[24],"29":[1],"30":[23],"31":[22],"32":[22],"33":[4],"34":[21],"35":[1],"36":[20],"37":[19],"38":[20],"39":[3],"40":[20],"41":[32],"42":[31],"43":[4],"44":[7],"45":[6]},"fnMap":{"0":{"name":"<instance_members_initializer>","decl":{"start":{"line":19,"column":7},"end":{"line":223,"column":1}},"loc":{"start":{"line":19,"column":7},"end":{"line":223,"column":1}},"line":19},"1":{"name":"ObservableStore","decl":{"start":{"line":31,"column":2},"end":{"line":31,"column":43}},"loc":{"start":{"line":31,"column":2},"end":{"line":31,"column":43}},"line":31},"2":{"name":"notifyMutation","decl":{"start":{"line":33,"column":2},"end":{"line":60,"column":3}},"loc":{"start":{"line":33,"column":2},"end":{"line":60,"column":3}},"line":33},"3":{"name":"notifyAction","decl":{"start":{"line":62,"column":2},"end":{"line":140,"column":3}},"loc":{"start":{"line":62,"column":2},"end":{"line":140,"column":3}},"line":62},"4":{"name":"after","decl":{"start":{"line":72,"column":17},"end":{"line":72,"column":26}},"loc":{"start":{"line":72,"column":17},"end":{"line":72,"column":26}},"line":72},"5":{"name":"onError","decl":{"start":{"line":73,"column":19},"end":{"line":73,"column":27}},"loc":{"start":{"line":73,"column":19},"end":{"line":73,"column":27}},"line":73},"6":{"name":"resolve","decl":{"start":{"line":75,"column":17},"end":{"line":75,"column":26}},"loc":{"start":{"line":75,"column":17},"end":{"line":75,"column":26}},"line":75},"7":{"name":"reject","decl":{"start":{"line":76,"column":16},"end":{"line":76,"column":24}},"loc":{"start":{"line":76,"column":16},"end":{"line":76,"column":24}},"line":76},"8":{"name":"after","decl":{"start":{"line":86,"column":13},"end":{"line":88,"column":8}},"loc":{"start":{"line":86,"column":13},"end":{"line":88,"column":8}},"line":86},"9":{"name":"onError","decl":{"start":{"line":89,"column":15},"end":{"line":91,"column":7}},"loc":{"start":{"line":89,"column":15},"end":{"line":91,"column":7}},"line":89},"10":{"name":"resolve","decl":{"start":{"line":117,"column":20},"end":{"line":126,"column":5}},"loc":{"start":{"line":117,"column":20},"end":{"line":126,"column":5}},"line":117},"11":{"name":"reject","decl":{"start":{"line":128,"column":19},"end":{"line":137,"column":5}},"loc":{"start":{"line":128,"column":19},"end":{"line":137,"column":5}},"line":128},"12":{"name":"subscribe","decl":{"start":{"line":142,"column":2},"end":{"line":161,"column":3}},"loc":{"start":{"line":142,"column":2},"end":{"line":161,"column":3}},"line":142},"13":{"name":"listener.callback.callback","decl":{"start":{"line":147,"column":13},"end":{"line":147,"column":21}},"loc":{"start":{"line":147,"column":13},"end":{"line":147,"column":21}},"line":147},"14":{"name":"onAction","decl":{"start":{"line":163,"column":2},"end":{"line":182,"column":3}},"loc":{"start":{"line":163,"column":2},"end":{"line":182,"column":3}},"line":163},"15":{"name":"listener.callback.callback","decl":{"start":{"line":168,"column":13},"end":{"line":168,"column":21}},"loc":{"start":{"line":168,"column":13},"end":{"line":168,"column":21}},"line":168},"16":{"name":"getDebugInfo","decl":{"start":{"line":184,"column":2},"end":{"line":198,"column":3}},"loc":{"start":{"line":184,"column":2},"end":{"line":198,"column":3}},"line":184},"17":{"name":"clearHistory","decl":{"start":{"line":200,"column":2},"end":{"line":203,"column":3}},"loc":{"start":{"line":200,"column":2},"end":{"line":203,"column":3}},"line":200},"18":{"name":"dispose","decl":{"start":{"line":205,"column":2},"end":{"line":210,"column":3}},"loc":{"start":{"line":205,"column":2},"end":{"line":210,"column":3}},"line":205},"19":{"name":"isDisposed","decl":{"start":{"line":212,"column":2},"end":{"line":214,"column":3}},"loc":{"start":{"line":212,"column":2},"end":{"line":214,"column":3}},"line":212},"20":{"name":"subscriberCount","decl":{"start":{"line":216,"column":2},"end":{"line":218,"column":3}},"loc":{"start":{"line":216,"column":2},"end":{"line":218,"column":3}},"line":216},"21":{"name":"actionSubscriberCount","decl":{"start":{"line":220,"column":2},"end":{"line":222,"column":3}},"loc":{"start":{"line":220,"column":2},"end":{"line":222,"column":3}},"line":220}},"f":{"0":116,"1":116,"2":238,"3":217,"4":0,"5":0,"6":0,"7":0,"8":3,"9":3,"10":52,"11":7,"12":24,"13":0,"14":21,"15":0,"16":20,"17":32,"18":31,"19":4,"20":7,"21":6}}
,"D:\\solo\\vue-store\\src\\store.ts": {"path":"D:\\solo\\vue-store\\src\\store.ts","all":false,"statementMap":{"0":{"start":{"line":1,"column":0},"end":{"line":1,"column":58}},"1":{"start":{"line":2,"column":0},"end":{"line":2,"column":13}},"2":{"start":{"line":3,"column":0},"end":{"line":3,"column":8}},"3":{"start":{"line":4,"column":0},"end":{"line":4,"column":10}},"4":{"start":{"line":5,"column":0},"end":{"line":5,"column":16}},"5":{"start":{"line":6,"column":0},"end":{"line":6,"column":16}},"6":{"start":{"line":7,"column":0},"end":{"line":7,"column":18}},"7":{"start":{"line":8,"column":0},"end":{"line":8,"column":16}},"8":{"start":{"line":9,"column":0},"end":{"line":9,"column":14}},"9":{"start":{"line":10,"column":0},"end":{"line":10,"column":15}},"10":{"start":{"line":11,"column":0},"end":{"line":11,"column":16}},"11":{"start":{"line":12,"column":0},"end":{"line":12,"column":11}},"12":{"start":{"line":13,"column":0},"end":{"line":13,"column":16}},"13":{"start":{"line":14,"column":0},"end":{"line":14,"column":46}},"14":{"start":{"line":15,"column":0},"end":{"line":15,"column":0}},"15":{"start":{"line":16,"column":0},"end":{"line":16,"column":19}},"16":{"start":{"line":17,"column":0},"end":{"line":17,"column":18}},"17":{"start":{"line":18,"column":0},"end":{"line":18,"column":23}},"18":{"start":{"line":19,"column":0},"end":{"line":19,"column":18}},"19":{"start":{"line":20,"column":0},"end":{"line":20,"column":35}},"20":{"start":{"line":21,"column":0},"end":{"line":21,"column":1}},"21":{"start":{"line":22,"column":0},"end":{"line":22,"column":24}},"22":{"start":{"line":23,"column":0},"end":{"line":23,"column":20}},"23":{"start":{"line":24,"column":0},"end":{"line":24,"column":49}},"24":{"start":{"line":25,"column":0},"end":{"line":25,"column":32}},"25":{"start":{"line":26,"column":0},"end":{"line":26,"column":0}},"26":{"start":{"line":27,"column":0},"end":{"line":27,"column":19}},"27":{"start":{"line":28,"column":0},"end":{"line":28,"column":26}},"28":{"start":{"line":29,"column":0},"end":{"line":29,"column":21}},"29":{"start":{"line":30,"column":0},"end":{"line":30,"column":75}},"30":{"start":{"line":31,"column":0},"end":{"line":31,"column":21}},"31":{"start":{"line":32,"column":0},"end":{"line":32,"column":47}},"32":{"start":{"line":33,"column":0},"end":{"line":33,"column":34}},"33":{"start":{"line":34,"column":0},"end":{"line":34,"column":35}},"34":{"start":{"line":35,"column":0},"end":{"line":35,"column":50}},"35":{"start":{"line":36,"column":0},"end":{"line":36,"column":27}},"36":{"start":{"line":37,"column":0},"end":{"line":37,"column":47}},"37":{"start":{"line":38,"column":0},"end":{"line":38,"column":0}},"38":{"start":{"line":39,"column":0},"end":{"line":39,"column":56}},"39":{"start":{"line":40,"column":0},"end":{"line":40,"column":0}},"40":{"start":{"line":41,"column":0},"end":{"line":41,"column":22}},"41":{"start":{"line":42,"column":0},"end":{"line":42,"column":59}},"42":{"start":{"line":43,"column":0},"end":{"line":43,"column":0}},"43":{"start":{"line":44,"column":0},"end":{"line":44,"column":14}},"44":{"start":{"line":45,"column":0},"end":{"line":45,"column":36}},"45":{"start":{"line":46,"column":0},"end":{"line":46,"column":27}},"46":{"start":{"line":47,"column":0},"end":{"line":47,"column":5}},"47":{"start":{"line":48,"column":0},"end":{"line":48,"column":29}},"48":{"start":{"line":49,"column":0},"end":{"line":49,"column":29}},"49":{"start":{"line":50,"column":0},"end":{"line":50,"column":65}},"50":{"start":{"line":51,"column":0},"end":{"line":51,"column":0}},"51":{"start":{"line":52,"column":0},"end":{"line":52,"column":63}},"52":{"start":{"line":53,"column":0},"end":{"line":53,"column":51}},"53":{"start":{"line":54,"column":0},"end":{"line":54,"column":60}},"54":{"start":{"line":55,"column":0},"end":{"line":55,"column":29}},"55":{"start":{"line":56,"column":0},"end":{"line":56,"column":0}},"56":{"start":{"line":57,"column":0},"end":{"line":57,"column":48}},"57":{"start":{"line":58,"column":0},"end":{"line":58,"column":81}},"58":{"start":{"line":59,"column":0},"end":{"line":59,"column":0}},"59":{"start":{"line":60,"column":0},"end":{"line":60,"column":48}},"60":{"start":{"line":61,"column":0},"end":{"line":61,"column":61}},"61":{"start":{"line":62,"column":0},"end":{"line":62,"column":0}},"62":{"start":{"line":63,"column":0},"end":{"line":63,"column":40}},"63":{"start":{"line":64,"column":0},"end":{"line":64,"column":3}},"64":{"start":{"line":65,"column":0},"end":{"line":65,"column":0}},"65":{"start":{"line":66,"column":0},"end":{"line":66,"column":42}},"66":{"start":{"line":67,"column":0},"end":{"line":67,"column":48}},"67":{"start":{"line":68,"column":0},"end":{"line":68,"column":33}},"68":{"start":{"line":69,"column":0},"end":{"line":69,"column":5}},"69":{"start":{"line":70,"column":0},"end":{"line":70,"column":42}},"70":{"start":{"line":71,"column":0},"end":{"line":71,"column":3}},"71":{"start":{"line":72,"column":0},"end":{"line":72,"column":0}},"72":{"start":{"line":73,"column":0},"end":{"line":73,"column":56}},"73":{"start":{"line":74,"column":0},"end":{"line":74,"column":52}},"74":{"start":{"line":75,"column":0},"end":{"line":75,"column":67}},"75":{"start":{"line":76,"column":0},"end":{"line":76,"column":0}},"76":{"start":{"line":77,"column":0},"end":{"line":77,"column":33}},"77":{"start":{"line":78,"column":0},"end":{"line":78,"column":41}},"78":{"start":{"line":79,"column":0},"end":{"line":79,"column":78}},"79":{"start":{"line":80,"column":0},"end":{"line":80,"column":54}},"80":{"start":{"line":81,"column":0},"end":{"line":81,"column":51}},"81":{"start":{"line":82,"column":0},"end":{"line":82,"column":37}},"82":{"start":{"line":83,"column":0},"end":{"line":83,"column":25}},"83":{"start":{"line":84,"column":0},"end":{"line":84,"column":27}},"84":{"start":{"line":85,"column":0},"end":{"line":85,"column":8}},"85":{"start":{"line":86,"column":0},"end":{"line":86,"column":6}},"86":{"start":{"line":87,"column":0},"end":{"line":87,"column":0}},"87":{"start":{"line":88,"column":0},"end":{"line":88,"column":26}},"88":{"start":{"line":89,"column":0},"end":{"line":89,"column":3}},"89":{"start":{"line":90,"column":0},"end":{"line":90,"column":0}},"90":{"start":{"line":91,"column":0},"end":{"line":91,"column":36}},"91":{"start":{"line":92,"column":0},"end":{"line":92,"column":32}},"92":{"start":{"line":93,"column":0},"end":{"line":93,"column":67}},"93":{"start":{"line":94,"column":0},"end":{"line":94,"column":0}},"94":{"start":{"line":95,"column":0},"end":{"line":95,"column":33}},"95":{"start":{"line":96,"column":0},"end":{"line":96,"column":48}},"96":{"start":{"line":97,"column":0},"end":{"line":97,"column":55}},"97":{"start":{"line":98,"column":0},"end":{"line":98,"column":22}},"98":{"start":{"line":99,"column":0},"end":{"line":99,"column":6}},"99":{"start":{"line":100,"column":0},"end":{"line":100,"column":0}},"100":{"start":{"line":101,"column":0},"end":{"line":101,"column":23}},"101":{"start":{"line":102,"column":0},"end":{"line":102,"column":3}},"102":{"start":{"line":103,"column":0},"end":{"line":103,"column":0}},"103":{"start":{"line":104,"column":0},"end":{"line":104,"column":64}},"104":{"start":{"line":105,"column":0},"end":{"line":105,"column":25}},"105":{"start":{"line":106,"column":0},"end":{"line":106,"column":82}},"106":{"start":{"line":107,"column":0},"end":{"line":107,"column":5}},"107":{"start":{"line":108,"column":0},"end":{"line":108,"column":0}},"108":{"start":{"line":109,"column":0},"end":{"line":109,"column":63}},"109":{"start":{"line":110,"column":0},"end":{"line":110,"column":23}},"110":{"start":{"line":111,"column":0},"end":{"line":111,"column":10}},"111":{"start":{"line":112,"column":0},"end":{"line":112,"column":6}},"112":{"start":{"line":113,"column":0},"end":{"line":113,"column":0}},"113":{"start":{"line":114,"column":0},"end":{"line":114,"column":33}},"114":{"start":{"line":115,"column":0},"end":{"line":115,"column":40}},"115":{"start":{"line":116,"column":0},"end":{"line":116,"column":0}},"116":{"start":{"line":117,"column":0},"end":{"line":117,"column":9}},"117":{"start":{"line":118,"column":0},"end":{"line":118,"column":79}},"118":{"start":{"line":119,"column":0},"end":{"line":119,"column":36}},"119":{"start":{"line":120,"column":0},"end":{"line":120,"column":12}},"120":{"start":{"line":121,"column":0},"end":{"line":121,"column":7}},"121":{"start":{"line":122,"column":0},"end":{"line":122,"column":0}},"122":{"start":{"line":123,"column":0},"end":{"line":123,"column":38}},"123":{"start":{"line":124,"column":0},"end":{"line":124,"column":21}},"124":{"start":{"line":125,"column":0},"end":{"line":125,"column":37}},"125":{"start":{"line":126,"column":0},"end":{"line":126,"column":35}},"126":{"start":{"line":127,"column":0},"end":{"line":127,"column":42}},"127":{"start":{"line":128,"column":0},"end":{"line":128,"column":42}},"128":{"start":{"line":129,"column":0},"end":{"line":129,"column":33}},"129":{"start":{"line":130,"column":0},"end":{"line":130,"column":12}},"130":{"start":{"line":131,"column":0},"end":{"line":131,"column":29}},"131":{"start":{"line":132,"column":0},"end":{"line":132,"column":25}},"132":{"start":{"line":133,"column":0},"end":{"line":133,"column":42}},"133":{"start":{"line":134,"column":0},"end":{"line":134,"column":42}},"134":{"start":{"line":135,"column":0},"end":{"line":135,"column":23}},"135":{"start":{"line":136,"column":0},"end":{"line":136,"column":12}},"136":{"start":{"line":137,"column":0},"end":{"line":137,"column":7}},"137":{"start":{"line":138,"column":0},"end":{"line":138,"column":0}},"138":{"start":{"line":139,"column":0},"end":{"line":139,"column":21}},"139":{"start":{"line":140,"column":0},"end":{"line":140,"column":36}},"140":{"start":{"line":141,"column":0},"end":{"line":141,"column":36}},"141":{"start":{"line":142,"column":0},"end":{"line":142,"column":19}},"142":{"start":{"line":143,"column":0},"end":{"line":143,"column":21}},"143":{"start":{"line":144,"column":0},"end":{"line":144,"column":28}},"144":{"start":{"line":145,"column":0},"end":{"line":145,"column":36}},"145":{"start":{"line":146,"column":0},"end":{"line":146,"column":36}},"146":{"start":{"line":147,"column":0},"end":{"line":147,"column":17}},"147":{"start":{"line":148,"column":0},"end":{"line":148,"column":5}},"148":{"start":{"line":149,"column":0},"end":{"line":149,"column":3}},"149":{"start":{"line":150,"column":0},"end":{"line":150,"column":0}},"150":{"start":{"line":151,"column":0},"end":{"line":151,"column":58}},"151":{"start":{"line":152,"column":0},"end":{"line":152,"column":12}},"152":{"start":{"line":153,"column":0},"end":{"line":153,"column":24}},"153":{"start":{"line":154,"column":0},"end":{"line":154,"column":26}},"154":{"start":{"line":155,"column":0},"end":{"line":155,"column":30}},"155":{"start":{"line":156,"column":0},"end":{"line":156,"column":30}},"156":{"start":{"line":157,"column":0},"end":{"line":157,"column":37}},"157":{"start":{"line":158,"column":0},"end":{"line":158,"column":37}},"158":{"start":{"line":159,"column":0},"end":{"line":159,"column":45}},"159":{"start":{"line":160,"column":0},"end":{"line":160,"column":43}},"160":{"start":{"line":161,"column":0},"end":{"line":161,"column":36}},"161":{"start":{"line":162,"column":0},"end":{"line":162,"column":5}},"162":{"start":{"line":163,"column":0},"end":{"line":163,"column":3}},"163":{"start":{"line":164,"column":0},"end":{"line":164,"column":0}},"164":{"start":{"line":165,"column":0},"end":{"line":165,"column":90}},"165":{"start":{"line":166,"column":0},"end":{"line":166,"column":21}},"166":{"start":{"line":167,"column":0},"end":{"line":167,"column":0}},"167":{"start":{"line":168,"column":0},"end":{"line":168,"column":39}},"168":{"start":{"line":169,"column":0},"end":{"line":169,"column":41}},"169":{"start":{"line":170,"column":0},"end":{"line":170,"column":5}},"170":{"start":{"line":171,"column":0},"end":{"line":171,"column":0}},"171":{"start":{"line":172,"column":0},"end":{"line":172,"column":38}},"172":{"start":{"line":173,"column":0},"end":{"line":173,"column":45}},"173":{"start":{"line":174,"column":0},"end":{"line":174,"column":47}},"174":{"start":{"line":175,"column":0},"end":{"line":175,"column":74}},"175":{"start":{"line":176,"column":0},"end":{"line":176,"column":89}},"176":{"start":{"line":177,"column":0},"end":{"line":177,"column":73}},"177":{"start":{"line":178,"column":0},"end":{"line":178,"column":9}},"178":{"start":{"line":179,"column":0},"end":{"line":179,"column":35}},"179":{"start":{"line":180,"column":0},"end":{"line":180,"column":89}},"180":{"start":{"line":181,"column":0},"end":{"line":181,"column":63}},"181":{"start":{"line":182,"column":0},"end":{"line":182,"column":9}},"182":{"start":{"line":183,"column":0},"end":{"line":183,"column":20}},"183":{"start":{"line":184,"column":0},"end":{"line":184,"column":8}},"184":{"start":{"line":185,"column":0},"end":{"line":185,"column":57}},"185":{"start":{"line":186,"column":0},"end":{"line":186,"column":29}},"186":{"start":{"line":187,"column":0},"end":{"line":187,"column":86}},"187":{"start":{"line":188,"column":0},"end":{"line":188,"column":9}},"188":{"start":{"line":189,"column":0},"end":{"line":189,"column":0}},"189":{"start":{"line":190,"column":0},"end":{"line":190,"column":38}},"190":{"start":{"line":191,"column":0},"end":{"line":191,"column":86}},"191":{"start":{"line":192,"column":0},"end":{"line":192,"column":26}},"192":{"start":{"line":193,"column":0},"end":{"line":193,"column":103}},"193":{"start":{"line":194,"column":0},"end":{"line":194,"column":53}},"194":{"start":{"line":195,"column":0},"end":{"line":195,"column":11}},"195":{"start":{"line":196,"column":0},"end":{"line":196,"column":9}},"196":{"start":{"line":197,"column":0},"end":{"line":197,"column":0}},"197":{"start":{"line":198,"column":0},"end":{"line":198,"column":55}},"198":{"start":{"line":199,"column":0},"end":{"line":199,"column":0}},"199":{"start":{"line":200,"column":0},"end":{"line":200,"column":97}},"200":{"start":{"line":201,"column":0},"end":{"line":201,"column":86}},"201":{"start":{"line":202,"column":0},"end":{"line":202,"column":43}},"202":{"start":{"line":203,"column":0},"end":{"line":203,"column":27}},"203":{"start":{"line":204,"column":0},"end":{"line":204,"column":48}},"204":{"start":{"line":205,"column":0},"end":{"line":205,"column":27}},"205":{"start":{"line":206,"column":0},"end":{"line":206,"column":17}},"206":{"start":{"line":207,"column":0},"end":{"line":207,"column":25}},"207":{"start":{"line":208,"column":0},"end":{"line":208,"column":9}},"208":{"start":{"line":209,"column":0},"end":{"line":209,"column":0}},"209":{"start":{"line":210,"column":0},"end":{"line":210,"column":21}},"210":{"start":{"line":211,"column":0},"end":{"line":211,"column":8}},"211":{"start":{"line":212,"column":0},"end":{"line":212,"column":56}},"212":{"start":{"line":213,"column":0},"end":{"line":213,"column":29}},"213":{"start":{"line":214,"column":0},"end":{"line":214,"column":86}},"214":{"start":{"line":215,"column":0},"end":{"line":215,"column":9}},"215":{"start":{"line":216,"column":0},"end":{"line":216,"column":0}},"216":{"start":{"line":217,"column":0},"end":{"line":217,"column":38}},"217":{"start":{"line":218,"column":0},"end":{"line":218,"column":86}},"218":{"start":{"line":219,"column":0},"end":{"line":219,"column":26}},"219":{"start":{"line":220,"column":0},"end":{"line":220,"column":106}},"220":{"start":{"line":221,"column":0},"end":{"line":221,"column":53}},"221":{"start":{"line":222,"column":0},"end":{"line":222,"column":11}},"222":{"start":{"line":223,"column":0},"end":{"line":223,"column":9}},"223":{"start":{"line":224,"column":0},"end":{"line":224,"column":0}},"224":{"start":{"line":225,"column":0},"end":{"line":225,"column":59}},"225":{"start":{"line":226,"column":0},"end":{"line":226,"column":0}},"226":{"start":{"line":227,"column":0},"end":{"line":227,"column":97}},"227":{"start":{"line":228,"column":0},"end":{"line":228,"column":86}},"228":{"start":{"line":229,"column":0},"end":{"line":229,"column":43}},"229":{"start":{"line":230,"column":0},"end":{"line":230,"column":27}},"230":{"start":{"line":231,"column":0},"end":{"line":231,"column":48}},"231":{"start":{"line":232,"column":0},"end":{"line":232,"column":26}},"232":{"start":{"line":233,"column":0},"end":{"line":233,"column":25}},"233":{"start":{"line":234,"column":0},"end":{"line":234,"column":9}},"234":{"start":{"line":235,"column":0},"end":{"line":235,"column":0}},"235":{"start":{"line":236,"column":0},"end":{"line":236,"column":21}},"236":{"start":{"line":237,"column":0},"end":{"line":237,"column":7}},"237":{"start":{"line":238,"column":0},"end":{"line":238,"column":5}},"238":{"start":{"line":239,"column":0},"end":{"line":239,"column":0}},"239":{"start":{"line":240,"column":0},"end":{"line":240,"column":44}},"240":{"start":{"line":241,"column":0},"end":{"line":241,"column":39}},"241":{"start":{"line":242,"column":0},"end":{"line":242,"column":16}},"242":{"start":{"line":243,"column":0},"end":{"line":243,"column":3}},"243":{"start":{"line":244,"column":0},"end":{"line":244,"column":0}},"244":{"start":{"line":245,"column":0},"end":{"line":245,"column":84}},"245":{"start":{"line":246,"column":0},"end":{"line":246,"column":21}},"246":{"start":{"line":247,"column":0},"end":{"line":247,"column":0}},"247":{"start":{"line":248,"column":0},"end":{"line":248,"column":39}},"248":{"start":{"line":249,"column":0},"end":{"line":249,"column":41}},"249":{"start":{"line":250,"column":0},"end":{"line":250,"column":5}},"250":{"start":{"line":251,"column":0},"end":{"line":251,"column":0}},"251":{"start":{"line":252,"column":0},"end":{"line":252,"column":114}},"252":{"start":{"line":253,"column":0},"end":{"line":253,"column":0}},"253":{"start":{"line":254,"column":0},"end":{"line":254,"column":38}},"254":{"start":{"line":255,"column":0},"end":{"line":255,"column":45}},"255":{"start":{"line":256,"column":0},"end":{"line":256,"column":53}},"256":{"start":{"line":257,"column":0},"end":{"line":257,"column":38}},"257":{"start":{"line":258,"column":0},"end":{"line":258,"column":33}},"258":{"start":{"line":259,"column":0},"end":{"line":259,"column":90}},"259":{"start":{"line":260,"column":0},"end":{"line":260,"column":13}},"260":{"start":{"line":261,"column":0},"end":{"line":261,"column":42}},"261":{"start":{"line":262,"column":0},"end":{"line":262,"column":30}},"262":{"start":{"line":263,"column":0},"end":{"line":263,"column":131}},"263":{"start":{"line":264,"column":0},"end":{"line":264,"column":57}},"264":{"start":{"line":265,"column":0},"end":{"line":265,"column":15}},"265":{"start":{"line":266,"column":0},"end":{"line":266,"column":13}},"266":{"start":{"line":267,"column":0},"end":{"line":267,"column":65}},"267":{"start":{"line":268,"column":0},"end":{"line":268,"column":0}},"268":{"start":{"line":269,"column":0},"end":{"line":269,"column":101}},"269":{"start":{"line":270,"column":0},"end":{"line":270,"column":47}},"270":{"start":{"line":271,"column":0},"end":{"line":271,"column":31}},"271":{"start":{"line":272,"column":0},"end":{"line":272,"column":52}},"272":{"start":{"line":273,"column":0},"end":{"line":273,"column":33}},"273":{"start":{"line":274,"column":0},"end":{"line":274,"column":20}},"274":{"start":{"line":275,"column":0},"end":{"line":275,"column":29}},"275":{"start":{"line":276,"column":0},"end":{"line":276,"column":13}},"276":{"start":{"line":277,"column":0},"end":{"line":277,"column":0}},"277":{"start":{"line":278,"column":0},"end":{"line":278,"column":25}},"278":{"start":{"line":279,"column":0},"end":{"line":279,"column":11}},"279":{"start":{"line":280,"column":0},"end":{"line":280,"column":9}},"280":{"start":{"line":281,"column":0},"end":{"line":281,"column":0}},"281":{"start":{"line":282,"column":0},"end":{"line":282,"column":47}},"282":{"start":{"line":283,"column":0},"end":{"line":283,"column":74}},"283":{"start":{"line":284,"column":0},"end":{"line":284,"column":59}},"284":{"start":{"line":285,"column":0},"end":{"line":285,"column":70}},"285":{"start":{"line":286,"column":0},"end":{"line":286,"column":9}},"286":{"start":{"line":287,"column":0},"end":{"line":287,"column":35}},"287":{"start":{"line":288,"column":0},"end":{"line":288,"column":59}},"288":{"start":{"line":289,"column":0},"end":{"line":289,"column":60}},"289":{"start":{"line":290,"column":0},"end":{"line":290,"column":9}},"290":{"start":{"line":291,"column":0},"end":{"line":291,"column":20}},"291":{"start":{"line":292,"column":0},"end":{"line":292,"column":8}},"292":{"start":{"line":293,"column":0},"end":{"line":293,"column":57}},"293":{"start":{"line":294,"column":0},"end":{"line":294,"column":29}},"294":{"start":{"line":295,"column":0},"end":{"line":295,"column":86}},"295":{"start":{"line":296,"column":0},"end":{"line":296,"column":9}},"296":{"start":{"line":297,"column":0},"end":{"line":297,"column":0}},"297":{"start":{"line":298,"column":0},"end":{"line":298,"column":38}},"298":{"start":{"line":299,"column":0},"end":{"line":299,"column":59}},"299":{"start":{"line":300,"column":0},"end":{"line":300,"column":26}},"300":{"start":{"line":301,"column":0},"end":{"line":301,"column":103}},"301":{"start":{"line":302,"column":0},"end":{"line":302,"column":53}},"302":{"start":{"line":303,"column":0},"end":{"line":303,"column":11}},"303":{"start":{"line":304,"column":0},"end":{"line":304,"column":9}},"304":{"start":{"line":305,"column":0},"end":{"line":305,"column":0}},"305":{"start":{"line":306,"column":0},"end":{"line":306,"column":55}},"306":{"start":{"line":307,"column":0},"end":{"line":307,"column":0}},"307":{"start":{"line":308,"column":0},"end":{"line":308,"column":97}},"308":{"start":{"line":309,"column":0},"end":{"line":309,"column":59}},"309":{"start":{"line":310,"column":0},"end":{"line":310,"column":43}},"310":{"start":{"line":311,"column":0},"end":{"line":311,"column":27}},"311":{"start":{"line":312,"column":0},"end":{"line":312,"column":48}},"312":{"start":{"line":313,"column":0},"end":{"line":313,"column":27}},"313":{"start":{"line":314,"column":0},"end":{"line":314,"column":17}},"314":{"start":{"line":315,"column":0},"end":{"line":315,"column":25}},"315":{"start":{"line":316,"column":0},"end":{"line":316,"column":9}},"316":{"start":{"line":317,"column":0},"end":{"line":317,"column":0}},"317":{"start":{"line":318,"column":0},"end":{"line":318,"column":21}},"318":{"start":{"line":319,"column":0},"end":{"line":319,"column":8}},"319":{"start":{"line":320,"column":0},"end":{"line":320,"column":56}},"320":{"start":{"line":321,"column":0},"end":{"line":321,"column":29}},"321":{"start":{"line":322,"column":0},"end":{"line":322,"column":86}},"322":{"start":{"line":323,"column":0},"end":{"line":323,"column":9}},"323":{"start":{"line":324,"column":0},"end":{"line":324,"column":0}},"324":{"start":{"line":325,"column":0},"end":{"line":325,"column":38}},"325":{"start":{"line":326,"column":0},"end":{"line":326,"column":59}},"326":{"start":{"line":327,"column":0},"end":{"line":327,"column":26}},"327":{"start":{"line":328,"column":0},"end":{"line":328,"column":106}},"328":{"start":{"line":329,"column":0},"end":{"line":329,"column":53}},"329":{"start":{"line":330,"column":0},"end":{"line":330,"column":11}},"330":{"start":{"line":331,"column":0},"end":{"line":331,"column":9}},"331":{"start":{"line":332,"column":0},"end":{"line":332,"column":0}},"332":{"start":{"line":333,"column":0},"end":{"line":333,"column":59}},"333":{"start":{"line":334,"column":0},"end":{"line":334,"column":0}},"334":{"start":{"line":335,"column":0},"end":{"line":335,"column":97}},"335":{"start":{"line":336,"column":0},"end":{"line":336,"column":59}},"336":{"start":{"line":337,"column":0},"end":{"line":337,"column":43}},"337":{"start":{"line":338,"column":0},"end":{"line":338,"column":27}},"338":{"start":{"line":339,"column":0},"end":{"line":339,"column":48}},"339":{"start":{"line":340,"column":0},"end":{"line":340,"column":26}},"340":{"start":{"line":341,"column":0},"end":{"line":341,"column":25}},"341":{"start":{"line":342,"column":0},"end":{"line":342,"column":9}},"342":{"start":{"line":343,"column":0},"end":{"line":343,"column":0}},"343":{"start":{"line":344,"column":0},"end":{"line":344,"column":21}},"344":{"start":{"line":345,"column":0},"end":{"line":345,"column":7}},"345":{"start":{"line":346,"column":0},"end":{"line":346,"column":5}},"346":{"start":{"line":347,"column":0},"end":{"line":347,"column":0}},"347":{"start":{"line":348,"column":0},"end":{"line":348,"column":44}},"348":{"start":{"line":349,"column":0},"end":{"line":349,"column":39}},"349":{"start":{"line":350,"column":0},"end":{"line":350,"column":16}},"350":{"start":{"line":351,"column":0},"end":{"line":351,"column":3}},"351":{"start":{"line":352,"column":0},"end":{"line":352,"column":0}},"352":{"start":{"line":353,"column":0},"end":{"line":353,"column":60}},"353":{"start":{"line":354,"column":0},"end":{"line":354,"column":25}},"354":{"start":{"line":355,"column":0},"end":{"line":355,"column":82}},"355":{"start":{"line":356,"column":0},"end":{"line":356,"column":5}},"356":{"start":{"line":357,"column":0},"end":{"line":357,"column":0}},"357":{"start":{"line":358,"column":0},"end":{"line":358,"column":33}},"358":{"start":{"line":359,"column":0},"end":{"line":359,"column":38}},"359":{"start":{"line":360,"column":0},"end":{"line":360,"column":0}},"360":{"start":{"line":361,"column":0},"end":{"line":361,"column":9}},"361":{"start":{"line":362,"column":0},"end":{"line":362,"column":42}},"362":{"start":{"line":363,"column":0},"end":{"line":363,"column":28}},"363":{"start":{"line":364,"column":0},"end":{"line":364,"column":14}},"364":{"start":{"line":365,"column":0},"end":{"line":365,"column":43}},"365":{"start":{"line":366,"column":0},"end":{"line":366,"column":7}},"366":{"start":{"line":367,"column":0},"end":{"line":367,"column":0}},"367":{"start":{"line":368,"column":0},"end":{"line":368,"column":39}},"368":{"start":{"line":369,"column":0},"end":{"line":369,"column":22}},"369":{"start":{"line":370,"column":0},"end":{"line":370,"column":22}},"370":{"start":{"line":371,"column":0},"end":{"line":371,"column":21}},"371":{"start":{"line":372,"column":0},"end":{"line":372,"column":15}},"372":{"start":{"line":373,"column":0},"end":{"line":373,"column":36}},"373":{"start":{"line":374,"column":0},"end":{"line":374,"column":36}},"374":{"start":{"line":375,"column":0},"end":{"line":375,"column":5}},"375":{"start":{"line":376,"column":0},"end":{"line":376,"column":3}},"376":{"start":{"line":377,"column":0},"end":{"line":377,"column":0}},"377":{"start":{"line":378,"column":0},"end":{"line":378,"column":18}},"378":{"start":{"line":379,"column":0},"end":{"line":379,"column":25}},"379":{"start":{"line":380,"column":0},"end":{"line":380,"column":82}},"380":{"start":{"line":381,"column":0},"end":{"line":381,"column":5}},"381":{"start":{"line":382,"column":0},"end":{"line":382,"column":0}},"382":{"start":{"line":383,"column":0},"end":{"line":383,"column":33}},"383":{"start":{"line":384,"column":0},"end":{"line":384,"column":38}},"384":{"start":{"line":385,"column":0},"end":{"line":385,"column":0}},"385":{"start":{"line":386,"column":0},"end":{"line":386,"column":9}},"386":{"start":{"line":387,"column":0},"end":{"line":387,"column":38}},"387":{"start":{"line":388,"column":0},"end":{"line":388,"column":66}},"388":{"start":{"line":389,"column":0},"end":{"line":389,"column":50}},"389":{"start":{"line":390,"column":0},"end":{"line":390,"column":0}},"390":{"start":{"line":391,"column":0},"end":{"line":391,"column":39}},"391":{"start":{"line":392,"column":0},"end":{"line":392,"column":21}},"392":{"start":{"line":393,"column":0},"end":{"line":393,"column":21}},"393":{"start":{"line":394,"column":0},"end":{"line":394,"column":15}},"394":{"start":{"line":395,"column":0},"end":{"line":395,"column":36}},"395":{"start":{"line":396,"column":0},"end":{"line":396,"column":36}},"396":{"start":{"line":397,"column":0},"end":{"line":397,"column":5}},"397":{"start":{"line":398,"column":0},"end":{"line":398,"column":3}},"398":{"start":{"line":399,"column":0},"end":{"line":399,"column":0}},"399":{"start":{"line":400,"column":0},"end":{"line":400,"column":55}},"400":{"start":{"line":401,"column":0},"end":{"line":401,"column":32}},"401":{"start":{"line":402,"column":0},"end":{"line":402,"column":23}},"402":{"start":{"line":403,"column":0},"end":{"line":403,"column":39}},"403":{"start":{"line":404,"column":0},"end":{"line":404,"column":47}},"404":{"start":{"line":405,"column":0},"end":{"line":405,"column":36}},"405":{"start":{"line":406,"column":0},"end":{"line":406,"column":48}},"406":{"start":{"line":407,"column":0},"end":{"line":407,"column":32}},"407":{"start":{"line":408,"column":0},"end":{"line":408,"column":13}},"408":{"start":{"line":409,"column":0},"end":{"line":409,"column":49}},"409":{"start":{"line":410,"column":0},"end":{"line":410,"column":18}},"410":{"start":{"line":411,"column":0},"end":{"line":411,"column":102}},"411":{"start":{"line":412,"column":0},"end":{"line":412,"column":32}},"412":{"start":{"line":413,"column":0},"end":{"line":413,"column":13}},"413":{"start":{"line":414,"column":0},"end":{"line":414,"column":49}},"414":{"start":{"line":415,"column":0},"end":{"line":415,"column":11}},"415":{"start":{"line":416,"column":0},"end":{"line":416,"column":16}},"416":{"start":{"line":417,"column":0},"end":{"line":417,"column":30}},"417":{"start":{"line":418,"column":0},"end":{"line":418,"column":9}},"418":{"start":{"line":419,"column":0},"end":{"line":419,"column":8}},"419":{"start":{"line":420,"column":0},"end":{"line":420,"column":12}},"420":{"start":{"line":421,"column":0},"end":{"line":421,"column":44}},"421":{"start":{"line":422,"column":0},"end":{"line":422,"column":44}},"422":{"start":{"line":423,"column":0},"end":{"line":423,"column":0}},"423":{"start":{"line":424,"column":0},"end":{"line":424,"column":35}},"424":{"start":{"line":425,"column":0},"end":{"line":425,"column":31}},"425":{"start":{"line":426,"column":0},"end":{"line":426,"column":28}},"426":{"start":{"line":427,"column":0},"end":{"line":427,"column":9}},"427":{"start":{"line":428,"column":0},"end":{"line":428,"column":8}},"428":{"start":{"line":429,"column":0},"end":{"line":429,"column":0}},"429":{"start":{"line":430,"column":0},"end":{"line":430,"column":35}},"430":{"start":{"line":431,"column":0},"end":{"line":431,"column":37}},"431":{"start":{"line":432,"column":0},"end":{"line":432,"column":37}},"432":{"start":{"line":433,"column":0},"end":{"line":433,"column":0}},"433":{"start":{"line":434,"column":0},"end":{"line":434,"column":57}},"434":{"start":{"line":435,"column":0},"end":{"line":435,"column":41}},"435":{"start":{"line":436,"column":0},"end":{"line":436,"column":44}},"436":{"start":{"line":437,"column":0},"end":{"line":437,"column":30}},"437":{"start":{"line":438,"column":0},"end":{"line":438,"column":13}},"438":{"start":{"line":439,"column":0},"end":{"line":439,"column":52}},"439":{"start":{"line":440,"column":0},"end":{"line":440,"column":18}},"440":{"start":{"line":441,"column":0},"end":{"line":441,"column":90}},"441":{"start":{"line":442,"column":0},"end":{"line":442,"column":30}},"442":{"start":{"line":443,"column":0},"end":{"line":443,"column":13}},"443":{"start":{"line":444,"column":0},"end":{"line":444,"column":52}},"444":{"start":{"line":445,"column":0},"end":{"line":445,"column":11}},"445":{"start":{"line":446,"column":0},"end":{"line":446,"column":16}},"446":{"start":{"line":447,"column":0},"end":{"line":447,"column":33}},"447":{"start":{"line":448,"column":0},"end":{"line":448,"column":9}},"448":{"start":{"line":449,"column":0},"end":{"line":449,"column":8}},"449":{"start":{"line":450,"column":0},"end":{"line":450,"column":5}},"450":{"start":{"line":451,"column":0},"end":{"line":451,"column":3}},"451":{"start":{"line":452,"column":0},"end":{"line":452,"column":0}},"452":{"start":{"line":453,"column":0},"end":{"line":453,"column":13}},"453":{"start":{"line":454,"column":0},"end":{"line":454,"column":60}},"454":{"start":{"line":455,"column":0},"end":{"line":455,"column":52}},"455":{"start":{"line":456,"column":0},"end":{"line":456,"column":17}},"456":{"start":{"line":457,"column":0},"end":{"line":457,"column":25}},"457":{"start":{"line":458,"column":0},"end":{"line":458,"column":21}},"458":{"start":{"line":459,"column":0},"end":{"line":459,"column":5}},"459":{"start":{"line":460,"column":0},"end":{"line":460,"column":0}},"460":{"start":{"line":461,"column":0},"end":{"line":461,"column":60}},"461":{"start":{"line":462,"column":0},"end":{"line":462,"column":37}},"462":{"start":{"line":463,"column":0},"end":{"line":463,"column":5}},"463":{"start":{"line":464,"column":0},"end":{"line":464,"column":0}},"464":{"start":{"line":465,"column":0},"end":{"line":465,"column":76}},"465":{"start":{"line":466,"column":0},"end":{"line":466,"column":0}},"466":{"start":{"line":467,"column":0},"end":{"line":467,"column":29}},"467":{"start":{"line":468,"column":0},"end":{"line":468,"column":42}},"468":{"start":{"line":469,"column":0},"end":{"line":469,"column":5}},"469":{"start":{"line":470,"column":0},"end":{"line":
[...]
mn":9}},"locations":[{"start":{"line":283,"column":73},"end":{"line":286,"column":9}}]},"63":{"type":"branch","line":286,"loc":{"start":{"line":286,"column":8},"end":{"line":287,"column":34}},"locations":[{"start":{"line":286,"column":8},"end":{"line":287,"column":34}}]},"64":{"type":"branch","line":287,"loc":{"start":{"line":287,"column":34},"end":{"line":290,"column":9}},"locations":[{"start":{"line":287,"column":34},"end":{"line":290,"column":9}}]},"65":{"type":"branch","line":290,"loc":{"start":{"line":290,"column":8},"end":{"line":291,"column":20}},"locations":[{"start":{"line":290,"column":8},"end":{"line":291,"column":20}}]},"66":{"type":"branch","line":257,"loc":{"start":{"line":257,"column":17},"end":{"line":279,"column":11}},"locations":[{"start":{"line":257,"column":17},"end":{"line":279,"column":11}}]},"67":{"type":"branch","line":258,"loc":{"start":{"line":258,"column":32},"end":{"line":260,"column":13}},"locations":[{"start":{"line":258,"column":32},"end":{"line":260,"column":13}}]},"68":{"type":"branch","line":261,"loc":{"start":{"line":261,"column":41},"end":{"line":266,"column":13}},"locations":[{"start":{"line":261,"column":41},"end":{"line":266,"column":13}}]},"69":{"type":"branch","line":266,"loc":{"start":{"line":266,"column":12},"end":{"line":269,"column":100}},"locations":[{"start":{"line":266,"column":12},"end":{"line":269,"column":100}}]},"70":{"type":"branch","line":269,"loc":{"start":{"line":269,"column":100},"end":{"line":278,"column":25}},"locations":[{"start":{"line":269,"column":100},"end":{"line":278,"column":25}}]},"71":{"type":"branch","line":293,"loc":{"start":{"line":293,"column":6},"end":{"line":319,"column":8}},"locations":[{"start":{"line":293,"column":6},"end":{"line":319,"column":8}}]},"72":{"type":"branch","line":294,"loc":{"start":{"line":294,"column":28},"end":{"line":296,"column":9}},"locations":[{"start":{"line":294,"column":28},"end":{"line":296,"column":9}}]},"73":{"type":"branch","line":298,"loc":{"start":{"line":298,"column":37},"end":{"line":308,"column":96}},"locations":[{"start":{"line":298,"column":37},"end":{"line":308,"column":96}}]},"74":{"type":"branch","line":308,"loc":{"start":{"line":308,"column":96},"end":{"line":318,"column":21}},"locations":[{"start":{"line":308,"column":96},"end":{"line":318,"column":21}}]},"75":{"type":"branch","line":353,"loc":{"start":{"line":353,"column":2},"end":{"line":376,"column":3}},"locations":[{"start":{"line":353,"column":2},"end":{"line":376,"column":3}}]},"76":{"type":"branch","line":354,"loc":{"start":{"line":354,"column":24},"end":{"line":356,"column":5}},"locations":[{"start":{"line":354,"column":24},"end":{"line":356,"column":5}}]},"77":{"type":"branch","line":356,"loc":{"start":{"line":356,"column":4},"end":{"line":362,"column":41}},"locations":[{"start":{"line":356,"column":4},"end":{"line":362,"column":41}}]},"78":{"type":"branch","line":362,"loc":{"start":{"line":362,"column":41},"end":{"line":364,"column":13}},"locations":[{"start":{"line":362,"column":41},"end":{"line":364,"column":13}}]},"79":{"type":"branch","line":364,"loc":{"start":{"line":364,"column":6},"end":{"line":366,"column":7}},"locations":[{"start":{"line":364,"column":6},"end":{"line":366,"column":7}}]},"80":{"type":"branch","line":366,"loc":{"start":{"line":366,"column":6},"end":{"line":375,"column":5}},"locations":[{"start":{"line":366,"column":6},"end":{"line":375,"column":5}}]},"81":{"type":"branch","line":378,"loc":{"start":{"line":378,"column":2},"end":{"line":398,"column":3}},"locations":[{"start":{"line":378,"column":2},"end":{"line":398,"column":3}}]},"82":{"type":"branch","line":379,"loc":{"start":{"line":379,"column":24},"end":{"line":381,"column":5}},"locations":[{"start":{"line":379,"column":24},"end":{"line":381,"column":5}}]},"83":{"type":"branch","line":381,"loc":{"start":{"line":381,"column":4},"end":{"line":397,"column":5}},"locations":[{"start":{"line":381,"column":4},"end":{"line":397,"column":5}}]},"84":{"type":"branch","line":400,"loc":{"start":{"line":400,"column":10},"end":{"line":451,"column":3}},"locations":[{"start":{"line":400,"column":10},"end":{"line":451,"column":3}}]},"85":{"type":"branch","line":401,"loc":{"start":{"line":401,"column":31},"end":{"line":420,"column":11}},"locations":[{"start":{"line":401,"column":31},"end":{"line":420,"column":11}}]},"86":{"type":"branch","line":420,"loc":{"start":{"line":420,"column":4},"end":{"line":450,"column":5}},"locations":[{"start":{"line":420,"column":4},"end":{"line":450,"column":5}}]},"87":{"type":"branch","line":403,"loc":{"start":{"line":403,"column":21},"end":{"line":419,"column":7}},"locations":[{"start":{"line":403,"column":21},"end":{"line":419,"column":7}}]},"88":{"type":"branch","line":404,"loc":{"start":{"line":404,"column":46},"end":{"line":416,"column":15}},"locations":[{"start":{"line":404,"column":46},"end":{"line":416,"column":15}}]},"89":{"type":"branch","line":405,"loc":{"start":{"line":405,"column":35},"end":{"line":410,"column":17}},"locations":[{"start":{"line":405,"column":35},"end":{"line":410,"column":17}}]},"90":{"type":"branch","line":410,"loc":{"start":{"line":410,"column":10},"end":{"line":415,"column":11}},"locations":[{"start":{"line":410,"column":10},"end":{"line":415,"column":11}}]},"91":{"type":"branch","line":411,"loc":{"start":{"line":411,"column":29},"end":{"line":411,"column":71}},"locations":[{"start":{"line":411,"column":29},"end":{"line":411,"column":71}}]},"92":{"type":"branch","line":411,"loc":{"start":{"line":411,"column":59},"end":{"line":411,"column":101}},"locations":[{"start":{"line":411,"column":59},"end":{"line":411,"column":101}}]},"93":{"type":"branch","line":416,"loc":{"start":{"line":416,"column":8},"end":{"line":418,"column":9}},"locations":[{"start":{"line":416,"column":8},"end":{"line":418,"column":9}}]},"94":{"type":"branch","line":424,"loc":{"start":{"line":424,"column":25},"end":{"line":428,"column":7}},"locations":[{"start":{"line":424,"column":25},"end":{"line":428,"column":7}}]},"95":{"type":"branch","line":425,"loc":{"start":{"line":425,"column":30},"end":{"line":427,"column":9}},"locations":[{"start":{"line":425,"column":30},"end":{"line":427,"column":9}}]},"96":{"type":"branch","line":430,"loc":{"start":{"line":430,"column":25},"end":{"line":449,"column":7}},"locations":[{"start":{"line":430,"column":25},"end":{"line":449,"column":7}}]},"97":{"type":"branch","line":434,"loc":{"start":{"line":434,"column":12},"end":{"line":434,"column":56}},"locations":[{"start":{"line":434,"column":12},"end":{"line":434,"column":56}}]},"98":{"type":"branch","line":434,"loc":{"start":{"line":434,"column":56},"end":{"line":446,"column":15}},"locations":[{"start":{"line":434,"column":56},"end":{"line":446,"column":15}}]},"99":{"type":"branch","line":435,"loc":{"start":{"line":435,"column":40},"end":{"line":440,"column":17}},"locations":[{"start":{"line":435,"column":40},"end":{"line":440,"column":17}}]},"100":{"type":"branch","line":436,"loc":{"start":{"line":436,"column":43},"end":{"line":438,"column":13}},"locations":[{"start":{"line":436,"column":43},"end":{"line":438,"column":13}}]},"101":{"type":"branch","line":440,"loc":{"start":{"line":440,"column":10},"end":{"line":445,"column":11}},"locations":[{"start":{"line":440,"column":10},"end":{"line":445,"column":11}}]},"102":{"type":"branch","line":441,"loc":{"start":{"line":441,"column":89},"end":{"line":443,"column":13}},"locations":[{"start":{"line":441,"column":89},"end":{"line":443,"column":13}}]},"103":{"type":"branch","line":446,"loc":{"start":{"line":446,"column":8},"end":{"line":448,"column":9}},"locations":[{"start":{"line":446,"column":8},"end":{"line":448,"column":9}}]},"104":{"type":"branch","line":453,"loc":{"start":{"line":453,"column":2},"end":{"line":472,"column":3}},"locations":[{"start":{"line":453,"column":2},"end":{"line":472,"column":3}}]},"105":{"type":"branch","line":457,"loc":{"start":{"line":457,"column":24},"end":{"line":459,"column":5}},"locations":[{"start":{"line":457,"column":24},"end":{"line":459,"column":5}}]},"106":{"type":"branch","line":459,"loc":{"start":{"line":459,"column":4},"end":{"line":467,"column":18}},"locations":[{"start":{"line":459,"column":4},"end":{"line":467,"column":18}}]},"107":{"type":"branch","line":467,"loc":{"start":{"line":467,"column":9},"end":{"line":467,"column":28}},"locations":[{"start":{"line":467,"column":9},"end":{"line":467,"column":28}}]},"108":{"type":"branch","line":467,"loc":{"start":{"line":467,"column":28},"end":{"line":469,"column":5}},"locations":[{"start":{"line":467,"column":28},"end":{"line":469,"column":5}}]},"109":{"type":"branch","line":469,"loc":{"start":{"line":469,"column":4},"end":{"line":471,"column":22}},"locations":[{"start":{"line":469,"column":4},"end":{"line":471,"column":22}}]},"110":{"type":"branch","line":458,"loc":{"start":{"line":458,"column":13},"end":{"line":458,"column":21}},"locations":[{"start":{"line":458,"column":13},"end":{"line":458,"column":21}}]},"111":{"type":"branch","line":461,"loc":{"start":{"line":461,"column":28},"end":{"line":463,"column":5}},"locations":[{"start":{"line":461,"column":28},"end":{"line":463,"column":5}}]},"112":{"type":"branch","line":474,"loc":{"start":{"line":474,"column":2},"end":{"line":489,"column":3}},"locations":[{"start":{"line":474,"column":2},"end":{"line":489,"column":3}}]},"113":{"type":"branch","line":478,"loc":{"start":{"line":478,"column":24},"end":{"line":480,"column":5}},"locations":[{"start":{"line":478,"column":24},"end":{"line":480,"column":5}}]},"114":{"type":"branch","line":480,"loc":{"start":{"line":480,"column":4},"end":{"line":484,"column":18}},"locations":[{"start":{"line":480,"column":4},"end":{"line":484,"column":18}}]},"115":{"type":"branch","line":484,"loc":{"start":{"line":484,"column":9},"end":{"line":484,"column":28}},"locations":[{"start":{"line":484,"column":9},"end":{"line":484,"column":28}}]},"116":{"type":"branch","line":484,"loc":{"start":{"line":484,"column":28},"end":{"line":488,"column":22}},"locations":[{"start":{"line":484,"column":28},"end":{"line":488,"column":22}}]},"117":{"type":"branch","line":479,"loc":{"start":{"line":479,"column":13},"end":{"line":479,"column":21}},"locations":[{"start":{"line":479,"column":13},"end":{"line":479,"column":21}}]},"118":{"type":"branch","line":491,"loc":{"start":{"line":491,"column":2},"end":{"line":493,"column":3}},"locations":[{"start":{"line":491,"column":2},"end":{"line":493,"column":3}}]},"119":{"type":"branch","line":495,"loc":{"start":{"line":495,"column":2},"end":{"line":503,"column":3}},"locations":[{"start":{"line":495,"column":2},"end":{"line":503,"column":3}}]},"120":{"type":"branch","line":496,"loc":{"start":{"line":496,"column":24},"end":{"line":496,"column":30}},"locations":[{"start":{"line":496,"column":24},"end":{"line":496,"column":30}}]},"121":{"type":"branch","line":496,"loc":{"start":{"line":496,"column":24},"end":{"line":502,"column":37}},"locations":[{"start":{"line":496,"column":24},"end":{"line":502,"column":37}}]},"122":{"type":"branch","line":499,"loc":{"start":{"line":499,"column":31},"end":{"line":499,"column":47}},"locations":[{"start":{"line":499,"column":31},"end":{"line":499,"column":47}}]},"123":{"type":"branch","line":505,"loc":{"start":{"line":505,"column":2},"end":{"line":551,"column":3}},"locations":[{"start":{"line":505,"column":2},"end":{"line":551,"column":3}}]},"124":{"type":"branch","line":506,"loc":{"start":{"line":506,"column":25},"end":{"line":508,"column":5}},"locations":[{"start":{"line":506,"column":25},"end":{"line":508,"column":5}}]},"125":{"type":"branch","line":508,"loc":{"start":{"line":508,"column":4},"end":{"line":550,"column":20}},"locations":[{"start":{"line":508,"column":4},"end":{"line":550,"column":20}}]},"126":{"type":"branch","line":518,"loc":{"start":{"line":518,"column":40},"end":{"line":524,"column":5}},"locations":[{"start":{"line":518,"column":40},"end":{"line":524,"column":5}}]},"127":{"type":"branch","line":520,"loc":{"start":{"line":520,"column":13},"end":{"line":520,"column":47}},"locations":[{"start":{"line":520,"column":13},"end":{"line":520,"column":47}}]},"128":{"type":"branch","line":526,"loc":{"start":{"line":526,"column":39},"end":{"line":532,"column":5}},"locations":[{"start":{"line":526,"column":39},"end":{"line":532,"column":5}}]},"129":{"type":"branch","line":528,"loc":{"start":{"line":528,"column":13},"end":{"line":528,"column":66}},"locations":[{"start":{"line":528,"column":13},"end":{"line":528,"column":66}}]},"130":{"type":"branch","line":534,"loc":{"start":{"line":534,"column":39},"end":{"line":541,"column":5}},"locations":[{"start":{"line":534,"column":39},"end":{"line":541,"column":5}}]},"131":{"type":"branch","line":553,"loc":{"start":{"line":553,"column":2},"end":{"line":555,"column":3}},"locations":[{"start":{"line":553,"column":2},"end":{"line":555,"column":3}}]},"132":{"type":"branch","line":557,"loc":{"start":{"line":557,"column":2},"end":{"line":559,"column":3}},"locations":[{"start":{"line":557,"column":2},"end":{"line":559,"column":3}}]}},"b":{"0":[88],"1":[88],"2":[17],"3":[9],"4":[94],"5":[0],"6":[88],"7":[160],"8":[30],"9":[38],"10":[88],"11":[402],"12":[56],"13":[56],"14":[1],"15":[55],"16":[3],"17":[48],"18":[4],"19":[2],"20":[1],"21":[55],"22":[135],"23":[16],"24":[119],"25":[293],"26":[200],"27":[94],"28":[27],"29":[4],"30":[23],"31":[266],"32":[67],"33":[4],"34":[63],"35":[199],"36":[51],"37":[0],"38":[3],"39":[2],"40":[1],"41":[48],"42":[42],"43":[8],"44":[34],"45":[48],"46":[3],"47":[0],"48":[2],"49":[1],"50":[1],"51":[1],"52":[1],"53":[0],"54":[76],"55":[50],"56":[26],"57":[159],"58":[28],"59":[131],"60":[109],"61":[29],"62":[20],"63":[111],"64":[9],"65":[102],"66":[28],"67":[0],"68":[9],"69":[19],"70":[19],"71":[2],"72":[0],"73":[1],"74":[1],"75":[6],"76":[2],"77":[4],"78":[1],"79":[3],"80":[4],"81":[7],"82":[1],"83":[6],"84":[24],"85":[8],"86":[16],"87":[17],"88":[7],"89":[2],"90":[5],"91":[0],"92":[0],"93":[10],"94":[19],"95":[1],"96":[24],"97":[22],"98":[11],"99":[6],"100":[3],"101":[5],"102":[1],"103":[13],"104":[13],"105":[1],"106":[12],"107":[1],"108":[11],"109":[12],"110":[1],"111":[7],"112":[8],"113":[1],"114":[7],"115":[0],"116":[7],"117":[1],"118":[10],"119":[25],"120":[1],"121":[24],"122":[4],"123":[28],"124":[1],"125":[27],"126":[49],"127":[27],"128":[27],"129":[6],"130":[68],"131":[8],"132":[1]},"fnMap":{"0":{"name":"<instance_members_initializer>","decl":{"start":{"line":16,"column":7},"end":{"line":560,"column":1}},"loc":{"start":{"line":16,"column":7},"end":{"line":560,"column":1}},"line":16},"1":{"name":"Store","decl":{"start":{"line":44,"column":2},"end":{"line":64,"column":3}},"loc":{"start":{"line":44,"column":2},"end":{"line":64,"column":3}},"line":44},"2":{"name":"_structuredClone","decl":{"start":{"line":66,"column":10},"end":{"line":71,"column":3}},"loc":{"start":{"line":66,"column":10},"end":{"line":71,"column":3}},"line":66},"3":{"name":"_createComputedGetters","decl":{"start":{"line":73,"column":10},"end":{"line":89,"column":3}},"loc":{"start":{"line":73,"column":10},"end":{"line":89,"column":3}},"line":73},"4":{"name":"get","decl":{"start":{"line":82,"column":13},"end":{"line":82,"column":37}},"loc":{"start":{"line":82,"column":13},"end":{"line":82,"column":37}},"line":82},"5":{"name":"_createBoundActions","decl":{"start":{"line":91,"column":10},"end":{"line":102,"column":3}},"loc":{"start":{"line":91,"column":10},"end":{"line":102,"column":3}},"line":91},"6":{"name":"boundActions.<computed>","decl":{"start":{"line":96,"column":27},"end":{"line":98,"column":22}},"loc":{"start":{"line":96,"column":27},"end":{"line":98,"column":22}},"line":96},"7":{"name":"_executeAction","decl":{"start":{"line":104,"column":10},"end":{"line":149,"column":3}},"loc":{"start":{"line":104,"column":10},"end":{"line":149,"column":3}},"line":104},"8":{"name":"_createActionContext","decl":{"start":{"line":151,"column":10},"end":{"line":163,"column":3}},"loc":{"start":{"line":151,"column":10},"end":{"line":163,"column":3}},"line":151},"9":{"name":"_setupStateProtection","decl":{"start":{"line":165,"column":10},"end":{"line":243,"column":3}},"loc":{"start":{"line":165,"column":10},"end":{"line":243,"column":3}},"line":165},"10":{"name":"get","decl":{"start":{"line":173,"column":6},"end":{"line":184,"column":8}},"loc":{"start":{"line":173,"column":6},"end":{"line":184,"column":8}},"line":173},"11":{"name":"set","decl":{"start":{"line":185,"column":6},"end":{"line":211,"column":8}},"loc":{"start":{"line":185,"column":6},"end":{"line":211,"column":8}},"line":185},"12":{"name":"deleteProperty","decl":{"start":{"line":212,"column":6},"end":{"line":237,"column":7}},"loc":{"start":{"line":212,"column":6},"end":{"line":237,"column":7}},"line":212},"13":{"name":"_setupArrayProtection","decl":{"start":{"line":245,"column":10},"end":{"line":351,"column":3}},"loc":{"start":{"line":245,"column":10},"end":{"line":351,"column":3}},"line":245},"14":{"name":"get","decl":{"start":{"line":255,"column":6},"end":{"line":292,"column":8}},"loc":{"start":{"line":255,"column":6},"end":{"line":292,"column":8}},"line":255},"15":{"name":"set","decl":{"start":{"line":293,"column":6},"end":{"line":319,"column":8}},"loc":{"start":{"line":293,"column":6},"end":{"line":319,"column":8}},"line":293},"16":{"name":"deleteProperty","decl":{"start":{"line":320,"column":6},"end":{"line":345,"column":7}},"loc":{"start":{"line":320,"column":6},"end":{"line":345,"column":7}},"line":320},"17":{"name":"$patch","decl":{"start":{"line":353,"column":2},"end":{"line":376,"column":3}},"loc":{"start":{"line":353,"column":2},"end":{"line":376,"column":3}},"line":353},"18":{"name":"$reset","decl":{"start":{"line":378,"column":2},"end":{"line":398,"column":3}},"loc":{"start":{"line":378,"column":2},"end":{"line":398,"column":3}},"line":378},"19":{"name":"_deepAssign","decl":{"start":{"line":400,"column":10},"end":{"line":451,"column":3}},"loc":{"start":{"line":400,"column":10},"end":{"line":451,"column":3}},"line":400},"20":{"name":"$subscribe","decl":{"start":{"line":453,"column":2},"end":{"line":472,"column":3}},"loc":{"start":{"line":453,"column":2},"end":{"line":472,"column":3}},"line":453},"21":{"name":"wrappedCallback","decl":{"start":{"line":461,"column":28},"end":{"line":463,"column":5}},"loc":{"start":{"line":461,"column":28},"end":{"line":463,"column":5}},"line":461},"22":{"name":"$onAction","decl":{"start":{"line":474,"column":2},"end":{"line":489,"column":3}},"loc":{"start":{"line":474,"column":2},"end":{"line":489,"column":3}},"line":474},"23":{"name":"$debug","decl":{"start":{"line":491,"column":2},"end":{"line":493,"column":3}},"loc":{"start":{"line":491,"column":2},"end":{"line":493,"column":3}},"line":491},"24":{"name":"$dispose","decl":{"start":{"line":495,"column":2},"end":{"line":503,"column":3}},"loc":{"start":{"line":495,"column":2},"end":{"line":503,"column":3}},"line":495},"25":{"name":"toPublicAPI","decl":{"start":{"line":505,"column":2},"end":{"line":551,"column":3}},"loc":{"start":{"line":505,"column":2},"end":{"line":551,"column":3}},"line":505},"26":{"name":"get","decl":{"start":{"line":520,"column":13},"end":{"line":520,"column":47}},"loc":{"start":{"line":520,"column":13},"end":{"line":520,"column":47}},"line":520},"27":{"name":"get","decl":{"start":{"line":528,"column":13},"end":{"line":528,"column":66}},"loc":{"start":{"line":528,"column":13},"end":{"line":528,"column":66}},"line":528},"28":{"name":"get isDisposed","decl":{"start":{"line":553,"column":2},"end":{"line":555,"column":3}},"loc":{"start":{"line":553,"column":2},"end":{"line":555,"column":3}},"line":553},"29":{"name":"get actionInProgress","decl":{"start":{"line":557,"column":2},"end":{"line":559,"column":3}},"loc":{"start":{"line":557,"column":2},"end":{"line":559,"column":3}},"line":557}},"f":{"0":88,"1":88,"2":94,"3":88,"4":38,"5":88,"6":56,"7":56,"8":55,"9":135,"10":293,"11":51,"12":3,"13":76,"14":159,"15":2,"16":0,"17":6,"18":7,"19":24,"20":13,"21":7,"22":8,"23":10,"24":25,"25":28,"26":27,"27":6,"28":8,"29":1}}
}
