{"D:\\solo\\vue-store\\src\\globalStore.ts": {"path":"D:\\solo\\vue-store\\src\\globalStore.ts","all":false,"statementMap":{"0":{"start":{"line":1,"column":0},"end":{"line":1,"column":13}},"1":{"start":{"line":2,"column":0},"end":{"line":2,"column":8}},"2":{"start":{"line":3,"column":0},"end":{"line":3,"column":10}},"3":{"start":{"line":4,"column":0},"end":{"line":4,"column":16}},"4":{"start":{"line":5,"column":0},"end":{"line":5,"column":14}},"5":{"start":{"line":6,"column":0},"end":{"line":6,"column":16}},"6":{"start":{"line":7,"column":0},"end":{"line":7,"column":14}},"7":{"start":{"line":8,"column":0},"end":{"line":8,"column":18}},"8":{"start":{"line":9,"column":0},"end":{"line":9,"column":11}},"9":{"start":{"line":10,"column":0},"end":{"line":10,"column":18}},"10":{"start":{"line":11,"column":0},"end":{"line":11,"column":16}},"11":{"start":{"line":12,"column":0},"end":{"line":12,"column":31}},"12":{"start":{"line":13,"column":0},"end":{"line":13,"column":0}},"13":{"start":{"line":14,"column":0},"end":{"line":14,"column":46}},"14":{"start":{"line":15,"column":0},"end":{"line":15,"column":45}},"15":{"start":{"line":16,"column":0},"end":{"line":16,"column":83}},"16":{"start":{"line":17,"column":0},"end":{"line":17,"column":77}},"17":{"start":{"line":18,"column":0},"end":{"line":18,"column":0}},"18":{"start":{"line":19,"column":0},"end":{"line":19,"column":11}},"19":{"start":{"line":20,"column":0},"end":{"line":20,"column":20}},"20":{"start":{"line":21,"column":0},"end":{"line":21,"column":25}},"21":{"start":{"line":22,"column":0},"end":{"line":22,"column":30}},"22":{"start":{"line":23,"column":0},"end":{"line":23,"column":57}},"23":{"start":{"line":24,"column":0},"end":{"line":24,"column":48}},"24":{"start":{"line":25,"column":0},"end":{"line":25,"column":88}},"25":{"start":{"line":26,"column":0},"end":{"line":26,"column":5}},"26":{"start":{"line":27,"column":0},"end":{"line":27,"column":0}},"27":{"start":{"line":28,"column":0},"end":{"line":28,"column":28}},"28":{"start":{"line":29,"column":0},"end":{"line":29,"column":79}},"29":{"start":{"line":30,"column":0},"end":{"line":30,"column":0}},"30":{"start":{"line":31,"column":0},"end":{"line":31,"column":39}},"31":{"start":{"line":32,"column":0},"end":{"line":32,"column":58}},"32":{"start":{"line":33,"column":0},"end":{"line":33,"column":46}},"33":{"start":{"line":34,"column":0},"end":{"line":34,"column":66}},"34":{"start":{"line":35,"column":0},"end":{"line":35,"column":7}},"35":{"start":{"line":36,"column":0},"end":{"line":36,"column":0}},"36":{"start":{"line":37,"column":0},"end":{"line":37,"column":74}},"37":{"start":{"line":38,"column":0},"end":{"line":38,"column":5}},"38":{"start":{"line":39,"column":0},"end":{"line":39,"column":0}},"39":{"start":{"line":40,"column":0},"end":{"line":40,"column":51}},"40":{"start":{"line":41,"column":0},"end":{"line":41,"column":0}},"41":{"start":{"line":42,"column":0},"end":{"line":42,"column":19}},"42":{"start":{"line":43,"column":0},"end":{"line":43,"column":3}},"43":{"start":{"line":44,"column":0},"end":{"line":44,"column":0}},"44":{"start":{"line":45,"column":0},"end":{"line":45,"column":74}},"45":{"start":{"line":46,"column":0},"end":{"line":46,"column":49}},"46":{"start":{"line":47,"column":0},"end":{"line":47,"column":18}},"47":{"start":{"line":48,"column":0},"end":{"line":48,"column":27}},"48":{"start":{"line":49,"column":0},"end":{"line":49,"column":5}},"49":{"start":{"line":50,"column":0},"end":{"line":50,"column":20}},"50":{"start":{"line":51,"column":0},"end":{"line":51,"column":3}},"51":{"start":{"line":52,"column":0},"end":{"line":52,"column":0}},"52":{"start":{"line":53,"column":0},"end":{"line":53,"column":30}},"53":{"start":{"line":54,"column":0},"end":{"line":54,"column":40}},"54":{"start":{"line":55,"column":0},"end":{"line":55,"column":3}},"55":{"start":{"line":56,"column":0},"end":{"line":56,"column":0}},"56":{"start":{"line":57,"column":0},"end":{"line":57,"column":20}},"57":{"start":{"line":58,"column":0},"end":{"line":58,"column":49}},"58":{"start":{"line":59,"column":0},"end":{"line":59,"column":3}},"59":{"start":{"line":60,"column":0},"end":{"line":60,"column":0}},"60":{"start":{"line":61,"column":0},"end":{"line":61,"column":29}},"61":{"start":{"line":62,"column":0},"end":{"line":62,"column":48}},"62":{"start":{"line":63,"column":0},"end":{"line":63,"column":28}},"63":{"start":{"line":64,"column":0},"end":{"line":64,"column":34}},"64":{"start":{"line":65,"column":0},"end":{"line":65,"column":0}},"65":{"start":{"line":66,"column":0},"end":{"line":66,"column":44}},"66":{"start":{"line":67,"column":0},"end":{"line":67,"column":38}},"67":{"start":{"line":68,"column":0},"end":{"line":68,"column":30}},"68":{"start":{"line":69,"column":0},"end":{"line":69,"column":51}},"69":{"start":{"line":70,"column":0},"end":{"line":70,"column":63}},"70":{"start":{"line":71,"column":0},"end":{"line":71,"column":6}},"71":{"start":{"line":72,"column":0},"end":{"line":72,"column":0}},"72":{"start":{"line":73,"column":0},"end":{"line":73,"column":12}},"73":{"start":{"line":74,"column":0},"end":{"line":74,"column":13}},"74":{"start":{"line":75,"column":0},"end":{"line":75,"column":38}},"75":{"start":{"line":76,"column":0},"end":{"line":76,"column":23}},"76":{"start":{"line":77,"column":0},"end":{"line":77,"column":28}},"77":{"start":{"line":78,"column":0},"end":{"line":78,"column":5}},"78":{"start":{"line":79,"column":0},"end":{"line":79,"column":3}},"79":{"start":{"line":80,"column":0},"end":{"line":80,"column":0}},"80":{"start":{"line":81,"column":0},"end":{"line":81,"column":19}},"81":{"start":{"line":82,"column":0},"end":{"line":82,"column":38}},"82":{"start":{"line":83,"column":0},"end":{"line":83,"column":22}},"83":{"start":{"line":84,"column":0},"end":{"line":84,"column":6}},"84":{"start":{"line":85,"column":0},"end":{"line":85,"column":25}},"85":{"start":{"line":86,"column":0},"end":{"line":86,"column":31}},"86":{"start":{"line":87,"column":0},"end":{"line":87,"column":31}},"87":{"start":{"line":88,"column":0},"end":{"line":88,"column":3}},"88":{"start":{"line":89,"column":0},"end":{"line":89,"column":1}},"89":{"start":{"line":90,"column":0},"end":{"line":90,"column":0}},"90":{"start":{"line":91,"column":0},"end":{"line":91,"column":41}},"91":{"start":{"line":92,"column":0},"end":{"line":92,"column":0}},"92":{"start":{"line":93,"column":0},"end":{"line":93,"column":50}},"93":{"start":{"line":94,"column":0},"end":{"line":94,"column":30}},"94":{"start":{"line":95,"column":0},"end":{"line":95,"column":1}},"95":{"start":{"line":96,"column":0},"end":{"line":96,"column":0}},"96":{"start":{"line":97,"column":0},"end":{"line":97,"column":28}},"97":{"start":{"line":98,"column":0},"end":{"line":98,"column":18}},"98":{"start":{"line":99,"column":0},"end":{"line":99,"column":23}},"99":{"start":{"line":100,"column":0},"end":{"line":100,"column":28}},"100":{"start":{"line":101,"column":0},"end":{"line":101,"column":55}},"101":{"start":{"line":102,"column":0},"end":{"line":102,"column":38}},"102":{"start":{"line":103,"column":0},"end":{"line":103,"column":1}},"103":{"start":{"line":104,"column":0},"end":{"line":104,"column":0}},"104":{"start":{"line":105,"column":0},"end":{"line":105,"column":93}},"105":{"start":{"line":106,"column":0},"end":{"line":106,"column":33}},"106":{"start":{"line":107,"column":0},"end":{"line":107,"column":1}},"107":{"start":{"line":108,"column":0},"end":{"line":108,"column":0}},"108":{"start":{"line":109,"column":0},"end":{"line":109,"column":49}},"109":{"start":{"line":110,"column":0},"end":{"line":110,"column":30}},"110":{"start":{"line":111,"column":0},"end":{"line":111,"column":1}},"111":{"start":{"line":112,"column":0},"end":{"line":112,"column":0}},"112":{"start":{"line":113,"column":0},"end":{"line":113,"column":40}},"113":{"start":{"line":114,"column":0},"end":{"line":114,"column":27}},"114":{"start":{"line":115,"column":0},"end":{"line":115,"column":1}},"115":{"start":{"line":116,"column":0},"end":{"line":116,"column":0}},"116":{"start":{"line":117,"column":0},"end":{"line":117,"column":48}},"117":{"start":{"line":118,"column":0},"end":{"line":118,"column":29}},"118":{"start":{"line":119,"column":0},"end":{"line":119,"column":1}},"119":{"start":{"line":120,"column":0},"end":{"line":120,"column":0}},"120":{"start":{"line":121,"column":0},"end":{"line":121,"column":42}},"121":{"start":{"line":122,"column":0},"end":{"line":122,"column":23}},"122":{"start":{"line":123,"column":0},"end":{"line":123,"column":1}},"123":{"start":{"line":124,"column":0},"end":{"line":124,"column":0}},"124":{"start":{"line":125,"column":0},"end":{"line":125,"column":26}}},"s":{"0":1,"1":1,"2":1,"3":1,"4":1,"5":1,"6":1,"7":1,"8":1,"9":1,"10":1,"11":1,"12":1,"13":7,"14":7,"15":7,"16":7,"17":7,"18":7,"19":27,"20":27,"21":27,"22":27,"23":27,"24":1,"25":1,"26":26,"27":26,"28":28,"29":28,"30":28,"31":21,"32":21,"33":21,"34":21,"35":28,"36":28,"37":28,"38":26,"39":26,"40":26,"41":26,"42":27,"43":7,"44":7,"45":9,"46":9,"47":8,"48":8,"49":1,"50":9,"51":7,"52":7,"53":5,"54":5,"55":7,"56":7,"57":3,"58":3,"59":7,"60":7,"61":2,"62":2,"63":2,"64":2,"65":2,"66":2,"67":2,"68":2,"69":2,"70":2,"71":2,"72":2,"73":2,"74":2,"75":2,"76":2,"77":2,"78":2,"79":7,"80":7,"81":46,"82":17,"83":46,"84":46,"85":46,"86":46,"87":46,"88":7,"89":1,"90":1,"91":1,"92":1,"93":6,"94":6,"95":1,"96":1,"97":22,"98":22,"99":22,"100":22,"101":22,"102":22,"103":1,"104":1,"105":9,"106":9,"107":1,"108":1,"109":3,"110":3,"111":1,"112":1,"113":3,"114":3,"115":1,"116":1,"117":2,"118":2,"119":1,"120":1,"121":45,"122":45,"123":1,"124":1},"branchMap":{"0":{"type":"branch","line":14,"loc":{"start":{"line":14,"column":0},"end":{"line":89,"column":1}},"locations":[{"start":{"line":14,"column":0},"end":{"line":89,"column":1}}]},"1":{"type":"branch","line":19,"loc":{"start":{"line":19,"column":2},"end":{"line":43,"column":3}},"locations":[{"start":{"line":19,"column":2},"end":{"line":43,"column":3}}]},"2":{"type":"branch","line":24,"loc":{"start":{"line":24,"column":47},"end":{"line":26,"column":5}},"locations":[{"start":{"line":24,"column":47},"end":{"line":26,"column":5}}]},"3":{"type":"branch","line":26,"loc":{"start":{"line":26,"column":4},"end":{"line":42,"column":19}},"locations":[{"start":{"line":26,"column":4},"end":{"line":42,"column":19}}]},"4":{"type":"branch","line":28,"loc":{"start":{"line":28,"column":21},"end":{"line":38,"column":5}},"locations":[{"start":{"line":28,"column":21},"end":{"line":38,"column":5}}]},"5":{"type":"branch","line":31,"loc":{"start":{"line":31,"column":11},"end":{"line":31,"column":38}},"locations":[{"start":{"line":31,"column":11},"end":{"line":31,"column":38}}]},"6":{"type":"branch","line":31,"loc":{"start":{"line":31,"column":38},"end":{"line":35,"column":7}},"locations":[{"start":{"line":31,"column":38},"end":{"line":35,"column":7}}]},"7":{"type":"branch","line":45,"loc":{"start":{"line":45,"column":2},"end":{"line":51,"column":3}},"locations":[{"start":{"line":45,"column":2},"end":{"line":51,"column":3}}]},"8":{"type":"branch","line":47,"loc":{"start":{"line":47,"column":17},"end":{"line":49,"column":5}},"locations":[{"start":{"line":47,"column":17},"end":{"line":49,"column":5}}]},"9":{"type":"branch","line":49,"loc":{"start":{"line":49,"column":4},"end":{"line":50,"column":20}},"locations":[{"start":{"line":49,"column":4},"end":{"line":50,"column":20}}]},"10":{"type":"branch","line":53,"loc":{"start":{"line":53,"column":2},"end":{"line":55,"column":3}},"locations":[{"start":{"line":53,"column":2},"end":{"line":55,"column":3}}]},"11":{"type":"branch","line":57,"loc":{"start":{"line":57,"column":2},"end":{"line":59,"column":3}},"locations":[{"start":{"line":57,"column":2},"end":{"line":59,"column":3}}]},"12":{"type":"branch","line":61,"loc":{"start":{"line":61,"column":2},"end":{"line":79,"column":3}},"locations":[{"start":{"line":61,"column":2},"end":{"line":79,"column":3}}]},"13":{"type":"branch","line":66,"loc":{"start":{"line":66,"column":26},"end":{"line":71,"column":5}},"locations":[{"start":{"line":66,"column":26},"end":{"line":71,"column":5}}]},"14":{"type":"branch","line":81,"loc":{"start":{"line":81,"column":2},"end":{"line":88,"column":3}},"locations":[{"start":{"line":81,"column":2},"end":{"line":88,"column":3}}]},"15":{"type":"branch","line":82,"loc":{"start":{"line":82,"column":26},"end":{"line":84,"column":5}},"locations":[{"start":{"line":82,"column":26},"end":{"line":84,"column":5}}]},"16":{"type":"branch","line":93,"loc":{"start":{"line":93,"column":7},"end":{"line":95,"column":1}},"locations":[{"start":{"line":93,"column":7},"end":{"line":95,"column":1}}]},"17":{"type":"branch","line":97,"loc":{"start":{"line":97,"column":7},"end":{"line":103,"column":1}},"locations":[{"start":{"line":97,"column":7},"end":{"line":103,"column":1}}]},"18":{"type":"branch","line":105,"loc":{"start":{"line":105,"column":7},"end":{"line":107,"column":1}},"locations":[{"start":{"line":105,"column":7},"end":{"line":107,"column":1}}]},"19":{"type":"branch","line":109,"loc":{"start":{"line":109,"column":7},"end":{"line":111,"column":1}},"locations":[{"start":{"line":109,"column":7},"end":{"line":111,"column":1}}]},"20":{"type":"branch","line":113,"loc":{"start":{"line":113,"column":7},"end":{"line":115,"column":1}},"locations":[{"start":{"line":113,"column":7},"end":{"line":115,"column":1}}]},"21":{"type":"branch","line":117,"loc":{"start":{"line":117,"column":7},"end":{"line":119,"column":1}},"locations":[{"start":{"line":117,"column":7},"end":{"line":119,"column":1}}]},"22":{"type":"branch","line":121,"loc":{"start":{"line":121,"column":7},"end":{"line":123,"column":1}},"locations":[{"start":{"line":121,"column":7},"end":{"line":123,"column":1}}]}},"b":{"0":[7],"1":[27],"2":[1],"3":[26],"4":[28],"5":[7],"6":[21],"7":[9],"8":[8],"9":[1],"10":[5],"11":[3],"12":[2],"13":[2],"14":[46],"15":[17],"16":[6],"17":[22],"18":[9],"19":[3],"20":[3],"21":[2],"22":[45]},"fnMap":{"0":{"name":"<instance_members_initializer>","decl":{"start":{"line":14,"column":0},"end":{"line":89,"column":1}},"loc":{"start":{"line":14,"column":0},"end":{"line":89,"column":1}},"line":14},"1":{"name":"register","decl":{"start":{"line":19,"column":2},"end":{"line":43,"column":3}},"loc":{"start":{"line":19,"column":2},"end":{"line":43,"column":3}},"line":19},"2":{"name":"useStore","decl":{"start":{"line":28,"column":21},"end":{"line":38,"column":5}},"loc":{"start":{"line":28,"column":21},"end":{"line":38,"column":5}},"line":28},"3":{"name":"get","decl":{"start":{"line":45,"column":2},"end":{"line":51,"column":3}},"loc":{"start":{"line":45,"column":2},"end":{"line":51,"column":3}},"line":45},"4":{"name":"has","decl":{"start":{"line":53,"column":2},"end":{"line":55,"column":3}},"loc":{"start":{"line":53,"column":2},"end":{"line":55,"column":3}},"line":53},"5":{"name":"list","decl":{"start":{"line":57,"column":2},"end":{"line":59,"column":3}},"loc":{"start":{"line":57,"column":2},"end":{"line":59,"column":3}},"line":57},"6":{"name":"$debug","decl":{"start":{"line":61,"column":2},"end":{"line":79,"column":3}},"loc":{"start":{"line":61,"column":2},"end":{"line":79,"column":3}},"line":61},"7":{"name":"dispose","decl":{"start":{"line":81,"column":2},"end":{"line":88,"column":3}},"loc":{"start":{"line":81,"column":2},"end":{"line":88,"column":3}},"line":81},"8":{"name":"createGlobalStore","decl":{"start":{"line":93,"column":7},"end":{"line":95,"column":1}},"loc":{"start":{"line":93,"column":7},"end":{"line":95,"column":1}},"line":93},"9":{"name":"defineStore","decl":{"start":{"line":97,"column":7},"end":{"line":103,"column":1}},"loc":{"start":{"line":97,"column":7},"end":{"line":103,"column":1}},"line":97},"10":{"name":"getStore","decl":{"start":{"line":105,"column":7},"end":{"line":107,"column":1}},"loc":{"start":{"line":105,"column":7},"end":{"line":107,"column":1}},"line":105},"11":{"name":"hasStore","decl":{"start":{"line":109,"column":7},"end":{"line":111,"column":1}},"loc":{"start":{"line":109,"column":7},"end":{"line":111,"column":1}},"line":109},"12":{"name":"listStores","decl":{"start":{"line":113,"column":7},"end":{"line":115,"column":1}},"loc":{"start":{"line":113,"column":7},"end":{"line":115,"column":1}},"line":113},"13":{"name":"debugStores","decl":{"start":{"line":117,"column":7},"end":{"line":119,"column":1}},"loc":{"start":{"line":117,"column":7},"end":{"line":119,"column":1}},"line":117},"14":{"name":"disposeAllStores","decl":{"start":{"line":121,"column":7},"end":{"line":123,"column":1}},"loc":{"start":{"line":121,"column":7},"end":{"line":123,"column":1}},"line":121}},"f":{"0":7,"1":27,"2":28,"3":9,"4":5,"5":3,"6":2,"7":46,"8":6,"9":22,"10":9,"11":3,"12":3,"13":2,"14":45}}
,"D:\\solo\\vue-store\\src\\observable.ts": {"path":"D:\\solo\\vue-store\\src\\observable.ts","all":false,"statementMap":{"0":{"start":{"line":1,"column":0},"end":{"line":1,"column":13}},"1":{"start":{"line":2,"column":0},"end":{"line":2,"column":8}},"2":{"start":{"line":3,"column":0},"end":{"line":3,"column":10}},"3":{"start":{"line":4,"column":0},"end":{"line":4,"column":18}},"4":{"start":{"line":5,"column":0},"end":{"line":5,"column":15}},"5":{"start":{"line":6,"column":0},"end":{"line":6,"column":13}},"6":{"start":{"line":7,"column":0},"end":{"line":7,"column":23}},"7":{"start":{"line":8,"column":0},"end":{"line":8,"column":17}},"8":{"start":{"line":9,"column":0},"end":{"line":9,"column":19}},"9":{"start":{"line":10,"column":0},"end":{"line":10,"column":17}},"10":{"start":{"line":11,"column":0},"end":{"line":11,"column":18}},"11":{"start":{"line":12,"column":0},"end":{"line":12,"column":16}},"12":{"start":{"line":13,"column":0},"end":{"line":13,"column":0}},"13":{"start":{"line":14,"column":0},"end":{"line":14,"column":23}},"14":{"start":{"line":15,"column":0},"end":{"line":15,"column":13}},"15":{"start":{"line":16,"column":0},"end":{"line":16,"column":15}},"16":{"start":{"line":17,"column":0},"end":{"line":17,"column":19}},"17":{"start":{"line":18,"column":0},"end":{"line":18,"column":1}},"18":{"start":{"line":19,"column":0},"end":{"line":19,"column":0}},"19":{"start":{"line":20,"column":0},"end":{"line":20,"column":29}},"20":{"start":{"line":21,"column":0},"end":{"line":21,"column":18}},"21":{"start":{"line":22,"column":0},"end":{"line":22,"column":23}},"22":{"start":{"line":23,"column":0},"end":{"line":23,"column":28}},"23":{"start":{"line":24,"column":0},"end":{"line":24,"column":3}},"24":{"start":{"line":25,"column":0},"end":{"line":25,"column":73}},"25":{"start":{"line":26,"column":0},"end":{"line":26,"column":70}},"26":{"start":{"line":27,"column":0},"end":{"line":27,"column":49}},"27":{"start":{"line":28,"column":0},"end":{"line":28,"column":70}},"28":{"start":{"line":29,"column":0},"end":{"line":29,"column":30}},"29":{"start":{"line":30,"column":0},"end":{"line":30,"column":29}},"30":{"start":{"line":31,"column":0},"end":{"line":31,"column":0}},"31":{"start":{"line":32,"column":0},"end":{"line":32,"column":43}},"32":{"start":{"line":33,"column":0},"end":{"line":33,"column":0}},"33":{"start":{"line":34,"column":0},"end":{"line":34,"column":17}},"34":{"start":{"line":35,"column":0},"end":{"line":35,"column":63}},"35":{"start":{"line":36,"column":0},"end":{"line":36,"column":12}},"36":{"start":{"line":37,"column":0},"end":{"line":37,"column":11}},"37":{"start":{"line":38,"column":0},"end":{"line":38,"column":32}},"38":{"start":{"line":39,"column":0},"end":{"line":39,"column":0}},"39":{"start":{"line":40,"column":0},"end":{"line":40,"column":43}},"40":{"start":{"line":41,"column":0},"end":{"line":41,"column":18}},"41":{"start":{"line":42,"column":0},"end":{"line":42,"column":32}},"42":{"start":{"line":43,"column":0},"end":{"line":43,"column":27}},"43":{"start":{"line":44,"column":0},"end":{"line":44,"column":5}},"44":{"start":{"line":45,"column":0},"end":{"line":45,"column":0}},"45":{"start":{"line":46,"column":0},"end":{"line":46,"column":43}},"46":{"start":{"line":47,"column":0},"end":{"line":47,"column":60}},"47":{"start":{"line":48,"column":0},"end":{"line":48,"column":34}},"48":{"start":{"line":49,"column":0},"end":{"line":49,"column":5}},"49":{"start":{"line":50,"column":0},"end":{"line":50,"column":0}},"50":{"start":{"line":51,"column":0},"end":{"line":51,"column":44}},"51":{"start":{"line":52,"column":0},"end":{"line":52,"column":11}},"52":{"start":{"line":53,"column":0},"end":{"line":53,"column":46}},"53":{"start":{"line":54,"column":0},"end":{"line":54,"column":28}},"54":{"start":{"line":55,"column":0},"end":{"line":55,"column":43}},"55":{"start":{"line":56,"column":0},"end":{"line":56,"column":9}},"56":{"start":{"line":57,"column":0},"end":{"line":57,"column":19}},"57":{"start":{"line":58,"column":0},"end":{"line":58,"column":84}},"58":{"start":{"line":59,"column":0},"end":{"line":59,"column":7}},"59":{"start":{"line":60,"column":0},"end":{"line":60,"column":6}},"60":{"start":{"line":61,"column":0},"end":{"line":61,"column":3}},"61":{"start":{"line":62,"column":0},"end":{"line":62,"column":0}},"62":{"start":{"line":63,"column":0},"end":{"line":63,"column":42}},"63":{"start":{"line":64,"column":0},"end":{"line":64,"column":26}},"64":{"start":{"line":65,"column":0},"end":{"line":65,"column":34}},"65":{"start":{"line":66,"column":0},"end":{"line":66,"column":34}},"66":{"start":{"line":67,"column":0},"end":{"line":67,"column":5}},"67":{"start":{"line":68,"column":0},"end":{"line":68,"column":27}},"68":{"start":{"line":69,"column":0},"end":{"line":69,"column":14}},"69":{"start":{"line":70,"column":0},"end":{"line":70,"column":21}},"70":{"start":{"line":71,"column":0},"end":{"line":71,"column":20}},"71":{"start":{"line":72,"column":0},"end":{"line":72,"column":36}},"72":{"start":{"line":73,"column":0},"end":{"line":73,"column":26}},"73":{"start":{"line":74,"column":0},"end":{"line":74,"column":27}},"74":{"start":{"line":75,"column":0},"end":{"line":75,"column":10}},"75":{"start":{"line":76,"column":0},"end":{"line":76,"column":26}},"76":{"start":{"line":77,"column":0},"end":{"line":77,"column":24}},"77":{"start":{"line":78,"column":0},"end":{"line":78,"column":7}},"78":{"start":{"line":79,"column":0},"end":{"line":79,"column":5}},"79":{"start":{"line":80,"column":0},"end":{"line":80,"column":0}},"80":{"start":{"line":81,"column":0},"end":{"line":81,"column":59}},"81":{"start":{"line":82,"column":0},"end":{"line":82,"column":60}},"82":{"start":{"line":83,"column":0},"end":{"line":83,"column":0}},"83":{"start":{"line":84,"column":0},"end":{"line":84,"column":36}},"84":{"start":{"line":85,"column":0},"end":{"line":85,"column":16}},"85":{"start":{"line":86,"column":0},"end":{"line":86,"column":32}},"86":{"start":{"line":87,"column":0},"end":{"line":87,"column":51}},"87":{"start":{"line":88,"column":0},"end":{"line":88,"column":37}},"88":{"start":{"line":89,"column":0},"end":{"line":89,"column":8}},"89":{"start":{"line":90,"column":0},"end":{"line":90,"column":54}},"90":{"start":{"line":91,"column":0},"end":{"line":91,"column":37}},"91":{"start":{"line":92,"column":0},"end":{"line":92,"column":7}},"92":{"start":{"line":93,"column":0},"end":{"line":93,"column":5}},"93":{"start":{"line":94,"column":0},"end":{"line":94,"column":0}},"94":{"start":{"line":95,"column":0},"end":{"line":95,"column":76}},"95":{"start":{"line":96,"column":0},"end":{"line":96,"column":24}},"96":{"start":{"line":97,"column":0},"end":{"line":97,"column":29}},"97":{"start":{"line":98,"column":0},"end":{"line":98,"column":27}},"98":{"start":{"line":99,"column":0},"end":{"line":99,"column":5}},"99":{"start":{"line":100,"column":0},"end":{"line":100,"column":0}},"100":{"start":{"line":101,"column":0},"end":{"line":101,"column":41}},"101":{"start":{"line":102,"column":0},"end":{"line":102,"column":58}},"102":{"start":{"line":103,"column":0},"end":{"line":103,"column":32}},"103":{"start":{"line":104,"column":0},"end":{"line":104,"column":5}},"104":{"start":{"line":105,"column":0},"end":{"line":105,"column":0}},"105":{"start":{"line":106,"column":0},"end":{"line":106,"column":50}},"106":{"start":{"line":107,"column":0},"end":{"line":107,"column":11}},"107":{"start":{"line":108,"column":0},"end":{"line":108,"column":37}},"108":{"start":{"line":109,"column":0},"end":{"line":109,"column":0}},"109":{"start":{"line":110,"column":0},"end":{"line":110,"column":28}},"110":{"start":{"line":111,"column":0},"end":{"line":111,"column":49}},"111":{"start":{"line":112,"column":0},"end":{"line":112,"column":9}},"112":{"start":{"line":113,"column":0},"end":{"line":113,"column":19}},"113":{"start":{"line":114,"column":0},"end":{"line":114,"column":91}},"114":{"start":{"line":115,"column":0},"end":{"line":115,"column":7}},"115":{"start":{"line":116,"column":0},"end":{"line":116,"column":6}},"116":{"start":{"line":117,"column":0},"end":{"line":117,"column":0}},"117":{"start":{"line":118,"column":0},"end":{"line":118,"column":38}},"118":{"start":{"line":119,"column":0},"end":{"line":119,"column":34}},"119":{"start":{"line":120,"column":0},"end":{"line":120,"column":44}},"120":{"start":{"line":121,"column":0},"end":{"line":121,"column":13}},"121":{"start":{"line":122,"column":0},"end":{"line":122,"column":26}},"122":{"start":{"line":123,"column":0},"end":{"line":123,"column":21}},"123":{"start":{"line":124,"column":0},"end":{"line":124,"column":97}},"124":{"start":{"line":125,"column":0},"end":{"line":125,"column":9}},"125":{"start":{"line":126,"column":0},"end":{"line":126,"column":8}},"126":{"start":{"line":127,"column":0},"end":{"line":127,"column":5}},"127":{"start":{"line":128,"column":0},"end":{"line":128,"column":0}},"128":{"start":{"line":129,"column":0},"end":{"line":129,"column":38}},"129":{"start":{"line":130,"column":0},"end":{"line":130,"column":32}},"130":{"start":{"line":131,"column":0},"end":{"line":131,"column":44}},"131":{"start":{"line":132,"column":0},"end":{"line":132,"column":13}},"132":{"start":{"line":133,"column":0},"end":{"line":133,"column":25}},"133":{"start":{"line":134,"column":0},"end":{"line":134,"column":21}},"134":{"start":{"line":135,"column":0},"end":{"line":135,"column":97}},"135":{"start":{"line":136,"column":0},"end":{"line":136,"column":9}},"136":{"start":{"line":137,"column":0},"end":{"line":137,"column":8}},"137":{"start":{"line":138,"column":0},"end":{"line":138,"column":5}},"138":{"start":{"line":139,"column":0},"end":{"line":139,"column":0}},"139":{"start":{"line":140,"column":0},"end":{"line":140,"column":54}},"140":{"start":{"line":141,"column":0},"end":{"line":141,"column":3}},"141":{"start":{"line":142,"column":0},"end":{"line":142,"column":0}},"142":{"start":{"line":143,"column":0},"end":{"line":143,"column":12}},"143":{"start":{"line":144,"column":0},"end":{"line":144,"column":38}},"144":{"start":{"line":145,"column":0},"end":{"line":145,"column":34}},"145":{"start":{"line":146,"column":0},"end":{"line":146,"column":17}},"146":{"start":{"line":147,"column":0},"end":{"line":147,"column":27}},"147":{"start":{"line":148,"column":0},"end":{"line":148,"column":21}},"148":{"start":{"line":149,"column":0},"end":{"line":149,"column":5}},"149":{"start":{"line":150,"column":0},"end":{"line":150,"column":0}},"150":{"start":{"line":151,"column":0},"end":{"line":151,"column":57}},"151":{"start":{"line":152,"column":0},"end":{"line":152,"column":15}},"152":{"start":{"line":153,"column":0},"end":{"line":153,"column":34}},"153":{"start":{"line":154,"column":0},"end":{"line":154,"column":41}},"154":{"start":{"line":155,"column":0},"end":{"line":155,"column":5}},"155":{"start":{"line":156,"column":0},"end":{"line":156,"column":0}},"156":{"start":{"line":157,"column":0},"end":{"line":157,"column":34}},"157":{"start":{"line":158,"column":0},"end":{"line":158,"column":0}},"158":{"start":{"line":159,"column":0},"end":{"line":159,"column":18}},"159":{"start":{"line":160,"column":0},"end":{"line":160,"column":39}},"160":{"start":{"line":161,"column":0},"end":{"line":161,"column":5}},"161":{"start":{"line":162,"column":0},"end":{"line":162,"column":3}},"162":{"start":{"line":163,"column":0},"end":{"line":163,"column":0}},"163":{"start":{"line":164,"column":0},"end":{"line":164,"column":11}},"164":{"start":{"line":165,"column":0},"end":{"line":165,"column":29}},"165":{"start":{"line":166,"column":0},"end":{"line":166,"column":34}},"166":{"start":{"line":167,"column":0},"end":{"line":167,"column":17}},"167":{"start":{"line":168,"column":0},"end":{"line":168,"column":27}},"168":{"start":{"line":169,"column":0},"end":{"line":169,"column":21}},"169":{"start":{"line":170,"column":0},"end":{"line":170,"column":5}},"170":{"start":{"line":171,"column":0},"end":{"line":171,"column":0}},"171":{"start":{"line":172,"column":0},"end":{"line":172,"column":48}},"172":{"start":{"line":173,"column":0},"end":{"line":173,"column":15}},"173":{"start":{"line":174,"column":0},"end":{"line":174,"column":34}},"174":{"start":{"line":175,"column":0},"end":{"line":175,"column":41}},"175":{"start":{"line":176,"column":0},"end":{"line":176,"column":5}},"176":{"start":{"line":177,"column":0},"end":{"line":177,"column":0}},"177":{"start":{"line":178,"column":0},"end":{"line":178,"column":40}},"178":{"start":{"line":179,"column":0},"end":{"line":179,"column":0}},"179":{"start":{"line":180,"column":0},"end":{"line":180,"column":18}},"180":{"start":{"line":181,"column":0},"end":{"line":181,"column":45}},"181":{"start":{"line":182,"column":0},"end":{"line":182,"column":5}},"182":{"start":{"line":183,"column":0},"end":{"line":183,"column":3}},"183":{"start":{"line":184,"column":0},"end":{"line":184,"column":0}},"184":{"start":{"line":185,"column":0},"end":{"line":185,"column":15}},"185":{"start":{"line":186,"column":0},"end":{"line":186,"column":13}},"186":{"start":{"line":187,"column":0},"end":{"line":187,"column":16}},"187":{"start":{"line":188,"column":0},"end":{"line":188,"column":30}},"188":{"start":{"line":189,"column":0},"end":{"line":189,"column":12}},"189":{"start":{"line":190,"column":0},"end":{"line":190,"column":27}},"190":{"start":{"line":191,"column":0},"end":{"line":191,"column":47}},"191":{"start":{"line":192,"column":0},"end":{"line":192,"column":51}},"192":{"start":{"line":193,"column":0},"end":{"line":193,"column":45}},"193":{"start":{"line":194,"column":0},"end":{"line":194,"column":49}},"194":{"start":{"line":195,"column":0},"end":{"line":195,"column":45}},"195":{"start":{"line":196,"column":0},"end":{"line":196,"column":57}},"196":{"start":{"line":197,"column":0},"end":{"line":197,"column":34}},"197":{"start":{"line":198,"column":0},"end":{"line":198,"column":5}},"198":{"start":{"line":199,"column":0},"end":{"line":199,"column":3}},"199":{"start":{"line":200,"column":0},"end":{"line":200,"column":0}},"200":{"start":{"line":201,"column":0},"end":{"line":201,"column":24}},"201":{"start":{"line":202,"column":0},"end":{"line":202,"column":29}},"202":{"start":{"line":203,"column":0},"end":{"line":203,"column":27}},"203":{"start":{"line":204,"column":0},"end":{"line":204,"column":3}},"204":{"start":{"line":205,"column":0},"end":{"line":205,"column":0}},"205":{"start":{"line":206,"column":0},"end":{"line":206,"column":19}},"206":{"start":{"line":207,"column":0},"end":{"line":207,"column":27}},"207":{"start":{"line":208,"column":0},"end":{"line":208,"column":28}},"208":{"start":{"line":209,"column":0},"end":{"line":209,"column":34}},"209":{"start":{"line":210,"column":0},"end":{"line":210,"column":23}},"210":{"start":{"line":211,"column":0},"end":{"line":211,"column":3}},"211":{"start":{"line":212,"column":0},"end":{"line":212,"column":0}},"212":{"start":{"line":213,"column":0},"end":{"line":213,"column":29}},"213":{"start":{"line":214,"column":0},"end":{"line":214,"column":27}},"214":{"start":{"line":215,"column":0},"end":{"line":215,"column":3}},"215":{"start":{"line":216,"column":0},"end":{"line":216,"column":0}},"216":{"start":{"line":217,"column":0},"end":{"line":217,"column":33}},"217":{"start":{"line":218,"column":0},"end":{"line":218,"column":32}},"218":{"start":{"line":219,"column":0},"end":{"line":219,"column":3}},"219":{"start":{"line":220,"column":0},"end":{"line":220,"column":0}},"220":{"start":{"line":221,"column":0},"end":{"line":221,"column":39}},"221":{"start":{"line":222,"column":0},"end":{"line":222,"column":38}},"222":{"start":{"line":223,"column":0},"end":{"line":223,"column":3}},"223":{"start":{"line":224,"column":0},"end":{"line":224,"column":1}}},"s":{"0":1,"1":1,"2":1,"3":1,"4":1,"5":1,"6":1,"7":1,"8":1,"9":1,"10":1,"11":1,"12":1,"13":1,"14":1,"15":1,"16":1,"17":1,"18":1,"19":1,"20":100,"21":100,"22":100,"23":100,"24":100,"25":100,"26":100,"27":100,"28":100,"29":100,"30":100,"31":100,"32":100,"33":100,"34":202,"35":202,"36":202,"37":202,"38":201,"39":201,"40":201,"41":201,"42":201,"43":201,"44":201,"45":201,"46":202,"47":50,"48":50,"49":201,"50":201,"51":12,"52":12,"53":12,"54":1,"55":1,"56":12,"57":1,"58":1,"59":201,"60":202,"61":100,"62":100,"63":207,"64":207,"65":207,"66":207,"67":207,"68":1,"69":1,"70":1,"71":1,"72":1,"73":1,"74":1,"75":1,"76":1,"77":1,"78":1,"79":206,"80":206,"81":206,"82":206,"83":206,"84":206,"85":206,"86":206,"87":3,"88":3,"89":206,"90":3,"91":3,"92":206,"93":206,"94":206,"95":206,"96":206,"97":206,"98":206,"99":206,"100":206,"101":207,"102":50,"103":50,"104":206,"105":206,"106":12,"107":12,"108":12,"109":12,"110":1,"111":1,"112":12,"113":1,"114":1,"115":206,"116":206,"117":206,"118":42,"119":42,"120":3,"121":3,"122":3,"123":1,"124":1,"125":42,"126":42,"127":206,"128":206,"129":7,"130":7,"131":3,"132":3,"133":3,"134":1,"135":1,"136":7,"137":7,"138":206,"139":206,"140":207,"141":100,"142":100,"143":21,"144":21,"145":21,"146":21,"147":1,"148":1,"149":20,"150":20,"151":20,"152":21,"153":21,"154":21,"155":21,"156":21,"157":21,"158":21,"159":4,"160":4,"161":21,"162":100,"163":100,"164":20,"165":20,"166":20,"167":20,"168":1,"169":1,"170":19,"171":19,"172":19,"173":20,"174":20,"175":20,"176":20,"177":20,"178":20,"179":20,"180":3,"181":3,"182":20,"183":100,"184":100,"185":20,"186":20,"187":20,"188":20,"189":20,"190":20,"191":20,"192":20,"193":20,"194":20,"195":20,"196":20,"197":20,"198":20,"199":100,"200":100,"201":32,"202":32,"203":32,"204":100,"205":100,"206":31,"207":31,"208":31,"209":31,"210":31,"211":100,"212":100,"213":2,"214":2,"215":100,"216":100,"217":5,"218":5,"219":100,"220":100,"221":4,"222":4,"223":100},"branchMap":{"0":{"type":"branch","line":20,"loc":{"start":{"line":20,"column":7},"end":{"line":224,"column":1}},"locations":[{"start":{"line":20,"column":7},"end":{"line":224,"column":1}}]},"1":{"type":"branch","line":32,"loc":{"start":{"line":32,"column":2},"end":{"line":32,"column":43}},"locations":[{"start":{"line":32,"column":2},"end":{"line":32,"column":43}}]},"2":{"type":"branch","line":34,"loc":{"start":{"line":34,"column":2},"end":{"line":61,"column":3}},"locations":[{"start":{"line":34,"column":2},"end":{"line":61,"column":3}}]},"3":{"type":"branch","line":38,"loc":{"start":{"line":38,"column":26},"end":{"line":38,"column":32}},"locations":[{"start":{"line":38,"column":26},"end":{"line":38,"column":32}}]},"4":{"type":"branch","line":38,"loc":{"start":{"line":38,"column":26},"end":{"line":47,"column":59}},"locations":[{"start":{"line":38,"column":26},"end":{"line":47,"column":59}}]},"5":{"type":"branch","line":47,"loc":{"start":{"line":47,"column":59},"end":{"line":49,"column":5}},"locations":[{"start":{"line":47,"column":59},"end":{"line":49,"column":5}}]},"6":{"type":"branch","line":49,"loc":{"start":{"line":49,"column":4},"end":{"line":60,"column":6}},"locations":[{"start":{"line":49,"column":4},"end":{"line":60,"column":6}}]},"7":{"type":"branch","line":51,"loc":{"start":{"line":51,"column":29},"end":{"line":60,"column":5}},"locations":[{"start":{"line":51,"column":29},"end":{"line":60,"column":5}}]},"8":{"type":"branch","line":54,"loc":{"start":{"line":54,"column":27},"end":{"line":56,"column":9}},"locations":[{"start":{"line":54,"column":27},"end":{"line":56,"column":9}}]},"9":{"type":"branch","line":57,"loc":{"start":{"line":57,"column":6},"end":{"line":59,"column":7}},"locations":[{"start":{"line":57,"column":6},"end":{"line":59,"column":7}}]},"10":{"type":"branch","line":63,"loc":{"start":{"line":63,"column":2},"end":{"line":141,"column":3}},"locations":[{"start":{"line":63,"column":2},"end":{"line":141,"column":3}}]},"11":{"type":"branch","line":68,"loc":{"start":{"line":68,"column":26},"end":{"line":79,"column":5}},"locations":[{"start":{"line":68,"column":26},"end":{"line":79,"column":5}}]},"12":{"type":"branch","line":79,"loc":{"start":{"line":79,"column":4},"end":{"line":102,"column":57}},"locations":[{"start":{"line":79,"column":4},"end":{"line":102,"column":57}}]},"13":{"type":"branch","line":102,"loc":{"start":{"line":102,"column":57},"end":{"line":104,"column":5}},"locations":[{"start":{"line":102,"column":57},"end":{"line":104,"column":5}}]},"14":{"type":"branch","line":104,"loc":{"start":{"line":104,"column":4},"end":{"line":140,"column":54}},"locations":[{"start":{"line":104,"column":4},"end":{"line":140,"column":54}}]},"15":{"type":"branch","line":87,"loc":{"start":{"line":87,"column":13},"end":{"line":89,"column":8}},"locations":[{"start":{"line":87,"column":13},"end":{"line":89,"column":8}}]},"16":{"type":"branch","line":90,"loc":{"start":{"line":90,"column":15},"end":{"line":92,"column":7}},"locations":[{"start":{"line":90,"column":15},"end":{"line":92,"column":7}}]},"17":{"type":"branch","line":106,"loc":{"start":{"line":106,"column":35},"end":{"line":116,"column":5}},"locations":[{"start":{"line":106,"column":35},"end":{"line":116,"column":5}}]},"18":{"type":"branch","line":110,"loc":{"start":{"line":110,"column":27},"end":{"line":112,"column":9}},"locations":[{"start":{"line":110,"column":27},"end":{"line":112,"column":9}}]},"19":{"type":"branch","line":113,"loc":{"start":{"line":113,"column":6},"end":{"line":115,"column":7}},"locations":[{"start":{"line":113,"column":6},"end":{"line":115,"column":7}}]},"20":{"type":"branch","line":118,"loc":{"start":{"line":118,"column":20},"end":{"line":127,"column":5}},"locations":[{"start":{"line":118,"column":20},"end":{"line":127,"column":5}}]},"21":{"type":"branch","line":120,"loc":{"start":{"line":120,"column":29},"end":{"line":126,"column":7}},"locations":[{"start":{"line":120,"column":29},"end":{"line":126,"column":7}}]},"22":{"type":"branch","line":123,"loc":{"start":{"line":123,"column":8},"end":{"line":125,"column":9}},"locations":[{"start":{"line":123,"column":8},"end":{"line":125,"column":9}}]},"23":{"type":"branch","line":129,"loc":{"start":{"line":129,"column":19},"end":{"line":138,"column":5}},"locations":[{"start":{"line":129,"column":19},"end":{"line":138,"column":5}}]},"24":{"type":"branch","line":131,"loc":{"start":{"line":131,"column":29},"end":{"line":137,"column":7}},"locations":[{"start":{"line":131,"column":29},"end":{"line":137,"column":7}}]},"25":{"type":"branch","line":134,"loc":{"start":{"line":134,"column":8},"end":{"line":136,"column":9}},"locations":[{"start":{"line":134,"column":8},"end":{"line":136,"column":9}}]},"26":{"type":"branch","line":143,"loc":{"start":{"line":143,"column":2},"end":{"line":162,"column":3}},"locations":[{"start":{"line":143,"column":2},"end":{"line":162,"column":3}}]},"27":{"type":"branch","line":147,"loc":{"start":{"line":147,"column":26},"end":{"line":149,"column":5}},"locations":[{"start":{"line":147,"column":26},"end":{"line":149,"column":5}}]},"28":{"type":"branch","line":149,"loc":{"start":{"line":149,"column":4},"end":{"line":153,"column":28}},"locations":[{"start":{"line":149,"column":4},"end":{"line":153,"column":28}}]},"29":{"type":"branch","line":153,"loc":{"start":{"line":153,"column":20},"end":{"line":153,"column":34}},"locations":[{"start":{"line":153,"column":20},"end":{"line":153,"column":34}}]},"30":{"type":"branch","line":154,"loc":{"start":{"line":154,"column":24},"end":{"line":154,"column":41}},"locations":[{"start":{"line":154,"column":24},"end":{"line":154,"column":41}}]},"31":{"type":"branch","line":159,"loc":{"start":{"line":159,"column":11},"end":{"line":161,"column":5}},"locations":[{"start":{"line":159,"column":11},"end":{"line":161,"column":5}}]},"32":{"type":"branch","line":164,"loc":{"start":{"line":164,"column":2},"end":{"line":183,"column":3}},"locations":[{"start":{"line":164,"column":2},"end":{"line":183,"column":3}}]},"33":{"type":"branch","line":168,"loc":{"start":{"line":168,"column":26},"end":{"line":170,"column":5}},"locations":[{"start":{"line":168,"column":26},"end":{"line":170,"column":5}}]},"34":{"type":"branch","line":170,"loc":{"start":{"line":170,"column":4},"end":{"line":174,"column":28}},"locations":[{"start":{"line":170,"column":4},"end":{"line":174,"column":28}}]},"35":{"type":"branch","line":174,"loc":{"start":{"line":174,"column":20},"end":{"line":174,"column":34}},"locations":[{"start":{"line":174,"column":20},"end":{"line":174,"column":34}}]},"36":{"type":"branch","line":175,"loc":{"start":{"line":175,"column":24},"end":{"line":175,"column":41}},"locations":[{"start":{"line":175,"column":24},"end":{"line":175,"column":41}}]},"37":{"type":"branch","line":180,"loc":{"start":{"line":180,"column":11},"end":{"line":182,"column":5}},"locations":[{"start":{"line":180,"column":11},"end":{"line":182,"column":5}}]},"38":{"type":"branch","line":185,"loc":{"start":{"line":185,"column":2},"end":{"line":199,"column":3}},"locations":[{"start":{"line":185,"column":2},"end":{"line":199,"column":3}}]},"39":{"type":"branch","line":201,"loc":{"start":{"line":201,"column":2},"end":{"line":204,"column":3}},"locations":[{"start":{"line":201,"column":2},"end":{"line":204,"column":3}}]},"40":{"type":"branch","line":206,"loc":{"start":{"line":206,"column":2},"end":{"line":211,"column":3}},"locations":[{"start":{"line":206,"column":2},"end":{"line":211,"column":3}}]},"41":{"type":"branch","line":213,"loc":{"start":{"line":213,"column":2},"end":{"line":215,"column":3}},"locations":[{"start":{"line":213,"column":2},"end":{"line":215,"column":3}}]},"42":{"type":"branch","line":217,"loc":{"start":{"line":217,"column":2},"end":{"line":219,"column":3}},"locations":[{"start":{"line":217,"column":2},"end":{"line":219,"column":3}}]},"43":{"type":"branch","line":221,"loc":{"start":{"line":221,"column":2},"end":{"line":223,"column":3}},"locations":[{"start":{"line":221,"column":2},"end":{"line":223,"column":3}}]}},"b":{"0":[100],"1":[100],"2":[202],"3":[1],"4":[201],"5":[50],"6":[201],"7":[12],"8":[1],"9":[1],"10":[207],"11":[1],"12":[206],"13":[50],"14":[206],"15":[3],"16":[3],"17":[12],"18":[1],"19":[1],"20":[42],"21":[3],"22":[1],"23":[7],"24":[3],"25":[1],"26":[21],"27":[1],"28":[20],"29":[19],"30":[19],"31":[4],"32":[20],"33":[1],"34":[19],"35":[18],"36":[19],"37":[3],"38":[20],"39":[32],"40":[31],"41":[2],"42":[5],"43":[4]},"fnMap":{"0":{"name":"<instance_members_initializer>","decl":{"start":{"line":20,"column":7},"end":{"line":224,"column":1}},"loc":{"start":{"line":20,"column":7},"end":{"line":224,"column":1}},"line":20},"1":{"name":"ObservableStore","decl":{"start":{"line":32,"column":2},"end":{"line":32,"column":43}},"loc":{"start":{"line":32,"column":2},"end":{"line":32,"column":43}},"line":32},"2":{"name":"notifyMutation","decl":{"start":{"line":34,"column":2},"end":{"line":61,"column":3}},"loc":{"start":{"line":34,"column":2},"end":{"line":61,"column":3}},"line":34},"3":{"name":"notifyAction","decl":{"start":{"line":63,"column":2},"end":{"line":141,"column":3}},"loc":{"start":{"line":63,"column":2},"end":{"line":141,"column":3}},"line":63},"4":{"name":"after","decl":{"start":{"line":73,"column":17},"end":{"line":73,"column":26}},"loc":{"start":{"line":73,"column":17},"end":{"line":73,"column":26}},"line":73},"5":{"name":"onError","decl":{"start":{"line":74,"column":19},"end":{"line":74,"column":27}},"loc":{"start":{"line":74,"column":19},"end":{"line":74,"column":27}},"line":74},"6":{"name":"resolve","decl":{"start":{"line":76,"column":17},"end":{"line":76,"column":26}},"loc":{"start":{"line":76,"column":17},"end":{"line":76,"column":26}},"line":76},"7":{"name":"reject","decl":{"start":{"line":77,"column":16},"end":{"line":77,"column":24}},"loc":{"start":{"line":77,"column":16},"end":{"line":77,"column":24}},"line":77},"8":{"name":"after","decl":{"start":{"line":87,"column":13},"end":{"line":89,"column":8}},"loc":{"start":{"line":87,"column":13},"end":{"line":89,"column":8}},"line":87},"9":{"name":"onError","decl":{"start":{"line":90,"column":15},"end":{"line":92,"column":7}},"loc":{"start":{"line":90,"column":15},"end":{"line":92,"column":7}},"line":90},"10":{"name":"resolve","decl":{"start":{"line":118,"column":20},"end":{"line":127,"column":5}},"loc":{"start":{"line":118,"column":20},"end":{"line":127,"column":5}},"line":118},"11":{"name":"reject","decl":{"start":{"line":129,"column":19},"end":{"line":138,"column":5}},"loc":{"start":{"line":129,"column":19},"end":{"line":138,"column":5}},"line":129},"12":{"name":"subscribe","decl":{"start":{"line":143,"column":2},"end":{"line":162,"column":3}},"loc":{"start":{"line":143,"column":2},"end":{"line":162,"column":3}},"line":143},"13":{"name":"listener.callback.callback","decl":{"start":{"line":148,"column":13},"end":{"line":148,"column":21}},"loc":{"start":{"line":148,"column":13},"end":{"line":148,"column":21}},"line":148},"14":{"name":"onAction","decl":{"start":{"line":164,"column":2},"end":{"line":183,"column":3}},"loc":{"start":{"line":164,"column":2},"end":{"line":183,"column":3}},"line":164},"15":{"name":"listener.callback.callback","decl":{"start":{"line":169,"column":13},"end":{"line":169,"column":21}},"loc":{"start":{"line":169,"column":13},"end":{"line":169,"column":21}},"line":169},"16":{"name":"getDebugInfo","decl":{"start":{"line":185,"column":2},"end":{"line":199,"column":3}},"loc":{"start":{"line":185,"column":2},"end":{"line":199,"column":3}},"line":185},"17":{"name":"clearHistory","decl":{"start":{"line":201,"column":2},"end":{"line":204,"column":3}},"loc":{"start":{"line":201,"column":2},"end":{"line":204,"column":3}},"line":201},"18":{"name":"dispose","decl":{"start":{"line":206,"column":2},"end":{"line":211,"column":3}},"loc":{"start":{"line":206,"column":2},"end":{"line":211,"column":3}},"line":206},"19":{"name":"get isDisposed","decl":{"start":{"line":213,"column":2},"end":{"line":215,"column":3}},"loc":{"start":{"line":213,"column":2},"end":{"line":215,"column":3}},"line":213},"20":{"name":"get subscriberCount","decl":{"start":{"line":217,"column":2},"end":{"line":219,"column":3}},"loc":{"start":{"line":217,"column":2},"end":{"line":219,"column":3}},"line":217},"21":{"name":"get actionSubscriberCount","decl":{"start":{"line":221,"column":2},"end":{"line":223,"column":3}},"loc":{"start":{"line":221,"column":2},"end":{"line":223,"column":3}},"line":221}},"f":{"0":100,"1":100,"2":202,"3":207,"4":0,"5":0,"6":0,"7":0,"8":3,"9":3,"10":42,"11":7,"12":21,"13":0,"14":20,"15":0,"16":20,"17":32,"18":31,"19":2,"20":5,"21":4}}
,"D:\\solo\\vue-store\\src\\store.ts": {"path":"D:\\solo\\vue-store\\src\\store.ts","all":false,"statementMap":{"0":{"start":{"line":1,"column":0},"end":{"line":1,"column":40}},"1":{"start":{"line":2,"column":0},"end":{"line":2,"column":13}},"2":{"start":{"line":3,"column":0},"end":{"line":3,"column":8}},"3":{"start":{"line":4,"column":0},"end":{"line":4,"column":10}},"4":{"start":{"line":5,"column":0},"end":{"line":5,"column":16}},"5":{"start":{"line":6,"column":0},"end":{"line":6,"column":16}},"6":{"start":{"line":7,"column":0},"end":{"line":7,"column":18}},"7":{"start":{"line":8,"column":0},"end":{"line":8,"column":16}},"8":{"start":{"line":9,"column":0},"end":{"line":9,"column":14}},"9":{"start":{"line":10,"column":0},"end":{"line":10,"column":15}},"10":{"start":{"line":11,"column":0},"end":{"line":11,"column":16}},"11":{"start":{"line":12,"column":0},"end":{"line":12,"column":19}},"12":{"start":{"line":13,"column":0},"end":{"line":13,"column":12}},"13":{"start":{"line":14,"column":0},"end":{"line":14,"column":12}},"14":{"start":{"line":15,"column":0},"end":{"line":15,"column":16}},"15":{"start":{"line":16,"column":0},"end":{"line":16,"column":46}},"16":{"start":{"line":17,"column":0},"end":{"line":17,"column":0}},"17":{"start":{"line":18,"column":0},"end":{"line":18,"column":19}},"18":{"start":{"line":19,"column":0},"end":{"line":19,"column":18}},"19":{"start":{"line":20,"column":0},"end":{"line":20,"column":23}},"20":{"start":{"line":21,"column":0},"end":{"line":21,"column":28}},"21":{"start":{"line":22,"column":0},"end":{"line":22,"column":35}},"22":{"start":{"line":23,"column":0},"end":{"line":23,"column":1}},"23":{"start":{"line":24,"column":0},"end":{"line":24,"column":24}},"24":{"start":{"line":25,"column":0},"end":{"line":25,"column":20}},"25":{"start":{"line":26,"column":0},"end":{"line":26,"column":49}},"26":{"start":{"line":27,"column":0},"end":{"line":27,"column":32}},"27":{"start":{"line":28,"column":0},"end":{"line":28,"column":0}},"28":{"start":{"line":29,"column":0},"end":{"line":29,"column":19}},"29":{"start":{"line":30,"column":0},"end":{"line":30,"column":26}},"30":{"start":{"line":31,"column":0},"end":{"line":31,"column":21}},"31":{"start":{"line":32,"column":0},"end":{"line":32,"column":21}},"32":{"start":{"line":33,"column":0},"end":{"line":33,"column":47}},"33":{"start":{"line":34,"column":0},"end":{"line":34,"column":34}},"34":{"start":{"line":35,"column":0},"end":{"line":35,"column":35}},"35":{"start":{"line":36,"column":0},"end":{"line":36,"column":50}},"36":{"start":{"line":37,"column":0},"end":{"line":37,"column":27}},"37":{"start":{"line":38,"column":0},"end":{"line":38,"column":47}},"38":{"start":{"line":39,"column":0},"end":{"line":39,"column":0}},"39":{"start":{"line":40,"column":0},"end":{"line":40,"column":56}},"40":{"start":{"line":41,"column":0},"end":{"line":41,"column":0}},"41":{"start":{"line":42,"column":0},"end":{"line":42,"column":22}},"42":{"start":{"line":43,"column":0},"end":{"line":43,"column":0}},"43":{"start":{"line":44,"column":0},"end":{"line":44,"column":14}},"44":{"start":{"line":45,"column":0},"end":{"line":45,"column":36}},"45":{"start":{"line":46,"column":0},"end":{"line":46,"column":27}},"46":{"start":{"line":47,"column":0},"end":{"line":47,"column":5}},"47":{"start":{"line":48,"column":0},"end":{"line":48,"column":29}},"48":{"start":{"line":49,"column":0},"end":{"line":49,"column":29}},"49":{"start":{"line":50,"column":0},"end":{"line":50,"column":65}},"50":{"start":{"line":51,"column":0},"end":{"line":51,"column":0}},"51":{"start":{"line":52,"column":0},"end":{"line":52,"column":63}},"52":{"start":{"line":53,"column":0},"end":{"line":53,"column":51}},"53":{"start":{"line":54,"column":0},"end":{"line":54,"column":60}},"54":{"start":{"line":55,"column":0},"end":{"line":55,"column":29}},"55":{"start":{"line":56,"column":0},"end":{"line":56,"column":0}},"56":{"start":{"line":57,"column":0},"end":{"line":57,"column":48}},"57":{"start":{"line":58,"column":0},"end":{"line":58,"column":81}},"58":{"start":{"line":59,"column":0},"end":{"line":59,"column":0}},"59":{"start":{"line":60,"column":0},"end":{"line":60,"column":48}},"60":{"start":{"line":61,"column":0},"end":{"line":61,"column":61}},"61":{"start":{"line":62,"column":0},"end":{"line":62,"column":0}},"62":{"start":{"line":63,"column":0},"end":{"line":63,"column":40}},"63":{"start":{"line":64,"column":0},"end":{"line":64,"column":3}},"64":{"start":{"line":65,"column":0},"end":{"line":65,"column":0}},"65":{"start":{"line":66,"column":0},"end":{"line":66,"column":42}},"66":{"start":{"line":67,"column":0},"end":{"line":67,"column":49}},"67":{"start":{"line":68,"column":0},"end":{"line":68,"column":34}},"68":{"start":{"line":69,"column":0},"end":{"line":69,"column":3}},"69":{"start":{"line":70,"column":0},"end":{"line":70,"column":0}},"70":{"start":{"line":71,"column":0},"end":{"line":71,"column":37}},"71":{"start":{"line":72,"column":0},"end":{"line":72,"column":41}},"72":{"start":{"line":73,"column":0},"end":{"line":73,"column":24}},"73":{"start":{"line":74,"column":0},"end":{"line":74,"column":68}},"74":{"start":{"line":75,"column":0},"end":{"line":75,"column":5}},"75":{"start":{"line":76,"column":0},"end":{"line":76,"column":14}},"76":{"start":{"line":77,"column":0},"end":{"line":77,"column":3}},"77":{"start":{"line":78,"column":0},"end":{"line":78,"column":0}},"78":{"start":{"line":79,"column":0},"end":{"line":79,"column":56}},"79":{"start":{"line":80,"column":0},"end":{"line":80,"column":52}},"80":{"start":{"line":81,"column":0},"end":{"line":81,"column":67}},"81":{"start":{"line":82,"column":0},"end":{"line":82,"column":0}},"82":{"start":{"line":83,"column":0},"end":{"line":83,"column":33}},"83":{"start":{"line":84,"column":0},"end":{"line":84,"column":41}},"84":{"start":{"line":85,"column":0},"end":{"line":85,"column":51}},"85":{"start":{"line":86,"column":0},"end":{"line":86,"column":20}},"86":{"start":{"line":87,"column":0},"end":{"line":87,"column":72}},"87":{"start":{"line":88,"column":0},"end":{"line":88,"column":24}},"88":{"start":{"line":89,"column":0},"end":{"line":89,"column":10}},"89":{"start":{"line":90,"column":0},"end":{"line":90,"column":25}},"90":{"start":{"line":91,"column":0},"end":{"line":91,"column":27}},"91":{"start":{"line":92,"column":0},"end":{"line":92,"column":8}},"92":{"start":{"line":93,"column":0},"end":{"line":93,"column":6}},"93":{"start":{"line":94,"column":0},"end":{"line":94,"column":0}},"94":{"start":{"line":95,"column":0},"end":{"line":95,"column":26}},"95":{"start":{"line":96,"column":0},"end":{"line":96,"column":3}},"96":{"start":{"line":97,"column":0},"end":{"line":97,"column":0}},"97":{"start":{"line":98,"column":0},"end":{"line":98,"column":36}},"98":{"start":{"line":99,"column":0},"end":{"line":99,"column":32}},"99":{"start":{"line":100,"column":0},"end":{"line":100,"column":67}},"100":{"start":{"line":101,"column":0},"end":{"line":101,"column":0}},"101":{"start":{"line":102,"column":0},"end":{"line":102,"column":33}},"102":{"start":{"line":103,"column":0},"end":{"line":103,"column":48}},"103":{"start":{"line":104,"column":0},"end":{"line":104,"column":55}},"104":{"start":{"line":105,"column":0},"end":{"line":105,"column":22}},"105":{"start":{"line":106,"column":0},"end":{"line":106,"column":6}},"106":{"start":{"line":107,"column":0},"end":{"line":107,"column":0}},"107":{"start":{"line":108,"column":0},"end":{"line":108,"column":23}},"108":{"start":{"line":109,"column":0},"end":{"line":109,"column":3}},"109":{"start":{"line":110,"column":0},"end":{"line":110,"column":0}},"110":{"start":{"line":111,"column":0},"end":{"line":111,"column":64}},"111":{"start":{"line":112,"column":0},"end":{"line":112,"column":25}},"112":{"start":{"line":113,"column":0},"end":{"line":113,"column":82}},"113":{"start":{"line":114,"column":0},"end":{"line":114,"column":5}},"114":{"start":{"line":115,"column":0},"end":{"line":115,"column":0}},"115":{"start":{"line":116,"column":0},"end":{"line":116,"column":63}},"116":{"start":{"line":117,"column":0},"end":{"line":117,"column":23}},"117":{"start":{"line":118,"column":0},"end":{"line":118,"column":10}},"118":{"start":{"line":119,"column":0},"end":{"line":119,"column":6}},"119":{"start":{"line":120,"column":0},"end":{"line":120,"column":0}},"120":{"start":{"line":121,"column":0},"end":{"line":121,"column":33}},"121":{"start":{"line":122,"column":0},"end":{"line":122,"column":40}},"122":{"start":{"line":123,"column":0},"end":{"line":123,"column":0}},"123":{"start":{"line":124,"column":0},"end":{"line":124,"column":9}},"124":{"start":{"line":125,"column":0},"end":{"line":125,"column":79}},"125":{"start":{"line":126,"column":0},"end":{"line":126,"column":36}},"126":{"start":{"line":127,"column":0},"end":{"line":127,"column":12}},"127":{"start":{"line":128,"column":0},"end":{"line":128,"column":7}},"128":{"start":{"line":129,"column":0},"end":{"line":129,"column":0}},"129":{"start":{"line":130,"column":0},"end":{"line":130,"column":38}},"130":{"start":{"line":131,"column":0},"end":{"line":131,"column":21}},"131":{"start":{"line":132,"column":0},"end":{"line":132,"column":37}},"132":{"start":{"line":133,"column":0},"end":{"line":133,"column":35}},"133":{"start":{"line":134,"column":0},"end":{"line":134,"column":42}},"134":{"start":{"line":135,"column":0},"end":{"line":135,"column":42}},"135":{"start":{"line":136,"column":0},"end":{"line":136,"column":33}},"136":{"start":{"line":137,"column":0},"end":{"line":137,"column":12}},"137":{"start":{"line":138,"column":0},"end":{"line":138,"column":29}},"138":{"start":{"line":139,"column":0},"end":{"line":139,"column":25}},"139":{"start":{"line":140,"column":0},"end":{"line":140,"column":42}},"140":{"start":{"line":141,"column":0},"end":{"line":141,"column":42}},"141":{"start":{"line":142,"column":0},"end":{"line":142,"column":23}},"142":{"start":{"line":143,"column":0},"end":{"line":143,"column":12}},"143":{"start":{"line":144,"column":0},"end":{"line":144,"column":7}},"144":{"start":{"line":145,"column":0},"end":{"line":145,"column":0}},"145":{"start":{"line":146,"column":0},"end":{"line":146,"column":21}},"146":{"start":{"line":147,"column":0},"end":{"line":147,"column":36}},"147":{"start":{"line":148,"column":0},"end":{"line":148,"column":36}},"148":{"start":{"line":149,"column":0},"end":{"line":149,"column":19}},"149":{"start":{"line":150,"column":0},"end":{"line":150,"column":21}},"150":{"start":{"line":151,"column":0},"end":{"line":151,"column":28}},"151":{"start":{"line":152,"column":0},"end":{"line":152,"column":36}},"152":{"start":{"line":153,"column":0},"end":{"line":153,"column":36}},"153":{"start":{"line":154,"column":0},"end":{"line":154,"column":17}},"154":{"start":{"line":155,"column":0},"end":{"line":155,"column":5}},"155":{"start":{"line":156,"column":0},"end":{"line":156,"column":3}},"156":{"start":{"line":157,"column":0},"end":{"line":157,"column":0}},"157":{"start":{"line":158,"column":0},"end":{"line":158,"column":55}},"158":{"start":{"line":159,"column":0},"end":{"line":159,"column":12}},"159":{"start":{"line":160,"column":0},"end":{"line":160,"column":24}},"160":{"start":{"line":161,"column":0},"end":{"line":161,"column":26}},"161":{"start":{"line":162,"column":0},"end":{"line":162,"column":30}},"162":{"start":{"line":163,"column":0},"end":{"line":163,"column":65}},"163":{"start":{"line":164,"column":0},"end":{"line":164,"column":37}},"164":{"start":{"line":165,"column":0},"end":{"line":165,"column":37}},"165":{"start":{"line":166,"column":0},"end":{"line":166,"column":45}},"166":{"start":{"line":167,"column":0},"end":{"line":167,"column":43}},"167":{"start":{"line":168,"column":0},"end":{"line":168,"column":36}},"168":{"start":{"line":169,"column":0},"end":{"line":169,"column":5}},"169":{"start":{"line":170,"column":0},"end":{"line":170,"column":3}},"170":{"start":{"line":171,"column":0},"end":{"line":171,"column":0}},"171":{"start":{"line":172,"column":0},"end":{"line":172,"column":47}},"172":{"start":{"line":173,"column":0},"end":{"line":173,"column":21}},"173":{"start":{"line":174,"column":0},"end":{"line":174,"column":0}},"174":{"start":{"line":175,"column":0},"end":{"line":175,"column":38}},"175":{"start":{"line":176,"column":0},"end":{"line":176,"column":45}},"176":{"start":{"line":177,"column":0},"end":{"line":177,"column":40}},"177":{"start":{"line":178,"column":0},"end":{"line":178,"column":8}},"178":{"start":{"line":179,"column":0},"end":{"line":179,"column":57}},"179":{"start":{"line":180,"column":0},"end":{"line":180,"column":29}},"180":{"start":{"line":181,"column":0},"end":{"line":181,"column":86}},"181":{"start":{"line":182,"column":0},"end":{"line":182,"column":9}},"182":{"start":{"line":183,"column":0},"end":{"line":183,"column":0}},"183":{"start":{"line":184,"column":0},"end":{"line":184,"column":38}},"184":{"start":{"line":185,"column":0},"end":{"line":185,"column":26}},"185":{"start":{"line":186,"column":0},"end":{"line":186,"column":107}},"186":{"start":{"line":187,"column":0},"end":{"line":187,"column":53}},"187":{"start":{"line":188,"column":0},"end":{"line":188,"column":11}},"188":{"start":{"line":189,"column":0},"end":{"line":189,"column":9}},"189":{"start":{"line":190,"column":0},"end":{"line":190,"column":0}},"190":{"start":{"line":191,"column":0},"end":{"line":191,"column":55}},"191":{"start":{"line":192,"column":0},"end":{"line":192,"column":0}},"192":{"start":{"line":193,"column":0},"end":{"line":193,"column":97}},"193":{"start":{"line":194,"column":0},"end":{"line":194,"column":43}},"194":{"start":{"line":195,"column":0},"end":{"line":195,"column":27}},"195":{"start":{"line":196,"column":0},"end":{"line":196,"column":48}},"196":{"start":{"line":197,"column":0},"end":{"line":197,"column":31}},"197":{"start":{"line":198,"column":0},"end":{"line":198,"column":17}},"198":{"start":{"line":199,"column":0},"end":{"line":199,"column":25}},"199":{"start":{"line":200,"column":0},"end":{"line":200,"column":9}},"200":{"start":{"line":201,"column":0},"end":{"line":201,"column":0}},"201":{"start":{"line":202,"column":0},"end":{"line":202,"column":21}},"202":{"start":{"line":203,"column":0},"end":{"line":203,"column":8}},"203":{"start":{"line":204,"column":0},"end":{"line":204,"column":56}},"204":{"start":{"line":205,"column":0},"end":{"line":205,"column":29}},"205":{"start":{"line":206,"column":0},"end":{"line":206,"column":86}},"206":{"start":{"line":207,"column":0},"end":{"line":207,"column":9}},"207":{"start":{"line":208,"column":0},"end":{"line":208,"column":0}},"208":{"start":{"line":209,"column":0},"end":{"line":209,"column":38}},"209":{"start":{"line":210,"column":0},"end":{"line":210,"column":26}},"210":{"start":{"line":211,"column":0},"end":{"line":211,"column":110}},"211":{"start":{"line":212,"column":0},"end":{"line":212,"column":53}},"212":{"start":{"line":213,"column":0},"end":{"line":213,"column":11}},"213":{"start":{"line":214,"column":0},"end":{"line":214,"column":9}},"214":{"start":{"line":215,"column":0},"end":{"line":215,"column":0}},"215":{"start":{"line":216,"column":0},"end":{"line":216,"column":59}},"216":{"start":{"line":217,"column":0},"end":{"line":217,"column":0}},"217":{"start":{"line":218,"column":0},"end":{"line":218,"column":97}},"218":{"start":{"line":219,"column":0},"end":{"line":219,"column":43}},"219":{"start":{"line":220,"column":0},"end":{"line":220,"column":27}},"220":{"start":{"line":221,"column":0},"end":{"line":221,"column":48}},"221":{"start":{"line":222,"column":0},"end":{"line":222,"column":30}},"222":{"start":{"line":223,"column":0},"end":{"line":223,"column":25}},"223":{"start":{"line":224,"column":0},"end":{"line":224,"column":9}},"224":{"start":{"line":225,"column":0},"end":{"line":225,"column":0}},"225":{"start":{"line":226,"column":0},"end":{"line":226,"column":21}},"226":{"start":{"line":227,"column":0},"end":{"line":227,"column":7}},"227":{"start":{"line":228,"column":0},"end":{"line":228,"column":5}},"228":{"start":{"line":229,"column":0},"end":{"line":229,"column":0}},"229":{"start":{"line":230,"column":0},"end":{"line":230,"column":37}},"230":{"start":{"line":231,"column":0},"end":{"line":231,"column":3}},"231":{"start":{"line":232,"column":0},"end":{"line":232,"column":0}},"232":{"start":{"line":233,"column":0},"end":{"line":233,"column":60}},"233":{"start":{"line":234,"column":0},"end":{"line":234,"column":25}},"234":{"start":{"line":235,"column":0},"end":{"line":235,"column":82}},"235":{"start":{"line":236,"column":0},"end":{"line":236,"column":5}},"236":{"start":{"line":237,"column":0},"end":{"line":237,"column":0}},"237":{"start":{"line":238,"column":0},"end":{"line":238,"column":33}},"238":{"start":{"line":239,"column":0},"end":{"line":239,"column":38}},"239":{"start":{"line":240,"column":0},"end":{"line":240,"column":0}},"240":{"start":{"line":241,"column":0},"end":{"line":241,"column":9}},"241":{"start":{"line":242,"column":0},"end":{"line":242,"column":42}},"242":{"start":{"line":243,"column":0},"end":{"line":243,"column":28}},"243":{"start":{"line":244,"column":0},"end":{"line":244,"column":14}},"244":{"start":{"line":245,"column":0},"end":{"line":245,"column":43}},"245":{"start":{"line":246,"column":0},"end":{"line":246,"column":7}},"246":{"start":{"line":247,"column":0},"end":{"line":247,"column":0}},"247":{"start":{"line":248,"column":0},"end":{"line":248,"column":39}},"248":{"start":{"line":249,"column":0},"end":{"line":249,"column":22}},"249":{"start":{"line":250,"column":0},"end":{"line":250,"column":22}},"250":{"start":{"line":251,"column":0},"end":{"line":251,"column":21}},"251":{"start":{"line":252,"column":0},"end":{"line":252,"column":15}},"252":{"start":{"line":253,"column":0},"end":{"line":253,"column":36}},"253":{"start":{"line":254,"column":0},"end":{"line":254,"column":36}},"254":{"start":{"line":255,"column":0},"end":{"line":255,"column":5}},"255":{"start":{"line":256,"column":0},"end":{"line":256,"column":3}},"256":{"start":{"line":257,"column":0},"end":{"line":257,"column":0}},"257":{"start":{"line":258,"column":0},"end":{"line":258,"column":18}},"258":{"start":{"line":259,"column":0},"end":{"line":259,"column":25}},"259":{"start":{"line":260,"column":0},"end":{"line":260,"column":82}},"260":{"start":{"line":261,"column":0},"end":{"line":261,"column":5}},"261":{"start":{"line":262,"column":0},"end":{"line":262,"column":0}},"262":{"start":{"line":263,"column":0},"end":{"line":263,"column":33}},"263":{"start":{"line":264,"column":0},"end":{"line":264,"column":38}},"264":{"start":{"line":265,"column":0},"end":{"line":265,"column":0}},"265":{"start":{"line":266,"column":0},"end":{"line":266,"column":9}},"266":{"start":{"line":267,"column":0},"end":{"line":267,"column":69}},"267":{"start":{"line":268,"column":0},"end":{"line":268,"column":49}},"268":{"start":{"line":269,"column":0},"end":{"line":269,"column":42}},"269":{"start":{"line":270,"column":0},"end":{"line":270,"column":8}},"270":{"start":{"line":271,"column":0},"end":{"line":271,"column":42}},"271":{"start":{"line":272,"column":0},"end":{"line":272,"column":0}},"272":{"start":{"line":273,"column":0},"end":{"line":273,"column":39}},"273":{"start":{"line":274,"column":0},"end":{"line":274,"column":21}},"274":{"start":{"line":275,"column":0},"end":{"line":275,"column":21}},"275":{"start":{"line":276,"column":0},"end":{"line":276,"column":15}},"276":{"start":{"line":277,"column":0},"end":{"line":277,"column":36}},"277":{"start":{"line":278,"column":0},"end":{"line":278,"column":36}},"278":{"start":{"line":279,"column":0},"end":{"line":279,"column":5}},"279":{"start":{"line":280,"column":0},"end":{"line":280,"column":3}},"280":{"start":{"line":281,"column":0},"end":{"line":281,"column":0}},"281":{"start":{"line":282,"column":0},"end":{"line":282,"column":13}},"282":{"start":{"line":283,"column":0},"end":{"line":283,"column":60}},"283":{"start":{"line":284,"column":0},"end":{"line":284,"column":52}},"284":{"start":{"line":285,"column":0},"end":{"line":285,"column":17}},"285":{"start":{"line":286,"column":0},"end":{"line":286,"column":25}},"286":{"start":{"line":287,"column":0},"end":{"line":287,"column":21}},"287":{"start":{"line":288,"column":0},"end":{"line":288,"column":5}},"288":{"start":{"line":289,"column":0},"end":{"line":289,"column":0}},"289":{"start":{"line":290,"column":0},"end":{"line":290,"column":60}},"290":{"start":{"line":291,"column":0},"end":{"line":291,"column":37}},"291":{"start":{"line":292,"column":0},"end":{"line":292,"column":5}},"292":{"start":{"line":293,"column":0},"end":{"line":293,"column":0}},"293":{"start":{"line":294,"column":0},"end":{"line":294,"column":76}},"294":{"start":{"line":295,"column":0},"end":{"line":295,"column":0}},"295":{"start":{"line":296,"column":0},"end":{"line":296,"column":29}},"296":{"start":{"line":297,"column":0},"end":{"line":297,"column":42}},"297":{"start":{"line":298,"column":0},"end":{"line":298,"column":5}},"298":{"start":{"line":299,"column":0},"end":{"line":299,"column":0}},"299":{"start":{"line":300,"column":0},"end":{"line":300,"column":22}},"300":{"start":{"line":301,"column":0},"end":{"line":301,"column":3}},"301":{"start":{"line":302,"column":0},"end":{"line":302,"column":0}},"302":{"start":{"line":303,"column":0},"end":{"line":303,"column":12}},"303":{"start":{"line":304,"column":0},"end":{"line":304,"column":65}},"304":{"start":{"line":305,"column":0},"end":{"line":305,"column":52}},"305":{"start":{"line":306,"column":0},"end":{"line":306,"column":17}},"306":{"start":{"line":307,"column":0},"end":{"line":307,"column":25}},"307":{"start":{"line":308,"column":0},"end":{"line":308,"column":21}},"308":{"start":{"line":309,"column":0},"end":{"line":309,"column":5}},"309":{"start":{"line":310,"column":0},"end":{"line":310,"column":0}},"310":{"start":{"line":311,"column":0},"end":{"line":311,"column":68}},"311":{"start":{"line":312,"column":0},"end":{"line":312,"column":0}},"312":{"start":{"line":313,"column":0},"end":{"line":313,"column":29}},"313":{"start":{"line":314,"column":0},"end":{"line":314,"column":42}},"314":{"start":{"line":315,"column":0},"end":{"line":315,"column":5}},"315":{"start":{"line":316,"column":0},"end":{"line":316,"column":0}},"316":{"start":{"line":317,"column":0},"end":{"line":317,"column":22}},"317":{"start":{"line":318,"column":0},"end":{"line":318,"column":3}},"318":{"start":{"line":319,"column":0},"end":{"line":319,"column":0}},"319":{"start":{"line":320,"column":0},"end":{"line":320,"column":58}},"320":{"start":{"line":321,"column":0},"end":{"line":321,"column":68}},"321":{"start":{"line":322,"column":0},"end":{"line":322,"column":3}},"322":{"start":{"line":323,"column":0},"end":{"line":323,"column":0}},"323":{"start":{"line":324,"column":0},"end":{"line":324,"column":20}},"324":{"start":{"line":325,"column":0},"end":{"line":325,"column":30}},"325":{"start":{"line":326,"column":0},"end":{"line":326,"column":0}},"326":{"start":{"line":327,"column":0},"end":{"line":327,"column":25}},"327":{"start":{"line":328,"column":0},"end":{"line":328,"column":48}},"328":{"start":{"line":329,"column":0},"end":{"line":329,"column":27}},"329":{"start":{"line":330,"column":0},"end":{"line":330,"column":30}},"330":{"start":{"line":331,"column":0},"end":{"line":331,"column":37}},"331":{"start":{"line":332,"column":0},"end":{"line":332,"column":3}},"332":{"start":{"line":333,"column":0},"end":{"line":333,"column":0}},"333":{"start":{"line":334,"column":0},"end":{"line":334,"column":39}},"334":{"start":{"line":335,"column":0},"end":{"line":335,"column":26}},"335":{"start":{"line":336,"column":0},"end":{"line":336,"column":28}},"336":{"start":{"line":337,"column":0},"end":{"line":337,"column":5}},"337":{"start":{"line":338,"column":0},"end":{"line":338,"column":0}},"338":{"start":{"line":339,"column":0},"end":{"line":339,"column":48}},"339":{"start":{"line":340,"column":0},"end":{"line":340,"column":0}},"340":{"start":{"line":341,"column":0},"end":{"line":341,"column":47}},"341":{"start":{"line":342,"column":0},"end":{"line":342,"column":24}},"342":{"start":{"line":343,"column":0},"end":{"line":343,"column":22}},"343":{"start":{"line":344,"column":0},"end":{"line":344,"column":22}},"344":{"start":{"line":345,"column":0},"end":{"line":345,"column":6}},"345":{"start":{"line":346,"column":0},"end":{"line":346,"column":0}},"346":{"start":{"line":347,"column":0},"end":{"line":347,"column":50}},"347":{"start":{"line":348,"column":0},"end":{"line":348,"column":45}},"348":{"start":{"line":349,"column":0},"end":{"line":349,"column":47}},"349":{"start":{"line":350,"column":0},"end":{"line":350,"column":25}},"350":{"start":{"line":351,"column":0},"end":{"line":351,"column":27}},"351":{"start":{"line":352,"column":0},"end":{"line":352,"column":8}},"352":{"start":{"line":353,"column":0},"end":{"line":353,"column":6}},"353":{"start":{"line":354,"column":0},"end":{"line":354,"column":0}},"354":{"start":{"line":355,"column":0},"end":{"line":355,"column":49}},"355":{"start":{"line":356,"column":0},"end":{"line":356,"column":45}},"356":{"start":{"line":357,"column":0},"end":{"line":357,"column":66}},"357":{"start":{"line":358,"column":0},"end":{"line":358,"column":25}},"358":{"start":{"line":359,"column":0},"end":{"line":359,"column":27}},"359":{"start":{"line":360,"column":0},"end":{"line":360,"column":8}},"360":{"start":{"line":361,"column":0},"end":{"line":361,"column":6}},"361":{"start":{"line":362,"column":0},"end":{"line":362,"column":0}},"362":{"start":{"line":363,"column":0},"end":{"line":363,"column":49}},"363":{"start":{"line":364,"column":0},"end":{"line":364,"column":45}},"364":{"start":{"line":365,"column":0},"end":{"line":365,"column":45}},"365":{"start":{"line":366,"column":0},"end":{"line":366,"column":24}},"366":{"start":{"line":367,"column":0},"end":{"line":367,"column":25}},"367":{"start":{"line":368,"column":0},"end":{"line":368,"column":27}},"368":{"start":{"line":369,"column":0},"end":{"line":369,"column":8}},"369":{"start":{"line":370,"column":0},"end":{"line":370,"column":6}},"370":{"start":{"line":371,"column":0},"end":{"line":371,"column":0}},"371":{"start":{"line":372,"column":0},"end":{"line":372,"column":45}},"372":{"start":{"line":373,"column":0},"end":{"line":373,"column":45}},"373":{"start":{"line":374,"column":0},"end":{"line":374,"column":53}},"374":{"start":{"line":375,"column":0},"end":{"line":375,"column":51}},"375":{"start":{"line":376,"column":0},"end":{"line":376,"column":45}},"376":{"start":{"line":377,"column":0},"end":{"line":377,"column":0}},"377":{"start":{"line":378,"column":0},"end":{"line":378,"column":31}},"378":{"start":{"line":379,"column":0},"end":{"line":379,"column":20}},"379":{"start":{"line":380,"column":0},"end":{"line":380,"column":3}},"380":{"start":{"line":381,"column":0},"end":{"line":381,"column":0}},"381":{"start":{"line":382,"column":0},"end":{"line":382,"column":29}},"382":{"start":{"line":383,"column":0},"end":{"line":383,"column":25}},"383":{"start":{"line":384,"column":0},"end":{"line":384,"column":3}},"384":{"start":{"line":385,"column":0},"end":{"line":385,"column":0}},"385":{"start":{"line":386,"column":0},"end":{"line":386,"column":35}},"386":{"start":{"line":387,"column":0},"end":{"line":387,"column":33}},"387":{"start":{"line":388,"column":0},"end":{"line":388,"column":3}},"388":{"start":{"line":389,"column":0},"end":{"line":389,"column":1}}},"s":{"0":1,"1":1,"2":1,"3":1,"4":1,"5":1,"6":1,"7":1,"8":1,"9":1,"10":1,"11":1,"12":1,"13":1,"14":1,"15":1,"16":1,"17":1,"18":74,"19":74,"20":74,"21":74,"22":74,"23":74,"24":74,"25":74,"26":74,"27":74,"28":74,"29":74,"30":74,"31":74,"32":74,"33":74,"34":74,"35":74,"36":74,"37":74,"38":74,"39":74,"40":74,"41":74,"42":74,"43":74,"44":74,"45":74,"46":74,"47":74,"48":74,"49":74,"50":74,"51":74,"52":74,"53":74,"54":74,"55":74,"56":74,"57":74,"58":74,"59":74,"60":74,"61":74,"62":74,"63":74,"64":74,"65":74,"66":74,"67":74,"68":74,"69":74,"70":74,"71":308,"72":127,"73":127,"74":127,"75":308,"76":308,"77":74,"78":74,"79":74,"80":74,"81":74,"82":74,"83":153,"84":153,"85":153,"86":35,"87":35,"88":35,"89":153,"90":153,"91":153,"92":74,"93":74,"94":74,"95":74,"96":74,"97":74,"98":74,"99":74,"100":74,"101":74,"102":365,"103":46,"104":46,"105":74,"106":74,"107":74,"108":74,"109":74,"110":74,"111":46,"112":1,"113":1,"114":45,"115":45,"116":45,"117":45,"118":45,"119":45,"120":45,"121":45,"122":45,"123":45,"124":45,"125":45,"126":45,"127":45,"128":45,"129":46,"130":3,"131":3,"132":2,"133":2,"134":2,"135":2,"136":3,"137":3,"138":1,"139":1,"140":1,"141":1,"142":3,"143":3,"144":38,"145":38,"146":38,"147":38,"148":38,"149":46,"150":4,"151":4,"152":4,"153":4,"154":4,"155":46,"156":74,"157":74,"158":45,"159":45,"160":45,"161":45,"162":45,"163":45,"164":45,"165":45,"166":45,"167":45,"168":45,"169":45,"170":74,"171":74,"172":74,"173":74,"174":74,"175":74,"176":149,"177":149,"178":74,"179":44,"180":0,"181":0,"182":44,"183":44,"184":1,"185":1,"186":1,"187":1,"188":1,"189":43,"190":43,"191":43,"192":44,"193":31,"194":31,"195":31,"196":31,"197":31,"198":31,"199":31,"200":43,"201":43,"202":44,"203":74,"204":7,"205":0,"206":0,"207":7,"208":7,"209":1,"210":1,"211":1,"212":1,"213":1,"214":6,"215":6,"216":6,"217":7,"218":0,"219":0,"220":0,"221":0,"222":0,"223":0,"224":6,"225":6,"226":7,"227":74,"228":74,"229":74,"230":74,"231":74,"232":74,"233":6,"234":2,"235":2,"236":4,"237":4,"238":4,"239":4,"240":4,"241":6,"242":1,"243":6,"244":3,"245":3,"246":4,"247":4,"248":4,"249":4,"250":4,"251":4,"252":4,"253":4,"254":4,"255":6,"256":74,"257":74,"258":3,"259":1,"260":1,"261":2,"262":2,"263":2,"264":2,"265":2,"266":2,"267":2,"268":6,"269":2,"270":2,"271":2,"272":2,"273":2,"274":2,"275":2,"276":2,"277":2,"278":2,"279":3,"280":74,"281":74,"282":12,"283":12,"284":12,"285":12,"286":1,"287":1,"288":11,"289":11,"290":6,"291":6,"292":11,"293":11,"294":11,"295":12,"296":10,"297":10,"298":11,"299":11,"300":12,"301":74,"302":74,"303":8,"304":8,"305":8,"306":8,"307":1,"308":1,"309":7,"310":7,"311":7,"312":8,"313":7,"314":7,"315":7,"316":7,"317":8,"318":74,"319":74,"320":10,"321":10,"322":74,"323":74,"324":25,"325":24,"326":24,"327":24,"328":24,"329":24,"330":24,"331":25,"332":74,"333":74,"334":28,"335":1,"336":1,"337":27,"338":27,"339":27,"340":27,"341":27,"342":27,"343":27,"344":27,"345":27,"346":27,"347":49,"348":49,"349":49,"350":49,"351":49,"352":27,"353":27,"354":27,"355":27,"356":27,"357":27,"358":27,"359":27,"360":27,"361":27,"362":27,"363":68,"364":68,"365":68,"366":68,"367":68,"368":68,"369":27,"370":27,"371":27,"372":27,"373":27,"374":27,"375":27,"376":27,"377":27,"378":27,"379":28,"380":74,"381":74,"382":8,"383":8,"384":74,"385":74,"386":1,"387":1,"388":74},"branchMap":{"0":{"type":"branch","line":18,"loc":{"start":{"line":18,"column":7},"end":{"line":389,"column":1}},"locations":[{"start":{"line":18,"column":7},"end":{"line":389,"column":1}}]},"1":{"type":"branch","line":44,"loc":{"start":{"line":44,"column":2},"end":{"line":64,"column":3}},"locations":[{"start":{"line":44,"column":2},"end":{"line":64,"column":3}}]},"2":{"type":"branch","line":57,"loc":{"start":{"line":57,"column":29},"end":{"line":57,"column":48}},"locations":[{"start":{"line":57,"column":29},"end":{"line":57,"column":48}}]},"3":{"type":"branch","line":60,"loc":{"start":{"line":60,"column":29},"end":{"line":60,"column":48}},"locations":[{"start":{"line":60,"column":29},"end":{"line":60,"column":48}}]},"4":{"type":"branch","line":66,"loc":{"start":{"line":66,"column":10},"end":{"line":69,"column":3}},"locations":[{"start":{"line":66,"column":10},"end":{"line":69,"column":3}}]},"5":{"type":"branch","line":71,"loc":{"start":{"line":71,"column":10},"end":{"line":77,"column":3}},"locations":[{"start":{"line":71,"column":10},"end":{"line":77,"column":3}}]},"6":{"type":"branch","line":72,"loc":{"start":{"line":72,"column":8},"end":{"line":72,"column":40}},"locations":[{"start":{"line":72,"column":8},"end":{"line":72,"column":40}}]},"7":{"type":"branch","line":72,"loc":{"start":{"line":72,"column":40},"end":{"line":75,"column":5}},"locations":[{"start":{"line":72,"column":40},"end":{"line":75,"column":5}}]},"8":{"type":"branch","line":74,"loc":{"start":{"line":74,"column":33},"end":{"line":74,"column":67}},"locations":[{"start":{"line":74,"column":33},"end":{"line":74,"column":67}}]},"9":{"type":"branch","line":79,"loc":{"start":{"line":79,"column":10},"end":{"line":96,"column":3}},"locations":[{"start":{"line":79,"column":10},"end":{"line":96,"column":3}}]},"10":{"type":"branch","line":83,"loc":{"start":{"line":83,"column":23},"end":{"line":93,"column":5}},"locations":[{"start":{"line":83,"column":23},"end":{"line":93,"column":5}}]},"11":{"type":"branch","line":86,"loc":{"start":{"line":86,"column":13},"end":{"line":89,"column":10}},"locations":[{"start":{"line":86,"column":13},"end":{"line":89,"column":10}}]},"12":{"type":"branch","line":87,"loc":{"start":{"line":87,"column":29},"end":{"line":87,"column":71}},"locations":[{"start":{"line":87,"column":29},"end":{"line":87,"column":71}}]},"13":{"type":"branch","line":98,"loc":{"start":{"line":98,"column":10},"end":{"line":109,"column":3}},"locations":[{"start":{"line":98,"column":10},"end":{"line":109,"column":3}}]},"14":{"type":"branch","line":102,"loc":{"start":{"line":102,"column":23},"end":{"line":106,"column":5}},"locations":[{"start":{"line":102,"column":23},"end":{"line":106,"column":5}}]},"15":{"type":"branch","line":103,"loc":{"start":{"line":103,"column":27},"end":{"line":105,"column":22}},"locations":[{"start":{"line":103,"column":27},"end":{"line":105,"column":22}}]},"16":{"type":"branch","line":111,"loc":{"start":{"line":111,"column":10},"end":{"line":156,"column":3}},"locations":[{"start":{"line":111,"column":10},"end":{"line":156,"column":3}}]},"17":{"type":"branch","line":112,"loc":{"start":{"line":112,"column":24},"end":{"line":114,"column":5}},"locations":[{"start":{"line":112,"column":24},"end":{"line":114,"column":5}}]},"18":{"type":"branch","line":114,"loc":{"start":{"line":114,"column":4},"end":{"line":130,"column":37}},"locations":[{"start":{"line":114,"column":4},"end":{"line":130,"column":37}}]},"19":{"type":"branch","line":130,"loc":{"start":{"line":130,"column":37},"end":{"line":144,"column":7}},"locations":[{"start":{"line":130,"column":37},"end":{"line":144,"column":7}}]},"20":{"type":"branch","line":144,"loc":{"start":{"line":144,"column":6},"end":{"line":150,"column":13}},"locations":[{"start":{"line":144,"column":6},"end":{"line":150,"column":13}}]},"21":{"type":"branch","line":150,"loc":{"start":{"line":150,"column":4},"end":{"line":155,"column":5}},"locations":[{"start":{"line":150,"column":4},"end":{"line":155,"column":5}}]},"22":{"type":"branch","line":132,"loc":{"start":{"line":132,"column":16},"end":{"line":137,"column":11}},"locations":[{"start":{"line":132,"column":16},"end":{"line":137,"column":11}}]},"23":{"type":"branch","line":138,"loc":{"start":{"line":138,"column":17},"end":{"line":143,"column":11}},"locations":[{"start":{"line":138,"column":17},"end":{"line":143,"column":11}}]},"24":{"type":"branch","line":158,"loc":{"start":{"line":158,"column":10},"end":{"line":170,"column":3}},"locations":[{"start":{"line":158,"column":10},"end":{"line":170,"column":3}}]},"25":{"type":"branch","line":172,"loc":{"start":{"line":172,"column":10},"end":{"line":231,"column":3}},"locations":[{"start":{"line":172,"column":10},"end":{"line":231,"column":3}}]},"26":{"type":"branch","line":176,"loc":{"start":{"line":176,"column":6},"end":{"line":178,"column":8}},"locations":[{"start":{"line":176,"column":6},"end":{"line":178,"column":8}}]},"27":{"type":"branch","line":179,"loc":{"start":{"line":179,"column":6},"end":{"line":203,"column":8}},"locations":[{"start":{"line":179,"column":6},"end":{"line":203,"column":8}}]},"28":{"type":"branch","line":180,"loc":{"start":{"line":180,"column":28},"end":{"line":182,"column":9}},"locations":[{"start":{"line":180,"column":28},"end":{"line":182,"column":9}}]},"29":{"type":"branch","line":184,"loc":{"start":{"line":184,"column":37},"end":{"line":189,"column":9}},"locations":[{"start":{"line":184,"column":37},"end":{"line":189,"column":9}}]},"30":{"type":"branch","line":189,"loc":{"start":{"line":189,"column":8},"end":{"line":193,"column":96}},"locations":[{"start":{"line":189,"column":8},"end":{"line":193,"column":96}}]},"31":{"type":"branch","line":193,"loc":{"start":{"line":193,"column":96},"end":{"line":200,"column":9}},"locations":[{"start":{"line":193,"column":96},"end":{"line":200,"column":9}}]},"32":{"type":"branch","line":200,"loc":{"start":{"line":200,"column":8},"end":{"line":202,"column":21}},"locations":[{"start":{"line":200,"column":8},"end":{"line":202,"column":21}}]},"33":{"type":"branch","line":204,"loc":{"start":{"line":204,"column":6},"end":{"line":227,"column":7}},"locations":[{"start":{"line":204,"column":6},"end":{"line":227,"column":7}}]},"34":{"type":"branch","line":205,"loc":{"start":{"line":205,"column":28},"end":{"line":207,"column":9}},"locations":[{"start":{"line":205,"column":28},"end":{"line":207,"column":9}}]},"35":{"type":"branch","line":209,"loc":{"start":{"line":209,"column":37},"end":{"line":214,"column":9}},"locations":[{"start":{"line":209,"column":37},"end":{"line":214,"column":9}}]},"36":{"type":"branch","line":214,"loc":{"start":{"line":214,"column":8},"end":{"line":218,"column":96}},"locations":[{"start":{"line":214,"column":8},"end":{"line":218,"column":96}}]},"37":{"type":"branch","line":218,"loc":{"start":{"line":218,"column":96},"end":{"line":224,"column":9}},"locations":[{"start":{"line":218,"column":96},"end":{"line":224,"column":9}}]},"38":{"type":"branch","line":224,"loc":{"start":{"line":224,"column":8},"end":{"line":226,"column":21}},"locations":[{"start":{"line":224,"column":8},"end":{"line":226,"column":21}}]},"39":{"type":"branch","line":233,"loc":{"start":{"line":233,"column":2},"end":{"line":256,"column":3}},"locations":[{"start":{"line":233,"column":2},"end":{"line":256,"column":3}}]},"40":{"type":"branch","line":234,"loc":{"start":{"line":234,"column":24},"end":{"line":236,"column":5}},"locations":[{"start":{"line":234,"column":24},"end":{"line":236,"column":5}}]},"41":{"type":"branch","line":236,"loc":{"start":{"line":236,"column":4},"end":{"line":242,"column":41}},"locations":[{"start":{"line":236,"column":4},"end":{"line":242,"column":41}}]},"42":{"type":"branch","line":242,"loc":{"start":{"line":242,"column":41},"end":{"line":244,"column":13}},"locations":[{"start":{"line":242,"column":41},"end":{"line":244,"column":13}}]},"43":{"type":"branch","line":244,"loc":{"start":{"line":244,"column":6},"end":{"line":246,"column":7}},"locations":[{"start":{"line":244,"column":6},"end":{"line":246,"column":7}}]},"44":{"type":"branch","line":246,"loc":{"start":{"line":246,"column":6},"end":{"line":255,"column":5}},"locations":[{"start":{"line":246,"column":6},"end":{"line":255,"column":5}}]},"45":{"type":"branch","line":258,"loc":{"start":{"line":258,"column":2},"end":{"line":280,"column":3}},"locations":[{"start":{"line":258,"column":2},"end":{"line":280,"column":3}}]},"46":{"type":"branch","line":259,"loc":{"start":{"line":259,"column":24},"end":{"line":261,"column":5}},"locations":[{"start":{"line":259,"column":24},"end":{"line":261,"column":5}}]},"47":{"type":"branch","line":261,"loc":{"start":{"line":261,"column":4},"end":{"line":279,"column":5}},"locations":[{"start":{"line":261,"column":4},"end":{"line":279,"column":5}}]},"48":{"type":"branch","line":268,"loc":{"start":{"line":268,"column":39},"end":{"line":270,"column":7}},"locations":[{"start":{"line":268,"column":39},"end":{"line":270,"column":7}}]},"49":{"type":"branch","line":282,"loc":{"start":{"line":282,"column":2},"end":{"line":301,"column":3}},"locations":[{"start":{"line":282,"column":2},"end":{"line":301,"column":3}}]},"50":{"type":"branch","line":286,"loc":{"start":{"line":286,"column":24},"end":{"line":288,"column":5}},"locations":[{"start":{"line":286,"column":24},"end":{"line":288,"column":5}}]},"51":{"type":"branch","line":288,"loc":{"start":{"line":288,"column":4},"end":{"line":296,"column":18}},"locations":[{"start":{"line":288,"column":4},"end":{"line":296,"column":18}}]},"52":{"type":"branch","line":296,"loc":{"start":{"line":296,"column":9},"end":{"line":296,"column":28}},"locations":[{"start":{"line":296,"column":9},"end":{"line":296,"column":28}}]},"53":{"type":"branch","line":296,"loc":{"start":{"line":296,"column":28},"end":{"line":298,"column":5}},"locations":[{"start":{"line":296,"column":28},"end":{"line":298,"column":5}}]},"54":{"type":"branch","line":298,"loc":{"start":{"line":298,"column":4},"end":{"line":300,"column":22}},"locations":[{"start":{"line":298,"column":4},"end":{"line":300,"column":22}}]},"55":{"type":"branch","line":287,"loc":{"start":{"line":287,"column":13},"end":{"line":287,"column":21}},"locations":[{"start":{"line":287,"column":13},"end":{"line":287,"column":21}}]},"56":{"type":"branch","line":290,"loc":{"start":{"line":290,"column":28},"end":{"line":292,"column":5}},"locations":[{"start":{"line":290,"column":28},"end":{"line":292,"column":5}}]},"57":{"type":"branch","line":303,"loc":{"start":{"line":303,"column":2},"end":{"line":318,"column":3}},"locations":[{"start":{"line":303,"column":2},"end":{"line":318,"column":3}}]},"58":{"type":"branch","line":307,"loc":{"start":{"line":307,"column":24},"end":{"line":309,"column":5}},"locations":[{"start":{"line":307,"column":24},"end":{"line":309,"column":5}}]},"59":{"type":"branch","line":309,"loc":{"start":{"line":309,"column":4},"end":{"line":313,"column":18}},"locations":[{"start":{"line":309,"column":4},"end":{"line":313,"column":18}}]},"60":{"type":"branch","line":313,"loc":{"start":{"line":313,"column":9},"end":{"line":313,"column":28}},"locations":[{"start":{"line":313,"column":9},"end":{"line":313,"column":28}}]},"61":{"type":"branch","line":313,"loc":{"start":{"line":313,"column":28},"end":{"line":317,"column":22}},"locations":[{"start":{"line":313,"column":28},"end":{"line":317,"column":22}}]},"62":{"type":"branch","line":308,"loc":{"start":{"line":308,"column":13},"end":{"line":308,"column":21}},"locations":[{"start":{"line":308,"column":13},"end":{"line":308,"column":21}}]},"63":{"type":"branch","line":320,"loc":{"start":{"line":320,"column":2},"end":{"line":322,"column":3}},"locations":[{"start":{"line":320,"column":2},"end":{"line":322,"column":3}}]},"64":{"type":"branch","line":324,"loc":{"start":{"line":324,"column":2},"end":{"line":332,"column":3}},"locations":[{"start":{"line":324,"column":2},"end":{"line":332,"column":3}}]},"65":{"type":"branch","line":325,"loc":{"start":{"line":325,"column":24},"end":{"line":325,"column":30}},"locations":[{"start":{"line":325,"column":24},"end":{"line":325,"column":30}}]},"66":{"type":"branch","line":325,"loc":{"start":{"line":325,"column":24},"end":{"line":331,"column":37}},"locations":[{"start":{"line":325,"column":24},"end":{"line":331,"column":37}}]},"67":{"type":"branch","line":328,"loc":{"start":{"line":328,"column":31},"end":{"line":328,"column":47}},"locations":[{"start":{"line":328,"column":31},"end":{"line":328,"column":47}}]},"68":{"type":"branch","line":334,"loc":{"start":{"line":334,"column":2},"end":{"line":380,"column":3}},"locations":[{"start":{"line":334,"column":2},"end":{"line":380,"column":3}}]},"69":{"type":"branch","line":335,"loc":{"start":{"line":335,"column":25},"end":{"line":337,"column":5}},"locations":[{"start":{"line":335,"column":25},"end":{"line":337,"column":5}}]},"70":{"type":"branch","line":337,"loc":{"start":{"line":337,"column":4},"end":{"line":379,"column":20}},"locations":[{"start":{"line":337,"column":4},"end":{"line":379,"column":20}}]},"71":{"type":"branch","line":347,"loc":{"start":{"line":347,"column":40},"end":{"line":353,"column":5}},"locations":[{"start":{"line":347,"column":40},"end":{"line":353,"column":5}}]},"72":{"type":"branch","line":349,"loc":{"start":{"line":349,"column":13},"end":{"line":349,"column":47}},"locations":[{"start":{"line":349,"column":13},"end":{"line":349,"column":47}}]},"73":{"type":"branch","line":355,"loc":{"start":{"line":355,"column":39},"end":{"line":361,"column":5}},"locations":[{"start":{"line":355,"column":39},"end":{"line":361,"column":5}}]},"74":{"type":"branch","line":357,"loc":{"start":{"line":357,"column":13},"end":{"line":357,"column":66}},"locations":[{"start":{"line":357,"column":13},"end":{"line":357,"column":66}}]},"75":{"type":"branch","line":363,"loc":{"start":{"line":363,"column":39},"end":{"line":370,"column":5}},"locations":[{"start":{"line":363,"column":39},"end":{"line":370,"column":5}}]},"76":{"type":"branch","line":382,"loc":{"start":{"line":382,"column":2},"end":{"line":384,"column":3}},"locations":[{"start":{"line":382,"column":2},"end":{"line":384,"column":3}}]},"77":{"type":"branch","line":386,"loc":{"start":{"line":386,"column":2},"end":{"line":388,"column":3}},"locations":[{"start":{"line":386,"column":2},"end":{"line":388,"column":3}}]}},"b":{"0":[74],"1":[74],"2":[17],"3":[8],"4":[74],"5":[308],"6":[247],"7":[127],"8":[234],"9":[74],"10":[153],"11":[35],"12":[35],"13":[74],"14":[365],"15":[46],"16":[46],"17":[1],"18":[45],"19":[3],"20":[38],"21":[4],"22":[2],"23":[1],"24":[45],"25":[74],"26":[149],"27":[44],"28":[0],"29":[1],"30":[43],"31":[31],"32":[43],"33":[7],"34":[0],"35":[1],"36":[6],"37":[0],"38":[6],"39":[6],"40":[2],"41":[4],"42":[1],"43":[3],"44":[4],"45":[3],"46":[1],"47":[2],"48":[6],"49":[12],"50":[1],"51":[11],"52":[1],"53":[10],"54":[11],"55":[1],"56":[6],"57":[8],"58":[1],"59":[7],"60":[0],"61":[7],"62":[1],"63":[10],"64":[25],"65":[1],"66":[24],"67":[4],"68":[28],"69":[1],"70":[27],"71":[49],"72":[27],"73":[27],"74":[6],"75":[68],"76":[8],"77":[1]},"fnMap":{"0":{"name":"<instance_members_initializer>","decl":{"start":{"line":18,"column":7},"end":{"line":389,"column":1}},"loc":{"start":{"line":18,"column":7},"end":{"line":389,"column":1}},"line":18},"1":{"name":"Store","decl":{"start":{"line":44,"column":2},"end":{"line":64,"column":3}},"loc":{"start":{"line":44,"column":2},"end":{"line":64,"column":3}},"line":44},"2":{"name":"_deepFreezeClone","decl":{"start":{"line":66,"column":10},"end":{"line":69,"column":3}},"loc":{"start":{"line":66,"column":10},"end":{"line":69,"column":3}},"line":66},"3":{"name":"_deepFreeze","decl":{"start":{"line":71,"column":10},"end":{"line":77,"column":3}},"loc":{"start":{"line":71,"column":10},"end":{"line":77,"column":3}},"line":71},"4":{"name":"_createComputedGetters","decl":{"start":{"line":79,"column":10},"end":{"line":96,"column":3}},"loc":{"start":{"line":79,"column":10},"end":{"line":96,"column":3}},"line":79},"5":{"name":"get","decl":{"start":{"line":86,"column":13},"end":{"line":89,"column":10}},"loc":{"start":{"line":86,"column":13},"end":{"line":89,"column":10}},"line":86},"6":{"name":"_createBoundActions","decl":{"start":{"line":98,"column":10},"end":{"line":109,"column":3}},"loc":{"start":{"line":98,"column":10},"end":{"line":109,"column":3}},"line":98},"7":{"name":"boundActions.<computed>","decl":{"start":{"line":103,"column":27},"end":{"line":105,"column":22}},"loc":{"start":{"line":103,"column":27},"end":{"line":105,"column":22}},"line":103},"8":{"name":"_executeAction","decl":{"start":{"line":111,"column":10},"end":{"line":156,"column":3}},"loc":{"start":{"line":111,"column":10},"end":{"line":156,"column":3}},"line":111},"9":{"name":"_createActionContext","decl":{"start":{"line":158,"column":10},"end":{"line":170,"column":3}},"loc":{"start":{"line":158,"column":10},"end":{"line":170,"column":3}},"line":158},"10":{"name":"_setupStateProtection","decl":{"start":{"line":172,"column":10},"end":{"line":231,"column":3}},"loc":{"start":{"line":172,"column":10},"end":{"line":231,"column":3}},"line":172},"11":{"name":"get","decl":{"start":{"line":176,"column":6},"end":{"line":178,"column":8}},"loc":{"start":{"line":176,"column":6},"end":{"line":178,"column":8}},"line":176},"12":{"name":"set","decl":{"start":{"line":179,"column":6},"end":{"line":203,"column":8}},"loc":{"start":{"line":179,"column":6},"end":{"line":203,"column":8}},"line":179},"13":{"name":"deleteProperty","decl":{"start":{"line":204,"column":6},"end":{"line":227,"column":7}},"loc":{"start":{"line":204,"column":6},"end":{"line":227,"column":7}},"line":204},"14":{"name":"$patch","decl":{"start":{"line":233,"column":2},"end":{"line":256,"column":3}},"loc":{"start":{"line":233,"column":2},"end":{"line":256,"column":3}},"line":233},"15":{"name":"$reset","decl":{"start":{"line":258,"column":2},"end":{"line":280,"column":3}},"loc":{"start":{"line":258,"column":2},"end":{"line":280,"column":3}},"line":258},"16":{"name":"$subscribe","decl":{"start":{"line":282,"column":2},"end":{"line":301,"column":3}},"loc":{"start":{"line":282,"column":2},"end":{"line":301,"column":3}},"line":282},"17":{"name":"wrappedCallback","decl":{"start":{"line":290,"column":28},"end":{"line":292,"column":5}},"loc":{"start":{"line":290,"column":28},"end":{"line":292,"column":5}},"line":290},"18":{"name":"$onAction","decl":{"start":{"line":303,"column":2},"end":{"line":318,"column":3}},"loc":{"start":{"line":303,"column":2},"end":{"line":318,"column":3}},"line":303},"19":{"name":"$debug","decl":{"start":{"line":320,"column":2},"end":{"line":322,"column":3}},"loc":{"start":{"line":320,"column":2},"end":{"line":322,"column":3}},"line":320},"20":{"name":"$dispose","decl":{"start":{"line":324,"column":2},"end":{"line":332,"column":3}},"loc":{"start":{"line":324,"column":2},"end":{"line":332,"column":3}},"line":324},"21":{"name":"toPublicAPI","decl":{"start":{"line":334,"column":2},"end":{"line":380,"column":3}},"loc":{"start":{"line":334,"column":2},"end":{"line":380,"column":3}},"line":334},"22":{"name":"get","decl":{"start":{"line":349,"column":13},"end":{"line":349,"column":47}},"loc":{"start":{"line":349,"column":13},"end":{"line":349,"column":47}},"line":349},"23":{"name":"get","decl":{"start":{"line":357,"column":13},"end":{"line":357,"column":66}},"loc":{"start":{"line":357,"column":13},"end":{"line":357,"column":66}},"line":357},"24":{"name":"get isDisposed","decl":{"start":{"line":382,"column":2},"end":{"line":384,"column":3}},"loc":{"start":{"line":382,"column":2},"end":{"line":384,"column":3}},"line":382},"25":{"name":"get actionInProgress","decl":{"start":{"line":386,"column":2},"end":{"line":388,"column":3}},"loc":{"start":{"line":386,"column":2},"end":{"line":388,"column":3}},"line":386}},"f":{"0":74,"1":74,"2":74,"3":308,"4":74,"5":35,"6":74,"7":46,"8":46,"9":45,"10":74,"11":149,"12":44,"13":7,"14":6,"15":3,"16":12,"17":6,"18":8,"19":10,"20":25,"21":28,"22":27,"23":6,"24":8,"25":1}}
}
